<?xml version="1.0" encoding="utf-8"?>
<test-run id="2" testcasecount="260" result="Passed" total="260" passed="260" failed="0" inconclusive="0" skipped="0" asserts="0" engine-version="3.5.0.0" clr-version="4.0.30319.42000" start-time="2026-08-01 13:07:07Z" end-time="2026-08-01 13:07:29Z" duration="22.1230999">
  <test-suite type="TestSuite" id="1000" name="Metro Station 3D Replay" fullname="Metro Station 3D Replay" runstate="Runnable" testcasecount="260" result="Passed" start-time="2026-08-01 13:07:07Z" end-time="2026-08-01 13:07:29Z" duration="22.123100" total="260" passed="260" failed="0" inconclusive="0" skipped="0" asserts="0">
    <properties>
      <property name="platform" value="EditMode" />
    </properties>
    <test-suite type="Assembly" id="1059" name="MetroReplay.Tests.EditMode.dll" fullname="D:/metro/.codex_tmp/station_unity_replay_verify/Library/ScriptAssemblies/MetroReplay.Tests.EditMode.dll" runstate="Runnable" testcasecount="42" result="Passed" start-time="2026-08-01 13:07:07Z" end-time="2026-08-01 13:07:13Z" duration="5.194024" total="42" passed="42" failed="0" inconclusive="0" skipped="0" asserts="0">
      <properties>
        <property name="_PID" value="50424" />
        <property name="_APPDOMAIN" value="Unity Child Domain" />
        <property name="platform" value="EditMode" />
        <property name="EditorOnly" value="True" />
      </properties>
      <test-suite type="TestSuite" id="1060" name="MetroReplay" fullname="MetroReplay" runstate="Runnable" testcasecount="42" result="Passed" start-time="2026-08-01 13:07:07Z" end-time="2026-08-01 13:07:13Z" duration="5.193696" total="42" passed="42" failed="0" inconclusive="0" skipped="0" asserts="0">
        <properties />
        <test-suite type="TestSuite" id="1061" name="Tests" fullname="MetroReplay.Tests" runstate="Runnable" testcasecount="42" result="Passed" start-time="2026-08-01 13:07:07Z" end-time="2026-08-01 13:07:13Z" duration="5.193489" total="42" passed="42" failed="0" inconclusive="0" skipped="0" asserts="0">
          <properties />
          <test-suite type="TestFixture" id="1001" name="B1HeroImportedAssetTests" fullname="MetroReplay.Tests.B1HeroImportedAssetTests" classname="MetroReplay.Tests.B1HeroImportedAssetTests" runstate="Runnable" testcasecount="3" result="Passed" start-time="2026-08-01 13:07:07Z" end-time="2026-08-01 13:07:07Z" duration="0.150600" total="3" passed="3" failed="0" inconclusive="0" skipped="0" asserts="0">
            <properties />
            <test-case id="1004" name="B1FacilitiesIncludeOneCuratedGenWorldCampaignLightbox" fullname="MetroReplay.Tests.B1HeroImportedAssetTests.B1FacilitiesIncludeOneCuratedGenWorldCampaignLightbox" methodname="B1FacilitiesIncludeOneCuratedGenWorldCampaignLightbox" classname="MetroReplay.Tests.B1HeroImportedAssetTests" runstate="Runnable" seed="1802165948" result="Passed" start-time="2026-08-01 13:07:07Z" end-time="2026-08-01 13:07:07Z" duration="0.121004" asserts="0">
              <properties>
                <property name="retryIteration" value="0" />
                <property name="repeatIteration" value="0" />
              </properties>
            </test-case>
            <test-case id="1003" name="ImportedHeroLayerBuildsWithoutSimulationColliders" fullname="MetroReplay.Tests.B1HeroImportedAssetTests.ImportedHeroLayerBuildsWithoutSimulationColliders" methodname="ImportedHeroLayerBuildsWithoutSimulationColliders" classname="MetroReplay.Tests.B1HeroImportedAssetTests" runstate="Runnable" seed="1173064933" result="Passed" start-time="2026-08-01 13:07:07Z" end-time="2026-08-01 13:07:07Z" duration="0.018498" asserts="0">
              <properties>
                <property name="retryIteration" value="0" />
                <property name="repeatIteration" value="0" />
              </properties>
            </test-case>
            <test-case id="1002" name="PackagesSelectedPrototypeModelsAndProvenance" fullname="MetroReplay.Tests.B1HeroImportedAssetTests.PackagesSelectedPrototypeModelsAndProvenance" methodname="PackagesSelectedPrototypeModelsAndProvenance" classname="MetroReplay.Tests.B1HeroImportedAssetTests" runstate="Runnable" seed="1373222884" result="Passed" start-time="2026-08-01 13:07:07Z" end-time="2026-08-01 13:07:07Z" duration="0.002964" asserts="0">
              <properties>
                <property name="retryIteration" value="0" />
                <property name="repeatIteration" value="0" />
              </properties>
            </test-case>
          </test-suite>
          <test-suite type="TestFixture" id="1005" name="BrandIntroAssetTests" fullname="MetroReplay.Tests.BrandIntroAssetTests" classname="MetroReplay.Tests.BrandIntroAssetTests" runstate="Runnable" testcasecount="2" result="Passed" start-time="2026-08-01 13:07:07Z" end-time="2026-08-01 13:07:08Z" duration="0.015373" total="2" passed="2" failed="0" inconclusive="0" skipped="0" asserts="0">
            <properties />
            <test-case id="1006" name="CoinMeshSeparatesEdgeFrontAndBackMaterials" fullname="MetroReplay.Tests.BrandIntroAssetTests.CoinMeshSeparatesEdgeFrontAndBackMaterials" methodname="CoinMeshSeparatesEdgeFrontAndBackMaterials" classname="MetroReplay.Tests.BrandIntroAssetTests" runstate="Runnable" seed="1218685543" result="Passed" start-time="2026-08-01 13:07:08Z" end-time="2026-08-01 13:07:08Z" duration="0.008124" asserts="0">
              <properties>
                <property name="retryIteration" value="0" />
                <property name="repeatIteration" value="0" />
              </properties>
            </test-case>
            <test-case id="1007" name="PerseusFaceTextureIsPackagedAsRuntimeResource" fullname="MetroReplay.Tests.BrandIntroAssetTests.PerseusFaceTextureIsPackagedAsRuntimeResource" methodname="PerseusFaceTextureIsPackagedAsRuntimeResource" classname="MetroReplay.Tests.BrandIntroAssetTests" runstate="Runnable" seed="2054472562" result="Passed" start-time="2026-08-01 13:07:08Z" end-time="2026-08-01 13:07:08Z" duration="0.000572" asserts="0">
              <properties>
                <property name="retryIteration" value="0" />
                <property name="repeatIteration" value="0" />
              </properties>
            </test-case>
          </test-suite>
          <test-suite type="TestFixture" id="1008" name="HdrpStationLookTests" fullname="MetroReplay.Tests.HdrpStationLookTests" classname="MetroReplay.Tests.HdrpStationLookTests" runstate="Runnable" testcasecount="2" result="Passed" start-time="2026-08-01 13:07:08Z" end-time="2026-08-01 13:07:08Z" duration="0.063956" total="2" passed="2" failed="0" inconclusive="0" skipped="0" asserts="0">
            <properties />
            <test-case id="1009" name="EnablesContactShadowsOnHdrpLight" fullname="MetroReplay.Tests.HdrpStationLookTests.EnablesContactShadowsOnHdrpLight" methodname="EnablesContactShadowsOnHdrpLight" classname="MetroReplay.Tests.HdrpStationLookTests" runstate="Runnable" seed="418728730" result="Passed" start-time="2026-08-01 13:07:08Z" end-time="2026-08-01 13:07:08Z" duration="0.043696" asserts="0">
              <properties>
                <property name="retryIteration" value="0" />
                <property name="repeatIteration" value="0" />
              </properties>
            </test-case>
            <test-case id="1010" name="RuntimeVolumeEnablesContactShadowPass" fullname="MetroReplay.Tests.HdrpStationLookTests.RuntimeVolumeEnablesContactShadowPass" methodname="RuntimeVolumeEnablesContactShadowPass" classname="MetroReplay.Tests.HdrpStationLookTests" runstate="Runnable" seed="846938254" result="Passed" start-time="2026-08-01 13:07:08Z" end-time="2026-08-01 13:07:08Z" duration="0.019432" asserts="0">
              <properties>
                <property name="retryIteration" value="0" />
                <property name="repeatIteration" value="0" />
              </properties>
            </test-case>
          </test-suite>
          <test-suite type="TestFixture" id="1011" name="PassengerAppearancePaletteTests" fullname="MetroReplay.Tests.PassengerAppearancePaletteTests" classname="MetroReplay.Tests.PassengerAppearancePaletteTests" runstate="Runnable" testcasecount="2" result="Passed" start-time="2026-08-01 13:07:08Z" end-time="2026-08-01 13:07:08Z" duration="0.003482" total="2" passed="2" failed="0" inconclusive="0" skipped="0" asserts="0">
            <properties />
            <test-case id="1012" name="BaseSelectionIsDeterministicAndInRange" fullname="MetroReplay.Tests.PassengerAppearancePaletteTests.BaseSelectionIsDeterministicAndInRange" methodname="BaseSelectionIsDeterministicAndInRange" classname="MetroReplay.Tests.PassengerAppearancePaletteTests" runstate="Runnable" seed="257968417" result="Passed" start-time="2026-08-01 13:07:08Z" end-time="2026-08-01 13:07:08Z" duration="0.002016" asserts="0">
              <properties>
                <property name="retryIteration" value="0" />
                <property name="repeatIteration" value="0" />
              </properties>
            </test-case>
            <test-case id="1013" name="PaletteExposesRequiredVariation" fullname="MetroReplay.Tests.PassengerAppearancePaletteTests.PaletteExposesRequiredVariation" methodname="PaletteExposesRequiredVariation" classname="MetroReplay.Tests.PassengerAppearancePaletteTests" runstate="Runnable" seed="118933841" result="Passed" start-time="2026-08-01 13:07:08Z" end-time="2026-08-01 13:07:08Z" duration="0.000282" asserts="0">
              <properties>
                <property name="retryIteration" value="0" />
                <property name="repeatIteration" value="0" />
              </properties>
            </test-case>
          </test-suite>
          <test-suite type="TestFixture" id="1014" name="PassengerSkinAtlasTests" fullname="MetroReplay.Tests.PassengerSkinAtlasTests" classname="MetroReplay.Tests.PassengerSkinAtlasTests" runstate="Runnable" testcasecount="6" result="Passed" start-time="2026-08-01 13:07:08Z" end-time="2026-08-01 13:07:08Z" duration="0.002723" total="6" passed="6" failed="0" inconclusive="0" skipped="0" asserts="0">
            <properties />
            <test-suite type="ParameterizedMethod" id="1020" name="MapsEachVariantToOneAtlasQuadrant" fullname="MetroReplay.Tests.PassengerSkinAtlasTests.MapsEachVariantToOneAtlasQuadrant" classname="MetroReplay.Tests.PassengerSkinAtlasTests" runstate="Runnable" testcasecount="4" result="Passed" start-time="2026-08-01 13:07:08Z" end-time="2026-08-01 13:07:08Z" duration="0.000923" total="4" passed="4" failed="0" inconclusive="0" skipped="0" asserts="0">
              <properties />
              <test-case id="1016" name="MapsEachVariantToOneAtlasQuadrant(0,0.0f,0.0f)" fullname="MetroReplay.Tests.PassengerSkinAtlasTests.MapsEachVariantToOneAtlasQuadrant(0,0.0f,0.0f)" methodname="MapsEachVariantToOneAtlasQuadrant" classname="MetroReplay.Tests.PassengerSkinAtlasTests" runstate="Runnable" seed="57754715" result="Passed" start-time="2026-08-01 13:07:08Z" end-time="2026-08-01 13:07:08Z" duration="0.000426" asserts="0">
                <properties>
                  <property name="retryIteration" value="0" />
                  <property name="repeatIteration" value="0" />
                </properties>
              </test-case>
              <test-case id="1017" name="MapsEachVariantToOneAtlasQuadrant(1,0.5f,0.0f)" fullname="MetroReplay.Tests.PassengerSkinAtlasTests.MapsEachVariantToOneAtlasQuadrant(1,0.5f,0.0f)" methodname="MapsEachVariantToOneAtlasQuadrant" classname="MetroReplay.Tests.PassengerSkinAtlasTests" runstate="Runnable" seed="685728425" result="Passed" start-time="2026-08-01 13:07:08Z" end-time="2026-08-01 13:07:08Z" duration="0.000068" asserts="0">
                <properties>
                  <property name="retryIteration" value="0" />
                  <property name="repeatIteration" value="0" />
                </properties>
              </test-case>
              <test-case id="1018" name="MapsEachVariantToOneAtlasQuadrant(2,0.0f,0.5f)" fullname="MetroReplay.Tests.PassengerSkinAtlasTests.MapsEachVariantToOneAtlasQuadrant(2,0.0f,0.5f)" methodname="MapsEachVariantToOneAtlasQuadrant" classname="MetroReplay.Tests.PassengerSkinAtlasTests" runstate="Runnable" seed="354283302" result="Passed" start-time="2026-08-01 13:07:08Z" end-time="2026-08-01 13:07:08Z" duration="0.000027" asserts="0">
                <properties>
                  <property name="retryIteration" value="0" />
                  <property name="repeatIteration" value="0" />
                </properties>
              </test-case>
              <test-case id="1019" name="MapsEachVariantToOneAtlasQuadrant(3,0.5f,0.5f)" fullname="MetroReplay.Tests.PassengerSkinAtlasTests.MapsEachVariantToOneAtlasQuadrant(3,0.5f,0.5f)" methodname="MapsEachVariantToOneAtlasQuadrant" classname="MetroReplay.Tests.PassengerSkinAtlasTests" runstate="Runnable" seed="1710997334" result="Passed" start-time="2026-08-01 13:07:08Z" end-time="2026-08-01 13:07:08Z" duration="0.000023" asserts="0">
                <properties>
                  <property name="retryIteration" value="0" />
                  <property name="repeatIteration" value="0" />
                </properties>
              </test-case>
            </test-suite>
            <test-case id="1015" name="PackagesGeneratedCommuterAtlas" fullname="MetroReplay.Tests.PassengerSkinAtlasTests.PackagesGeneratedCommuterAtlas" methodname="PackagesGeneratedCommuterAtlas" classname="MetroReplay.Tests.PassengerSkinAtlasTests" runstate="Runnable" seed="635289658" result="Passed" start-time="2026-08-01 13:07:08Z" end-time="2026-08-01 13:07:08Z" duration="0.000621" asserts="0">
              <properties>
                <property name="retryIteration" value="0" />
                <property name="repeatIteration" value="0" />
              </properties>
            </test-case>
            <test-case id="1021" name="SelectsSkinDeterministicallyFromPassengerId" fullname="MetroReplay.Tests.PassengerSkinAtlasTests.SelectsSkinDeterministicallyFromPassengerId" methodname="SelectsSkinDeterministicallyFromPassengerId" classname="MetroReplay.Tests.PassengerSkinAtlasTests" runstate="Runnable" seed="720670640" result="Passed" start-time="2026-08-01 13:07:08Z" end-time="2026-08-01 13:07:08Z" duration="0.000543" asserts="0">
              <properties>
                <property name="retryIteration" value="0" />
                <property name="repeatIteration" value="0" />
              </properties>
            </test-case>
          </test-suite>
          <test-suite type="TestFixture" id="1022" name="PlatformPresentationLayerTests" fullname="MetroReplay.Tests.PlatformPresentationLayerTests" classname="MetroReplay.Tests.PlatformPresentationLayerTests" runstate="Runnable" testcasecount="2" result="Passed" start-time="2026-08-01 13:07:08Z" end-time="2026-08-01 13:07:08Z" duration="0.057026" total="2" passed="2" failed="0" inconclusive="0" skipped="0" asserts="0">
            <properties />
            <test-case id="1023" name="BuildsClosedLevelSlabsVisibleFromAboveAndBelow" fullname="MetroReplay.Tests.PlatformPresentationLayerTests.BuildsClosedLevelSlabsVisibleFromAboveAndBelow" methodname="BuildsClosedLevelSlabsVisibleFromAboveAndBelow" classname="MetroReplay.Tests.PlatformPresentationLayerTests" runstate="Runnable" seed="1958307787" result="Passed" start-time="2026-08-01 13:07:08Z" end-time="2026-08-01 13:07:08Z" duration="0.027424" asserts="0">
              <properties>
                <property name="retryIteration" value="0" />
                <property name="repeatIteration" value="0" />
              </properties>
            </test-case>
            <test-case id="1024" name="BuildsSixAlignedAnimatedScreenDoorModulesWithoutColliders" fullname="MetroReplay.Tests.PlatformPresentationLayerTests.BuildsSixAlignedAnimatedScreenDoorModulesWithoutColliders" methodname="BuildsSixAlignedAnimatedScreenDoorModulesWithoutColliders" classname="MetroReplay.Tests.PlatformPresentationLayerTests" runstate="Runnable" seed="1927693270" result="Passed" start-time="2026-08-01 13:07:08Z" end-time="2026-08-01 13:07:08Z" duration="0.029014" asserts="0">
              <properties>
                <property name="retryIteration" value="0" />
                <property name="repeatIteration" value="0" />
              </properties>
            </test-case>
          </test-suite>
          <test-suite type="TestFixture" id="1025" name="ReplayClockTests" fullname="MetroReplay.Tests.ReplayClockTests" classname="MetroReplay.Tests.ReplayClockTests" runstate="Runnable" testcasecount="1" result="Passed" start-time="2026-08-01 13:07:08Z" end-time="2026-08-01 13:07:08Z" duration="0.002238" total="1" passed="1" failed="0" inconclusive="0" skipped="0" asserts="0">
            <properties />
            <test-case id="1026" name="SupportsPlayPauseSpeedAndRandomSeek" fullname="MetroReplay.Tests.ReplayClockTests.SupportsPlayPauseSpeedAndRandomSeek" methodname="SupportsPlayPauseSpeedAndRandomSeek" classname="MetroReplay.Tests.ReplayClockTests" runstate="Runnable" seed="283018627" result="Passed" start-time="2026-08-01 13:07:08Z" end-time="2026-08-01 13:07:08Z" duration="0.000438" asserts="0">
              <properties>
                <property name="retryIteration" value="0" />
                <property name="repeatIteration" value="0" />
              </properties>
            </test-case>
          </test-suite>
          <test-suite type="TestFixture" id="1027" name="ReplayContractReaderTests" fullname="MetroReplay.Tests.ReplayContractReaderTests" classname="MetroReplay.Tests.ReplayContractReaderTests" runstate="Runnable" testcasecount="6" result="Passed" start-time="2026-08-01 13:07:08Z" end-time="2026-08-01 13:07:08Z" duration="0.016338" total="6" passed="6" failed="0" inconclusive="0" skipped="0" asserts="0">
            <properties />
            <test-case id="1029" name="ReadsAuthoritativeTrainSnapshots" fullname="MetroReplay.Tests.ReplayContractReaderTests.ReadsAuthoritativeTrainSnapshots" methodname="ReadsAuthoritativeTrainSnapshots" classname="MetroReplay.Tests.ReplayContractReaderTests" runstate="Runnable" seed="2024175275" result="Passed" start-time="2026-08-01 13:07:08Z" end-time="2026-08-01 13:07:08Z" duration="0.001555" asserts="0">
              <properties>
                <property name="retryIteration" value="0" />
                <property name="repeatIteration" value="0" />
              </properties>
            </test-case>
            <test-case id="1030" name="ReadsCompleteClearanceEvidenceAndEmptyFinalFrame" fullname="MetroReplay.Tests.ReplayContractReaderTests.ReadsCompleteClearanceEvidenceAndEmptyFinalFrame" methodname="ReadsCompleteClearanceEvidenceAndEmptyFinalFrame" classname="MetroReplay.Tests.ReplayContractReaderTests" runstate="Runnable" seed="155509580" result="Passed" start-time="2026-08-01 13:07:08Z" end-time="2026-08-01 13:07:08Z" duration="0.006980" asserts="0">
              <properties>
                <property name="retryIteration" value="0" />
                <property name="repeatIteration" value="0" />
              </properties>
            </test-case>
            <test-case id="1028" name="ReadsTwoLevelReplayContract" fullname="MetroReplay.Tests.ReplayContractReaderTests.ReadsTwoLevelReplayContract" methodname="ReadsTwoLevelReplayContract" classname="MetroReplay.Tests.ReplayContractReaderTests" runstate="Runnable" seed="1604042035" result="Passed" start-time="2026-08-01 13:07:08Z" end-time="2026-08-01 13:07:08Z" duration="0.001272" asserts="0">
              <properties>
                <property name="retryIteration" value="0" />
                <property name="repeatIteration" value="0" />
              </properties>
            </test-case>
            <test-case id="1031" name="RejectsClearedAuditWhenFinalFrameStillContainsPassengers" fullname="MetroReplay.Tests.ReplayContractReaderTests.RejectsClearedAuditWhenFinalFrameStillContainsPassengers" methodname="RejectsClearedAuditWhenFinalFrameStillContainsPassengers" classname="MetroReplay.Tests.ReplayContractReaderTests" runstate="Runnable" seed="1382646125" result="Passed" start-time="2026-08-01 13:07:08Z" end-time="2026-08-01 13:07:08Z" duration="0.003214" asserts="0">
              <properties>
                <property name="retryIteration" value="0" />
                <property name="repeatIteration" value="0" />
              </properties>
            </test-case>
            <test-case id="1032" name="RejectsUnknownEntityLevelReference" fullname="MetroReplay.Tests.ReplayContractReaderTests.RejectsUnknownEntityLevelReference" methodname="RejectsUnknownEntityLevelReference" classname="MetroReplay.Tests.ReplayContractReaderTests" runstate="Runnable" seed="551280371" result="Passed" start-time="2026-08-01 13:07:08Z" end-time="2026-08-01 13:07:08Z" duration="0.001204" asserts="0">
              <properties>
                <property name="retryIteration" value="0" />
                <property name="repeatIteration" value="0" />
              </properties>
            </test-case>
            <test-case id="1033" name="RejectsUnsupportedSchemaBeforeBuildingScene" fullname="MetroReplay.Tests.ReplayContractReaderTests.RejectsUnsupportedSchemaBeforeBuildingScene" methodname="RejectsUnsupportedSchemaBeforeBuildingScene" classname="MetroReplay.Tests.ReplayContractReaderTests" runstate="Runnable" seed="1768706823" result="Passed" start-time="2026-08-01 13:07:08Z" end-time="2026-08-01 13:07:08Z" duration="0.000844" asserts="0">
              <properties>
                <property name="retryIteration" value="0" />
                <property name="repeatIteration" value="0" />
              </properties>
            </test-case>
          </test-suite>
          <test-suite type="TestFixture" id="1034" name="ReplaySamplerTests" fullname="MetroReplay.Tests.ReplaySamplerTests" classname="MetroReplay.Tests.ReplaySamplerTests" runstate="Runnable" testcasecount="8" result="Passed" start-time="2026-08-01 13:07:08Z" end-time="2026-08-01 13:07:08Z" duration="0.025592" total="8" passed="8" failed="0" inconclusive="0" skipped="0" asserts="0">
            <properties />
            <test-case id="1037" name="KeepsCapsuleFallbackBottomOnFootPosition" fullname="MetroReplay.Tests.ReplaySamplerTests.KeepsCapsuleFallbackBottomOnFootPosition" methodname="KeepsCapsuleFallbackBottomOnFootPosition" classname="MetroReplay.Tests.ReplaySamplerTests" runstate="Runnable" seed="988418372" result="Passed" start-time="2026-08-01 13:07:08Z" end-time="2026-08-01 13:07:08Z" duration="0.007803" asserts="0">
              <properties>
                <property name="retryIteration" value="0" />
                <property name="repeatIteration" value="0" />
              </properties>
            </test-case>
            <test-case id="1036" name="PlacesWalkingPassengerFeetOnWalkableSurface" fullname="MetroReplay.Tests.ReplaySamplerTests.PlacesWalkingPassengerFeetOnWalkableSurface" methodname="PlacesWalkingPassengerFeetOnWalkableSurface" classname="MetroReplay.Tests.ReplaySamplerTests" runstate="Runnable" seed="155879515" result="Passed" start-time="2026-08-01 13:07:08Z" end-time="2026-08-01 13:07:08Z" duration="0.003461" asserts="0">
              <properties>
                <property name="retryIteration" value="0" />
                <property name="repeatIteration" value="0" />
              </properties>
            </test-case>
            <test-case id="1035" name="ReconstructsElevatorTravelAtAnySeekTime" fullname="MetroReplay.Tests.ReplaySamplerTests.ReconstructsElevatorTravelAtAnySeekTime" methodname="ReconstructsElevatorTravelAtAnySeekTime" classname="MetroReplay.Tests.ReplaySamplerTests" runstate="Runnable" seed="929065306" result="Passed" start-time="2026-08-01 13:07:08Z" end-time="2026-08-01 13:07:08Z" duration="0.001881" asserts="0">
              <properties>
                <property name="retryIteration" value="0" />
                <property name="repeatIteration" value="0" />
              </properties>
            </test-case>
            <test-case id="1038" name="SamplesThreeHundredPassengersWithoutDuplicateIds" fullname="MetroReplay.Tests.ReplaySamplerTests.SamplesThreeHundredPassengersWithoutDuplicateIds" methodname="SamplesThreeHundredPassengersWithoutDuplicateIds" classname="MetroReplay.Tests.ReplaySamplerTests" runstate="Runnable" seed="1839042863" result="Passed" start-time="2026-08-01 13:07:08Z" end-time="2026-08-01 13:07:08Z" duration="0.009812" asserts="0">
              <properties>
                <property name="retryIteration" value="0" />
                <property name="repeatIteration" value="0" />
              </properties>
            </test-case>
            <test-suite type="ParameterizedMethod" id="1043" name="SelectsExistingQuaterniusAnimation" fullname="MetroReplay.Tests.ReplaySamplerTests.SelectsExistingQuaterniusAnimation" classname="MetroReplay.Tests.ReplaySamplerTests" runstate="Runnable" testcasecount="4" result="Passed" start-time="2026-08-01 13:07:08Z" end-time="2026-08-01 13:07:08Z" duration="0.001012" total="4" passed="4" failed="0" inconclusive="0" skipped="0" asserts="0">
              <properties />
              <test-case id="1039" name="SelectsExistingQuaterniusAnimation(&quot;queueing_exit_gate&quot;,False,&quot;Idle_Loop&quot;)" fullname="MetroReplay.Tests.ReplaySamplerTests.SelectsExistingQuaterniusAnimation(&quot;queueing_exit_gate&quot;,False,&quot;Idle_Loop&quot;)" methodname="SelectsExistingQuaterniusAnimation" classname="MetroReplay.Tests.ReplaySamplerTests" runstate="Runnable" seed="1569487370" result="Passed" start-time="2026-08-01 13:07:08Z" end-time="2026-08-01 13:07:08Z" duration="0.000291" asserts="0">
                <properties>
                  <property name="retryIteration" value="0" />
                  <property name="repeatIteration" value="0" />
                </properties>
              </test-case>
              <test-case id="1040" name="SelectsExistingQuaterniusAnimation(&quot;running&quot;,False,&quot;Jog_Fwd_Loop&quot;)" fullname="MetroReplay.Tests.ReplaySamplerTests.SelectsExistingQuaterniusAnimation(&quot;running&quot;,False,&quot;Jog_Fwd_Loop&quot;)" methodname="SelectsExistingQuaterniusAnimation" classname="MetroReplay.Tests.ReplaySamplerTests" runstate="Runnable" seed="1154146862" result="Passed" start-time="2026-08-01 13:07:08Z" end-time="2026-08-01 13:07:08Z" duration="0.000057" asserts="0">
                <properties>
                  <property name="retryIteration" value="0" />
                  <property name="repeatIteration" value="0" />
                </properties>
              </test-case>
              <test-case id="1041" name="SelectsExistingQuaterniusAnimation(&quot;walking_to_vertical&quot;,False,&quot;Walk_Loop&quot;)" fullname="MetroReplay.Tests.ReplaySamplerTests.SelectsExistingQuaterniusAnimation(&quot;walking_to_vertical&quot;,False,&quot;Walk_Loop&quot;)" methodname="SelectsExistingQuaterniusAnimation" classname="MetroReplay.Tests.ReplaySamplerTests" runstate="Runnable" seed="1862748059" result="Passed" start-time="2026-08-01 13:07:08Z" end-time="2026-08-01 13:07:08Z" duration="0.000026" asserts="0">
                <properties>
                  <property name="retryIteration" value="0" />
                  <property name="repeatIteration" value="0" />
                </properties>
              </test-case>
              <test-case id="1042" name="SelectsExistingQuaterniusAnimation(&quot;riding_vertical&quot;,True,&quot;Walk_Loop&quot;)" fullname="MetroReplay.Tests.ReplaySamplerTests.SelectsExistingQuaterniusAnimation(&quot;riding_vertical&quot;,True,&quot;Walk_Loop&quot;)" methodname="SelectsExistingQuaterniusAnimation" classname="MetroReplay.Tests.ReplaySamplerTests" runstate="Runnable" seed="1685483051" result="Passed" start-time="2026-08-01 13:07:08Z" end-time="2026-08-01 13:07:08Z" duration="0.000023" asserts="0">
                <properties>
                  <property name="retryIteration" value="0" />
                  <property name="repeatIteration" value="0" />
                </properties>
              </test-case>
            </test-suite>
          </test-suite>
          <test-suite type="TestFixture" id="1044" name="ReplayStartupDefaultsTests" fullname="MetroReplay.Tests.ReplayStartupDefaultsTests" classname="MetroReplay.Tests.ReplayStartupDefaultsTests" runstate="Runnable" testcasecount="3" result="Passed" start-time="2026-08-01 13:07:08Z" end-time="2026-08-01 13:07:12Z" duration="4.794795" total="3" passed="3" failed="0" inconclusive="0" skipped="0" asserts="0">
            <properties />
            <test-case id="1045" name="DoubleClickDefaultsToThreeHundredPassengerClearance" fullname="MetroReplay.Tests.ReplayStartupDefaultsTests.DoubleClickDefaultsToThreeHundredPassengerClearance" methodname="DoubleClickDefaultsToThreeHundredPassengerClearance" classname="MetroReplay.Tests.ReplayStartupDefaultsTests" runstate="Runnable" seed="332284716" result="Passed" start-time="2026-08-01 13:07:08Z" end-time="2026-08-01 13:07:08Z" duration="0.000901" asserts="0">
              <properties>
                <property name="retryIteration" value="0" />
                <property name="repeatIteration" value="0" />
              </properties>
            </test-case>
            <test-case id="1046" name="ExplicitPresentationArgumentsOverrideClearanceDefaults" fullname="MetroReplay.Tests.ReplayStartupDefaultsTests.ExplicitPresentationArgumentsOverrideClearanceDefaults" methodname="ExplicitPresentationArgumentsOverrideClearanceDefaults" classname="MetroReplay.Tests.ReplayStartupDefaultsTests" runstate="Runnable" seed="977918620" result="Passed" start-time="2026-08-01 13:07:08Z" end-time="2026-08-01 13:07:08Z" duration="0.000265" asserts="0">
              <properties>
                <property name="retryIteration" value="0" />
                <property name="repeatIteration" value="0" />
              </properties>
            </test-case>
            <test-case id="1047" name="PackagedReplayIsCompleteThreeHundredPassengerClearance" fullname="MetroReplay.Tests.ReplayStartupDefaultsTests.PackagedReplayIsCompleteThreeHundredPassengerClearance" methodname="PackagedReplayIsCompleteThreeHundredPassengerClearance" classname="MetroReplay.Tests.ReplayStartupDefaultsTests" runstate="Runnable" seed="1146656742" result="Passed" start-time="2026-08-01 13:07:08Z" end-time="2026-08-01 13:07:12Z" duration="4.793008" asserts="0">
              <properties>
                <property name="retryIteration" value="0" />
                <property name="repeatIteration" value="0" />
              </properties>
            </test-case>
          </test-suite>
          <test-suite type="TestFixture" id="1048" name="RocketboxPassengerAssetTests" fullname="MetroReplay.Tests.RocketboxPassengerAssetTests" classname="MetroReplay.Tests.RocketboxPassengerAssetTests" runstate="Runnable" testcasecount="3" result="Passed" start-time="2026-08-01 13:07:12Z" end-time="2026-08-01 13:07:13Z" duration="0.049742" total="3" passed="3" failed="0" inconclusive="0" skipped="0" asserts="0">
            <properties />
            <test-case id="1049" name="GeneratedLibraryContainsEightThreeLevelLodPrefabs" fullname="MetroReplay.Tests.RocketboxPassengerAssetTests.GeneratedLibraryContainsEightThreeLevelLodPrefabs" methodname="GeneratedLibraryContainsEightThreeLevelLodPrefabs" classname="MetroReplay.Tests.RocketboxPassengerAssetTests" runstate="Runnable" seed="1331872009" result="Passed" start-time="2026-08-01 13:07:12Z" end-time="2026-08-01 13:07:13Z" duration="0.037223" asserts="0">
              <properties>
                <property name="retryIteration" value="0" />
                <property name="repeatIteration" value="0" />
              </properties>
            </test-case>
            <test-case id="1050" name="LodMeshesActuallyReduceVertexCount" fullname="MetroReplay.Tests.RocketboxPassengerAssetTests.LodMeshesActuallyReduceVertexCount" methodname="LodMeshesActuallyReduceVertexCount" classname="MetroReplay.Tests.RocketboxPassengerAssetTests" runstate="Runnable" seed="504031758" result="Passed" start-time="2026-08-01 13:07:13Z" end-time="2026-08-01 13:07:13Z" duration="0.002199" asserts="0">
              <properties>
                <property name="retryIteration" value="0" />
                <property name="repeatIteration" value="0" />
              </properties>
            </test-case>
            <test-case id="1051" name="RuntimePoolPlacesRocketboxFeetOnFootPosition" fullname="MetroReplay.Tests.RocketboxPassengerAssetTests.RuntimePoolPlacesRocketboxFeetOnFootPosition" methodname="RuntimePoolPlacesRocketboxFeetOnFootPosition" classname="MetroReplay.Tests.RocketboxPassengerAssetTests" runstate="Runnable" seed="1376843119" result="Passed" start-time="2026-08-01 13:07:13Z" end-time="2026-08-01 13:07:13Z" duration="0.008938" asserts="0">
              <properties>
                <property name="retryIteration" value="0" />
                <property name="repeatIteration" value="0" />
              </properties>
            </test-case>
          </test-suite>
          <test-suite type="TestFixture" id="1052" name="StationDecorationAssetTests" fullname="MetroReplay.Tests.StationDecorationAssetTests" classname="MetroReplay.Tests.StationDecorationAssetTests" runstate="Runnable" testcasecount="1" result="Passed" start-time="2026-08-01 13:07:13Z" end-time="2026-08-01 13:07:13Z" duration="0.001375" total="1" passed="1" failed="0" inconclusive="0" skipped="0" asserts="0">
            <properties />
            <test-case id="1053" name="PackagesCc0DecorationModelsAndProvenance" fullname="MetroReplay.Tests.StationDecorationAssetTests.PackagesCc0DecorationModelsAndProvenance" methodname="PackagesCc0DecorationModelsAndProvenance" classname="MetroReplay.Tests.StationDecorationAssetTests" runstate="Runnable" seed="376521668" result="Passed" start-time="2026-08-01 13:07:13Z" end-time="2026-08-01 13:07:13Z" duration="0.000535" asserts="0">
              <properties>
                <property name="retryIteration" value="0" />
                <property name="repeatIteration" value="0" />
              </properties>
            </test-case>
          </test-suite>
          <test-suite type="TestFixture" id="1054" name="StationRoomShellTests" fullname="MetroReplay.Tests.StationRoomShellTests" classname="MetroReplay.Tests.StationRoomShellTests" runstate="Runnable" testcasecount="1" result="Passed" start-time="2026-08-01 13:07:13Z" end-time="2026-08-01 13:07:13Z" duration="0.005287" total="1" passed="1" failed="0" inconclusive="0" skipped="0" asserts="0">
            <properties />
            <test-case id="1055" name="BuildsRoomBlockAsThinWallShellWithDoorAndCutawayRoof" fullname="MetroReplay.Tests.StationRoomShellTests.BuildsRoomBlockAsThinWallShellWithDoorAndCutawayRoof" methodname="BuildsRoomBlockAsThinWallShellWithDoorAndCutawayRoof" classname="MetroReplay.Tests.StationRoomShellTests" runstate="Runnable" seed="2091739156" result="Passed" start-time="2026-08-01 13:07:13Z" end-time="2026-08-01 13:07:13Z" duration="0.004376" asserts="0">
              <properties>
                <property name="retryIteration" value="0" />
                <property name="repeatIteration" value="0" />
              </properties>
            </test-case>
          </test-suite>
          <test-suite type="TestFixture" id="1056" name="TrainReplaySamplerTests" fullname="MetroReplay.Tests.TrainReplaySamplerTests" classname="MetroReplay.Tests.TrainReplaySamplerTests" runstate="Runnable" testcasecount="2" result="Passed" start-time="2026-08-01 13:07:13Z" end-time="2026-08-01 13:07:13Z" duration="0.003546" total="2" passed="2" failed="0" inconclusive="0" skipped="0" asserts="0">
            <properties />
            <test-case id="1058" name="RandomSeekReturnsTheSameVisualSample" fullname="MetroReplay.Tests.TrainReplaySamplerTests.RandomSeekReturnsTheSameVisualSample" methodname="RandomSeekReturnsTheSameVisualSample" classname="MetroReplay.Tests.TrainReplaySamplerTests" runstate="Runnable" seed="2144918833" result="Passed" start-time="2026-08-01 13:07:13Z" end-time="2026-08-01 13:07:13Z" duration="0.002259" asserts="0">
              <properties>
                <property name="retryIteration" value="0" />
                <property name="repeatIteration" value="0" />
              </properties>
            </test-case>
            <test-case id="1057" name="SamplesApproachDwellDoorsAndDepartureFromSnapshots" fullname="MetroReplay.Tests.TrainReplaySamplerTests.SamplesApproachDwellDoorsAndDepartureFromSnapshots" methodname="SamplesApproachDwellDoorsAndDepartureFromSnapshots" classname="MetroReplay.Tests.TrainReplaySamplerTests" runstate="Runnable" seed="1880852318" result="Passed" start-time="2026-08-01 13:07:13Z" end-time="2026-08-01 13:07:13Z" duration="0.000563" asserts="0">
              <properties>
                <property name="retryIteration" value="0" />
                <property name="repeatIteration" value="0" />
              </properties>
            </test-case>
          </test-suite>
        </test-suite>
      </test-suite>
    </test-suite>
    <test-suite type="Assembly" id="1320" name="UnitySkills.Tests.Editor.dll" fullname="D:/metro/.codex_tmp/station_unity_replay_verify/Library/ScriptAssemblies/UnitySkills.Tests.Editor.dll" runstate="Runnable" testcasecount="218" result="Passed" start-time="2026-08-01 13:07:13Z" end-time="2026-08-01 13:07:29Z" duration="16.924006" total="218" passed="218" failed="0" inconclusive="0" skipped="0" asserts="0">
      <properties>
        <property name="_PID" value="50424" />
        <property name="_APPDOMAIN" value="Unity Child Domain" />
        <property name="platform" value="EditMode" />
        <property name="EditorOnly" value="True" />
      </properties>
      <test-suite type="TestSuite" id="1321" name="UnitySkills" fullname="UnitySkills" runstate="Runnable" testcasecount="218" result="Passed" start-time="2026-08-01 13:07:13Z" end-time="2026-08-01 13:07:29Z" duration="16.923716" total="218" passed="218" failed="0" inconclusive="0" skipped="0" asserts="0">
        <properties />
        <test-suite type="TestSuite" id="1322" name="Tests" fullname="UnitySkills.Tests" runstate="Runnable" testcasecount="218" result="Passed" start-time="2026-08-01 13:07:13Z" end-time="2026-08-01 13:07:29Z" duration="16.923549" total="218" passed="218" failed="0" inconclusive="0" skipped="0" asserts="0">
          <properties />
          <test-suite type="TestSuite" id="1323" name="Core" fullname="UnitySkills.Tests.Core" runstate="Runnable" testcasecount="218" result="Passed" start-time="2026-08-01 13:07:13Z" end-time="2026-08-01 13:07:29Z" duration="16.922966" total="218" passed="218" failed="0" inconclusive="0" skipped="0" asserts="0">
            <properties />
            <test-suite type="TestFixture" id="1071" name="BatchExecutorTests" fullname="UnitySkills.Tests.Core.BatchExecutorTests" classname="UnitySkills.Tests.Core.BatchExecutorTests" runstate="Runnable" testcasecount="4" result="Passed" start-time="2026-08-01 13:07:13Z" end-time="2026-08-01 13:07:13Z" duration="0.027872" total="4" passed="4" failed="0" inconclusive="0" skipped="0" asserts="0">
              <properties />
              <test-case id="1073" name="Execute_EmptyItemsArray_ReturnsError" fullname="UnitySkills.Tests.Core.BatchExecutorTests.Execute_EmptyItemsArray_ReturnsError" methodname="Execute_EmptyItemsArray_ReturnsError" classname="UnitySkills.Tests.Core.BatchExecutorTests" runstate="Runnable" seed="417788016" result="Passed" start-time="2026-08-01 13:07:13Z" end-time="2026-08-01 13:07:13Z" duration="0.009755" asserts="0">
                <properties>
                  <property name="retryIteration" value="0" />
                  <property name="repeatIteration" value="0" />
                </properties>
              </test-case>
              <test-case id="1075" name="Execute_MalformedItemsJson_ReturnsParseError" fullname="UnitySkills.Tests.Core.BatchExecutorTests.Execute_MalformedItemsJson_ReturnsParseError" methodname="Execute_MalformedItemsJson_ReturnsParseError" classname="UnitySkills.Tests.Core.BatchExecutorTests" runstate="Runnable" seed="1764929346" result="Passed" start-time="2026-08-01 13:07:13Z" end-time="2026-08-01 13:07:13Z" duration="0.002020" asserts="0">
                <properties>
                  <property name="retryIteration" value="0" />
                  <property name="repeatIteration" value="0" />
                </properties>
              </test-case>
              <test-case id="1074" name="Execute_NullItemsJson_ReturnsError" fullname="UnitySkills.Tests.Core.BatchExecutorTests.Execute_NullItemsJson_ReturnsError" methodname="Execute_NullItemsJson_ReturnsError" classname="UnitySkills.Tests.Core.BatchExecutorTests" runstate="Runnable" seed="1925492678" result="Passed" start-time="2026-08-01 13:07:13Z" end-time="2026-08-01 13:07:13Z" duration="0.000260" asserts="0">
                <properties>
                  <property name="retryIteration" value="0" />
                  <property name="repeatIteration" value="0" />
                </properties>
              </test-case>
              <test-case id="1072" name="Execute_ProcessorThrowsForOneItem_BecomesFailedResult_OthersStillSucceed" fullname="UnitySkills.Tests.Core.BatchExecutorTests.Execute_ProcessorThrowsForOneItem_BecomesFailedResult_OthersStillSucceed" methodname="Execute_ProcessorThrowsForOneItem_BecomesFailedResult_OthersStillSucceed" classname="UnitySkills.Tests.Core.BatchExecutorTests" runstate="Runnable" seed="309627193" result="Passed" start-time="2026-08-01 13:07:13Z" end-time="2026-08-01 13:07:13Z" duration="0.015012" asserts="0">
                <properties>
                  <property name="retryIteration" value="0" />
                  <property name="repeatIteration" value="0" />
                </properties>
              </test-case>
            </test-suite>
            <test-suite type="TestFixture" id="1076" name="BatchGovernanceTests" fullname="UnitySkills.Tests.Core.BatchGovernanceTests" classname="UnitySkills.Tests.Core.BatchGovernanceTests" runstate="Runnable" testcasecount="11" result="Passed" start-time="2026-08-01 13:07:13Z" end-time="2026-08-01 13:07:13Z" duration="0.296395" total="11" passed="11" failed="0" inconclusive="0" skipped="0" asserts="0">
              <properties />
              <test-case id="1080" name="BatchCleanupTempObjects_AsyncJobCompletes" fullname="UnitySkills.Tests.Core.BatchGovernanceTests.BatchCleanupTempObjects_AsyncJobCompletes" methodname="BatchCleanupTempObjects_AsyncJobCompletes" classname="UnitySkills.Tests.Core.BatchGovernanceTests" runstate="Runnable" seed="202499131" result="Passed" start-time="2026-08-01 13:07:13Z" end-time="2026-08-01 13:07:13Z" duration="0.114414" asserts="0">
                <properties>
                  <property name="retryIteration" value="0" />
                  <property name="repeatIteration" value="0" />
                </properties>
                <output><![CDATA[<color=#E091FF>[UnitySkills]</color> Session started: <b>3bba1ed2-bd59-43fa-9cf8-61407d484d93</b>
<color=#E091FF>[UnitySkills]</color> Session ended: <b>3bba1ed2-bd59-43fa-9cf8-61407d484d93</b>
]]></output>
              </test-case>
              <test-case id="1078" name="BatchPreviewRename_ThenExecuteSync_RenamesObjectsAndCreatesReport" fullname="UnitySkills.Tests.Core.BatchGovernanceTests.BatchPreviewRename_ThenExecuteSync_RenamesObjectsAndCreatesReport" methodname="BatchPreviewRename_ThenExecuteSync_RenamesObjectsAndCreatesReport" classname="UnitySkills.Tests.Core.BatchGovernanceTests" runstate="Runnable" seed="612895683" result="Passed" start-time="2026-08-01 13:07:13Z" end-time="2026-08-01 13:07:13Z" duration="0.024138" asserts="0">
                <properties>
                  <property name="retryIteration" value="0" />
                  <property name="repeatIteration" value="0" />
                </properties>
                <output><![CDATA[<color=#E091FF>[UnitySkills]</color> Session started: <b>574a91bc-ebb7-4a0f-90d0-f05900afc06c</b>
<color=#E091FF>[UnitySkills]</color> Session ended: <b>574a91bc-ebb7-4a0f-90d0-f05900afc06c</b>
]]></output>
              </test-case>
              <test-case id="1079" name="BatchPreviewSetProperty_WhenAlreadyAtTargetValue_ReturnsSkip" fullname="UnitySkills.Tests.Core.BatchGovernanceTests.BatchPreviewSetProperty_WhenAlreadyAtTargetValue_ReturnsSkip" methodname="BatchPreviewSetProperty_WhenAlreadyAtTargetValue_ReturnsSkip" classname="UnitySkills.Tests.Core.BatchGovernanceTests" runstate="Runnable" seed="1148736840" result="Passed" start-time="2026-08-01 13:07:13Z" end-time="2026-08-01 13:07:13Z" duration="0.013518" asserts="0">
                <properties>
                  <property name="retryIteration" value="0" />
                  <property name="repeatIteration" value="0" />
                </properties>
              </test-case>
              <test-case id="1083" name="BatchQueryAssets_FiltersByTypeAndFolder" fullname="UnitySkills.Tests.Core.BatchGovernanceTests.BatchQueryAssets_FiltersByTypeAndFolder" methodname="BatchQueryAssets_FiltersByTypeAndFolder" classname="UnitySkills.Tests.Core.BatchGovernanceTests" runstate="Runnable" seed="1696717413" result="Passed" start-time="2026-08-01 13:07:13Z" end-time="2026-08-01 13:07:13Z" duration="0.014402" asserts="0">
                <properties>
                  <property name="retryIteration" value="0" />
                  <property name="repeatIteration" value="0" />
                </properties>
              </test-case>
              <test-case id="1082" name="BatchQueryGameObjects_FiltersByIsStatic" fullname="UnitySkills.Tests.Core.BatchGovernanceTests.BatchQueryGameObjects_FiltersByIsStatic" methodname="BatchQueryGameObjects_FiltersByIsStatic" classname="UnitySkills.Tests.Core.BatchGovernanceTests" runstate="Runnable" seed="1779028418" result="Passed" start-time="2026-08-01 13:07:13Z" end-time="2026-08-01 13:07:13Z" duration="0.013777" asserts="0">
                <properties>
                  <property name="retryIteration" value="0" />
                  <property name="repeatIteration" value="0" />
                </properties>
              </test-case>
              <test-case id="1077" name="BatchQueryGameObjects_FiltersByName" fullname="UnitySkills.Tests.Core.BatchGovernanceTests.BatchQueryGameObjects_FiltersByName" methodname="BatchQueryGameObjects_FiltersByName" classname="UnitySkills.Tests.Core.BatchGovernanceTests" runstate="Runnable" seed="1352133858" result="Passed" start-time="2026-08-01 13:07:13Z" end-time="2026-08-01 13:07:13Z" duration="0.008415" asserts="0">
                <properties>
                  <property name="retryIteration" value="0" />
                  <property name="repeatIteration" value="0" />
                </properties>
              </test-case>
              <test-case id="1081" name="BatchQueryGameObjects_FiltersByNamePattern_Regex" fullname="UnitySkills.Tests.Core.BatchGovernanceTests.BatchQueryGameObjects_FiltersByNamePattern_Regex" methodname="BatchQueryGameObjects_FiltersByNamePattern_Regex" classname="UnitySkills.Tests.Core.BatchGovernanceTests" runstate="Runnable" seed="379952593" result="Passed" start-time="2026-08-01 13:07:13Z" end-time="2026-08-01 13:07:13Z" duration="0.009659" asserts="0">
                <properties>
                  <property name="retryIteration" value="0" />
                  <property name="repeatIteration" value="0" />
                </properties>
              </test-case>
              <test-case id="1085" name="BatchRetryFailed_ReplaysStoredOperationContext" fullname="UnitySkills.Tests.Core.BatchGovernanceTests.BatchRetryFailed_ReplaysStoredOperationContext" methodname="BatchRetryFailed_ReplaysStoredOperationContext" classname="UnitySkills.Tests.Core.BatchGovernanceTests" runstate="Runnable" seed="1937869828" result="Passed" start-time="2026-08-01 13:07:13Z" end-time="2026-08-01 13:07:13Z" duration="0.018467" asserts="0">
                <properties>
                  <property name="retryIteration" value="0" />
                  <property name="repeatIteration" value="0" />
                </properties>
                <output><![CDATA[<color=#E091FF>[UnitySkills]</color> Session started: <b>6268d9ca-bee0-42a2-8ff6-cd4b3467061d</b>
<color=#E091FF>[UnitySkills]</color> Session ended: <b>6268d9ca-bee0-42a2-8ff6-cd4b3467061d</b>
]]></output>
              </test-case>
              <test-case id="1084" name="BatchRetryFailed_WithNoFailedItems_ReturnsZeroCount" fullname="UnitySkills.Tests.Core.BatchGovernanceTests.BatchRetryFailed_WithNoFailedItems_ReturnsZeroCount" methodname="BatchRetryFailed_WithNoFailedItems_ReturnsZeroCount" classname="UnitySkills.Tests.Core.BatchGovernanceTests" runstate="Runnable" seed="504455369" result="Passed" start-time="2026-08-01 13:07:13Z" end-time="2026-08-01 13:07:13Z" duration="0.016103" asserts="0">
                <properties>
                  <property name="retryIteration" value="0" />
                  <property name="repeatIteration" value="0" />
                </properties>
                <output><![CDATA[<color=#E091FF>[UnitySkills]</color> Session started: <b>45c4b95e-ee69-41d8-a21f-27ae8fe7efe1</b>
<color=#E091FF>[UnitySkills]</color> Session ended: <b>45c4b95e-ee69-41d8-a21f-27ae8fe7efe1</b>
]]></output>
              </test-case>
              <test-case id="1086" name="TestSmokeSkills_ForTestCategory_ReturnsAggregateSummary" fullname="UnitySkills.Tests.Core.BatchGovernanceTests.TestSmokeSkills_ForTestCategory_ReturnsAggregateSummary" methodname="TestSmokeSkills_ForTestCategory_ReturnsAggregateSummary" classname="UnitySkills.Tests.Core.BatchGovernanceTests" runstate="Runnable" seed="1127892411" result="Passed" start-time="2026-08-01 13:07:13Z" end-time="2026-08-01 13:07:13Z" duration="0.051588" asserts="0">
                <properties>
                  <property name="retryIteration" value="0" />
                  <property name="repeatIteration" value="0" />
                </properties>
                <output><![CDATA[[UnitySkills] Discovered 776 skills
]]></output>
              </test-case>
              <test-case id="1087" name="TestSmokeSkills_SkipsKnownMissingPackageInsteadOfReportingFailure" fullname="UnitySkills.Tests.Core.BatchGovernanceTests.TestSmokeSkills_SkipsKnownMissingPackageInsteadOfReportingFailure" methodname="TestSmokeSkills_SkipsKnownMissingPackageInsteadOfReportingFailure" classname="UnitySkills.Tests.Core.BatchGovernanceTests" runstate="Runnable" seed="1149738824" result="Passed" start-time="2026-08-01 13:07:13Z" end-time="2026-08-01 13:07:13Z" duration="0.009925" asserts="0">
                <properties>
                  <property name="retryIteration" value="0" />
                  <property name="repeatIteration" value="0" />
                </properties>
              </test-case>
            </test-suite>
            <test-suite type="TestFixture" id="1088" name="CinemachineSkillsTests" fullname="UnitySkills.Tests.Core.CinemachineSkillsTests" classname="UnitySkills.Tests.Core.CinemachineSkillsTests" runstate="Runnable" testcasecount="1" result="Passed" start-time="2026-08-01 13:07:13Z" end-time="2026-08-01 13:07:13Z" duration="0.006877" total="1" passed="1" failed="0" inconclusive="0" skipped="0" asserts="0">
              <properties />
              <test-case id="1089" name="CinemachineNotInstalled_Skip" fullname="UnitySkills.Tests.Core.CinemachineSkillsTests.CinemachineNotInstalled_Skip" methodname="CinemachineNotInstalled_Skip" classname="UnitySkills.Tests.Core.CinemachineSkillsTests" runstate="Runnable" seed="2027860864" result="Passed" start-time="2026-08-01 13:07:13Z" end-time="2026-08-01 13:07:13Z" duration="0.001952" asserts="0">
                <properties>
                  <property name="retryIteration" value="0" />
                  <property name="repeatIteration" value="0" />
                </properties>
                <reason>
                  <message><![CDATA[Cinemachine 未安装，跳过相关测试。]]></message>
                </reason>
              </test-case>
            </test-suite>
            <test-suite type="TestFixture" id="1090" name="DeepInspectorSkillTests" fullname="UnitySkills.Tests.Core.DeepInspectorSkillTests" classname="UnitySkills.Tests.Core.DeepInspectorSkillTests" runstate="Runnable" testcasecount="4" result="Passed" start-time="2026-08-01 13:07:13Z" end-time="2026-08-01 13:07:15Z" duration="1.922170" total="4" passed="4" failed="0" inconclusive="0" skipped="0" asserts="0">
              <properties />
              <test-case id="1093" name="ComponentCopyExact_CopiesAndVerifiesSerializedFields" fullname="UnitySkills.Tests.Core.DeepInspectorSkillTests.ComponentCopyExact_CopiesAndVerifiesSerializedFields" methodname="ComponentCopyExact_CopiesAndVerifiesSerializedFields" classname="UnitySkills.Tests.Core.DeepInspectorSkillTests" runstate="Runnable" seed="481250062" result="Passed" start-time="2026-08-01 13:07:13Z" end-time="2026-08-01 13:07:14Z" duration="0.984431" asserts="0">
                <properties>
                  <property name="retryIteration" value="0" />
                  <property name="repeatIteration" value="0" />
                </properties>
              </test-case>
              <test-case id="1092" name="ComponentSetSerializedProperty_SetsInspectorVisibleFieldsAndReferences" fullname="UnitySkills.Tests.Core.DeepInspectorSkillTests.ComponentSetSerializedProperty_SetsInspectorVisibleFieldsAndReferences" methodname="ComponentSetSerializedProperty_SetsInspectorVisibleFieldsAndReferences" classname="UnitySkills.Tests.Core.DeepInspectorSkillTests" runstate="Runnable" seed="1080063139" result="Passed" start-time="2026-08-01 13:07:14Z" end-time="2026-08-01 13:07:14Z" duration="0.623945" asserts="0">
                <properties>
                  <property name="retryIteration" value="0" />
                  <property name="repeatIteration" value="0" />
                </properties>
              </test-case>
              <test-case id="1094" name="EventSetListener_ReplacesButtonOnClickPersistentListener" fullname="UnitySkills.Tests.Core.DeepInspectorSkillTests.EventSetListener_ReplacesButtonOnClickPersistentListener" methodname="EventSetListener_ReplacesButtonOnClickPersistentListener" classname="UnitySkills.Tests.Core.DeepInspectorSkillTests" runstate="Runnable" seed="192731919" result="Passed" start-time="2026-08-01 13:07:14Z" end-time="2026-08-01 13:07:15Z" duration="0.157426" asserts="0">
                <properties>
                  <property name="retryIteration" value="0" />
                  <property name="repeatIteration" value="0" />
                </properties>
              </test-case>
              <test-case id="1091" name="UISetRectTransform_CoversAnchorsOffsetsAndLocalTransform" fullname="UnitySkills.Tests.Core.DeepInspectorSkillTests.UISetRectTransform_CoversAnchorsOffsetsAndLocalTransform" methodname="UISetRectTransform_CoversAnchorsOffsetsAndLocalTransform" classname="UnitySkills.Tests.Core.DeepInspectorSkillTests" runstate="Runnable" seed="797088652" result="Passed" start-time="2026-08-01 13:07:15Z" end-time="2026-08-01 13:07:15Z" duration="0.155462" asserts="0">
                <properties>
                  <property name="retryIteration" value="0" />
                  <property name="repeatIteration" value="0" />
                </properties>
              </test-case>
            </test-suite>
            <test-suite type="TestFixture" id="1095" name="EditorChangeTrackerTests" fullname="UnitySkills.Tests.Core.EditorChangeTrackerTests" classname="UnitySkills.Tests.Core.EditorChangeTrackerTests" runstate="Runnable" testcasecount="6" result="Passed" start-time="2026-08-01 13:07:15Z" end-time="2026-08-01 13:07:15Z" duration="0.259169" total="6" passed="6" failed="0" inconclusive="0" skipped="0" asserts="0">
              <properties />
              <test-case id="1099" name="Journal_ReloadsFromDiskAcrossDomainStyleReset" fullname="UnitySkills.Tests.Core.EditorChangeTrackerTests.Journal_ReloadsFromDiskAcrossDomainStyleReset" methodname="Journal_ReloadsFromDiskAcrossDomainStyleReset" classname="UnitySkills.Tests.Core.EditorChangeTrackerTests" runstate="Runnable" seed="1228452095" result="Passed" start-time="2026-08-01 13:07:15Z" end-time="2026-08-01 13:07:15Z" duration="0.011103" asserts="0">
                <properties>
                  <property name="retryIteration" value="0" />
                  <property name="repeatIteration" value="0" />
                </properties>
              </test-case>
              <test-case id="1097" name="ReadChanges_FiltersTypeAndSource" fullname="UnitySkills.Tests.Core.EditorChangeTrackerTests.ReadChanges_FiltersTypeAndSource" methodname="ReadChanges_FiltersTypeAndSource" classname="UnitySkills.Tests.Core.EditorChangeTrackerTests" runstate="Runnable" seed="486015965" result="Passed" start-time="2026-08-01 13:07:15Z" end-time="2026-08-01 13:07:15Z" duration="0.003361" asserts="0">
                <properties>
                  <property name="retryIteration" value="0" />
                  <property name="repeatIteration" value="0" />
                </properties>
              </test-case>
              <test-case id="1098" name="ReadChanges_LimitKeepsNewestAndReportsTruncation" fullname="UnitySkills.Tests.Core.EditorChangeTrackerTests.ReadChanges_LimitKeepsNewestAndReportsTruncation" methodname="ReadChanges_LimitKeepsNewestAndReportsTruncation" classname="UnitySkills.Tests.Core.EditorChangeTrackerTests" runstate="Runnable" seed="1710440667" result="Passed" start-time="2026-08-01 13:07:15Z" end-time="2026-08-01 13:07:15Z" duration="0.004857" asserts="0">
                <properties>
                  <property name="retryIteration" value="0" />
                  <property name="repeatIteration" value="0" />
                </properties>
              </test-case>
              <test-case id="1101" name="ReadChanges_RejectsUnknownFilters" fullname="UnitySkills.Tests.Core.EditorChangeTrackerTests.ReadChanges_RejectsUnknownFilters" methodname="ReadChanges_RejectsUnknownFilters" classname="UnitySkills.Tests.Core.EditorChangeTrackerTests" runstate="Runnable" seed="369990185" result="Passed" start-time="2026-08-01 13:07:15Z" end-time="2026-08-01 13:07:15Z" duration="0.000554" asserts="0">
                <properties>
                  <property name="retryIteration" value="0" />
                  <property name="repeatIteration" value="0" />
                </properties>
              </test-case>
              <test-case id="1100" name="ReadChanges_ReportsDroppedWhenRetentionWasExceeded" fullname="UnitySkills.Tests.Core.EditorChangeTrackerTests.ReadChanges_ReportsDroppedWhenRetentionWasExceeded" methodname="ReadChanges_ReportsDroppedWhenRetentionWasExceeded" classname="UnitySkills.Tests.Core.EditorChangeTrackerTests" runstate="Runnable" seed="367002492" result="Passed" start-time="2026-08-01 13:07:15Z" end-time="2026-08-01 13:07:15Z" duration="0.233059" asserts="0">
                <properties>
                  <property name="retryIteration" value="0" />
                  <property name="repeatIteration" value="0" />
                </properties>
              </test-case>
              <test-case id="1096" name="ReadChanges_ReturnsHistoryAndCursor" fullname="UnitySkills.Tests.Core.EditorChangeTrackerTests.ReadChanges_ReturnsHistoryAndCursor" methodname="ReadChanges_ReturnsHistoryAndCursor" classname="UnitySkills.Tests.Core.EditorChangeTrackerTests" runstate="Runnable" seed="1504559956" result="Passed" start-time="2026-08-01 13:07:15Z" end-time="2026-08-01 13:07:15Z" duration="0.001812" asserts="0">
                <properties>
                  <property name="retryIteration" value="0" />
                  <property name="repeatIteration" value="0" />
                </properties>
              </test-case>
            </test-suite>
            <test-suite type="TestFixture" id="1102" name="EditorUndoRedoTests" fullname="UnitySkills.Tests.Core.EditorUndoRedoTests" classname="UnitySkills.Tests.Core.EditorUndoRedoTests" runstate="Runnable" testcasecount="1" result="Passed" start-time="2026-08-01 13:07:15Z" end-time="2026-08-01 13:07:15Z" duration="0.035727" total="1" passed="1" failed="0" inconclusive="0" skipped="0" asserts="0">
              <properties />
              <test-case id="1103" name="EditorUndoRedo_RestoresLatestSkillMutation" fullname="UnitySkills.Tests.Core.EditorUndoRedoTests.EditorUndoRedo_RestoresLatestSkillMutation" methodname="EditorUndoRedo_RestoresLatestSkillMutation" classname="UnitySkills.Tests.Core.EditorUndoRedoTests" runstate="Runnable" seed="384394011" result="Passed" start-time="2026-08-01 13:07:15Z" end-time="2026-08-01 13:07:15Z" duration="0.035019" asserts="0">
                <properties>
                  <property name="retryIteration" value="0" />
                  <property name="repeatIteration" value="0" />
                </properties>
              </test-case>
            </test-suite>
            <test-suite type="TestFixture" id="1104" name="NewCapabilitiesTests" fullname="UnitySkills.Tests.Core.NewCapabilitiesTests" classname="UnitySkills.Tests.Core.NewCapabilitiesTests" runstate="Runnable" testcasecount="30" result="Passed" start-time="2026-08-01 13:07:15Z" end-time="2026-08-01 13:07:16Z" duration="0.655444" total="30" passed="30" failed="0" inconclusive="0" skipped="0" asserts="0">
              <properties />
              <test-case id="1124" name="BatchDiff_CreateThenModify_ReportsOnlyFinalAddedObject" fullname="UnitySkills.Tests.Core.NewCapabilitiesTests.BatchDiff_CreateThenModify_ReportsOnlyFinalAddedObject" methodname="BatchDiff_CreateThenModify_ReportsOnlyFinalAddedObject" classname="UnitySkills.Tests.Core.NewCapabilitiesTests" runstate="Runnable" seed="2117306947" result="Passed" start-time="2026-08-01 13:07:15Z" end-time="2026-08-01 13:07:15Z" duration="0.032005" asserts="0">
                <properties>
                  <property name="retryIteration" value="0" />
                  <property name="repeatIteration" value="0" />
                </properties>
              </test-case>
              <test-case id="1127" name="BatchDiff_DeleteExistingObject_ReportsRemoved" fullname="UnitySkills.Tests.Core.NewCapabilitiesTests.BatchDiff_DeleteExistingObject_ReportsRemoved" methodname="BatchDiff_DeleteExistingObject_ReportsRemoved" classname="UnitySkills.Tests.Core.NewCapabilitiesTests" runstate="Runnable" seed="614513402" result="Passed" start-time="2026-08-01 13:07:15Z" end-time="2026-08-01 13:07:15Z" duration="0.017520" asserts="0">
                <properties>
                  <property name="retryIteration" value="0" />
                  <property name="repeatIteration" value="0" />
                </properties>
              </test-case>
              <test-case id="1125" name="BatchDiff_ExistingObjectMultipleSteps_ReportsFinalNetChangeOnce" fullname="UnitySkills.Tests.Core.NewCapabilitiesTests.BatchDiff_ExistingObjectMultipleSteps_ReportsFinalNetChangeOnce" methodname="BatchDiff_ExistingObjectMultipleSteps_ReportsFinalNetChangeOnce" classname="UnitySkills.Tests.Core.NewCapabilitiesTests" runstate="Runnable" seed="513105293" result="Passed" start-time="2026-08-01 13:07:15Z" end-time="2026-08-01 13:07:15Z" duration="0.021225" asserts="0">
                <properties>
                  <property name="retryIteration" value="0" />
                  <property name="repeatIteration" value="0" />
                </properties>
              </test-case>
              <test-case id="1128" name="BatchDiff_PartialFailure_ReturnsSuccessfulNetChanges" fullname="UnitySkills.Tests.Core.NewCapabilitiesTests.BatchDiff_PartialFailure_ReturnsSuccessfulNetChanges" methodname="BatchDiff_PartialFailure_ReturnsSuccessfulNetChanges" classname="UnitySkills.Tests.Core.NewCapabilitiesTests" runstate="Runnable" seed="2013992265" result="Passed" start-time="2026-08-01 13:07:15Z" end-time="2026-08-01 13:07:15Z" duration="0.025628" asserts="0">
                <properties>
                  <property name="retryIteration" value="0" />
                  <property name="repeatIteration" value="0" />
                </properties>
              </test-case>
              <test-case id="1126" name="BatchDiff_ReadOnlyBatch_ReturnsNote" fullname="UnitySkills.Tests.Core.NewCapabilitiesTests.BatchDiff_ReadOnlyBatch_ReturnsNote" methodname="BatchDiff_ReadOnlyBatch_ReturnsNote" classname="UnitySkills.Tests.Core.NewCapabilitiesTests" runstate="Runnable" seed="1194744423" result="Passed" start-time="2026-08-01 13:07:15Z" end-time="2026-08-01 13:07:15Z" duration="0.015047" asserts="0">
                <properties>
                  <property name="retryIteration" value="0" />
                  <property name="repeatIteration" value="0" />
                </properties>
              </test-case>
              <test-case id="1130" name="BatchDiff_ResolvedRefTarget_IsAggregated" fullname="UnitySkills.Tests.Core.NewCapabilitiesTests.BatchDiff_ResolvedRefTarget_IsAggregated" methodname="BatchDiff_ResolvedRefTarget_IsAggregated" classname="UnitySkills.Tests.Core.NewCapabilitiesTests" runstate="Runnable" seed="2136151755" result="Passed" start-time="2026-08-01 13:07:15Z" end-time="2026-08-01 13:07:15Z" duration="0.019738" asserts="0">
                <properties>
                  <property name="retryIteration" value="0" />
                  <property name="repeatIteration" value="0" />
                </properties>
              </test-case>
              <test-case id="1129" name="BatchDiff_TransactionalRollback_ReportsRolledBackNetState" fullname="UnitySkills.Tests.Core.NewCapabilitiesTests.BatchDiff_TransactionalRollback_ReportsRolledBackNetState" methodname="BatchDiff_TransactionalRollback_ReportsRolledBackNetState" classname="UnitySkills.Tests.Core.NewCapabilitiesTests" runstate="Runnable" seed="1983225346" result="Passed" start-time="2026-08-01 13:07:15Z" end-time="2026-08-01 13:07:15Z" duration="0.024171" asserts="0">
                <properties>
                  <property name="retryIteration" value="0" />
                  <property name="repeatIteration" value="0" />
                </properties>
                <output><![CDATA[[UnitySkills] Transactional batch rolled back 1 executed step(s) after a failed step (undo group 17).
]]></output>
              </test-case>
              <test-case id="1113" name="BuildPlayer_ExistingOutputRequiresOverwrite" fullname="UnitySkills.Tests.Core.NewCapabilitiesTests.BuildPlayer_ExistingOutputRequiresOverwrite" methodname="BuildPlayer_ExistingOutputRequiresOverwrite" classname="UnitySkills.Tests.Core.NewCapabilitiesTests" runstate="Runnable" seed="734841308" result="Passed" start-time="2026-08-01 13:07:15Z" end-time="2026-08-01 13:07:15Z" duration="0.012170" asserts="0">
                <properties>
                  <property name="retryIteration" value="0" />
                  <property name="repeatIteration" value="0" />
                </properties>
              </test-case>
              <test-case id="1114" name="BuildPlayer_ExplicitScenesValidate" fullname="UnitySkills.Tests.Core.NewCapabilitiesTests.BuildPlayer_ExplicitScenesValidate" methodname="BuildPlayer_ExplicitScenesValidate" classname="UnitySkills.Tests.Core.NewCapabilitiesTests" runstate="Runnable" seed="1199414307" result="Passed" start-time="2026-08-01 13:07:15Z" end-time="2026-08-01 13:07:15Z" duration="0.220997" asserts="0">
                <properties>
                  <property name="retryIteration" value="0" />
                  <property name="repeatIteration" value="0" />
                </properties>
              </test-case>
              <test-case id="1112" name="BuildPlayer_OutputPathRejectsOutsideAndProtectedProjectFolders" fullname="UnitySkills.Tests.Core.NewCapabilitiesTests.BuildPlayer_OutputPathRejectsOutsideAndProtectedProjectFolders" methodname="BuildPlayer_OutputPathRejectsOutsideAndProtectedProjectFolders" classname="UnitySkills.Tests.Core.NewCapabilitiesTests" runstate="Runnable" seed="1413492745" result="Passed" start-time="2026-08-01 13:07:15Z" end-time="2026-08-01 13:07:15Z" duration="0.011084" asserts="0">
                <properties>
                  <property name="retryIteration" value="0" />
                  <property name="repeatIteration" value="0" />
                </properties>
              </test-case>
              <test-suite type="ParameterizedMethod" id="1111" name="BuildPlayer_TargetAliasesResolve" fullname="UnitySkills.Tests.Core.NewCapabilitiesTests.BuildPlayer_TargetAliasesResolve" classname="UnitySkills.Tests.Core.NewCapabilitiesTests" runstate="Runnable" testcasecount="6" result="Passed" start-time="2026-08-01 13:07:15Z" end-time="2026-08-01 13:07:16Z" duration="0.061932" total="6" passed="6" failed="0" inconclusive="0" skipped="0" asserts="0">
                <properties />
                <test-case id="1105" name="BuildPlayer_TargetAliasesResolve(&quot;macOS&quot;,StandaloneOSX)" fullname="UnitySkills.Tests.Core.NewCapabilitiesTests.BuildPlayer_TargetAliasesResolve(&quot;macOS&quot;,StandaloneOSX)" methodname="BuildPlayer_TargetAliasesResolve" classname="UnitySkills.Tests.Core.NewCapabilitiesTests" runstate="Runnable" seed="1355428400" result="Passed" start-time="2026-08-01 13:07:15Z" end-time="2026-08-01 13:07:16Z" duration="0.011106" asserts="0">
                  <properties>
                    <property name="retryIteration" value="0" />
                    <property name="repeatIteration" value="0" />
                  </properties>
                </test-case>
                <test-case id="1106" name="BuildPlayer_TargetAliasesResolve(&quot;windows64&quot;,StandaloneWindows64)" fullname="UnitySkills.Tests.Core.NewCapabilitiesTests.BuildPlayer_TargetAliasesResolve(&quot;windows64&quot;,StandaloneWindows64)" methodname="BuildPlayer_TargetAliasesResolve" classname="UnitySkills.Tests.Core.NewCapabilitiesTests" runstate="Runnable" seed="716617365" result="Passed" start-time="2026-08-01 13:07:16Z" end-time="2026-08-01 13:07:16Z" duration="0.009534" asserts="0">
                  <properties>
                    <property name="retryIteration" value="0" />
                    <property name="repeatIteration" value="0" />
                  </properties>
                </test-case>
                <test-case id="1107" name="BuildPlayer_TargetAliasesResolve(&quot;linux64&quot;,StandaloneLinux64)" fullname="UnitySkills.Tests.Core.NewCapabilitiesTests.BuildPlayer_TargetAliasesResolve(&quot;linux64&quot;,StandaloneLinux64)" methodname="BuildPlayer_TargetAliasesResolve" classname="UnitySkills.Tests.Core.NewCapabilitiesTests" runstate="Runnable" seed="536073285" result="Passed" start-time="2026-08-01 13:07:16Z" end-time="2026-08-01 13:07:16Z" duration="0.009836" asserts="0">
                  <properties>
                    <property name="retryIteration" value="0" />
                    <property name="repeatIteration" value="0" />
                  </properties>
                </test-case>
                <test-case id="1108" name="BuildPlayer_TargetAliasesResolve(&quot;android&quot;,Android)" fullname="UnitySkills.Tests.Core.NewCapabilitiesTests.BuildPlayer_TargetAliasesResolve(&quot;android&quot;,Android)" methodname="BuildPlayer_TargetAliasesResolve" classname="UnitySkills.Tests.Core.NewCapabilitiesTests" runstate="Runnable" seed="670740694" result="Passed" start-time="2026-08-01 13:07:16Z" end-time="2026-08-01 13:07:16Z" duration="0.010391" asserts="0">
                  <properties>
                    <property name="retryIteration" value="0" />
                    <property name="repeatIteration" value="0" />
                  </properties>
                </test-case>
                <test-case id="1109" name="BuildPlayer_TargetAliasesResolve(&quot;webgl&quot;,WebGL)" fullname="UnitySkills.Tests.Core.NewCapabilitiesTests.BuildPlayer_TargetAliasesResolve(&quot;webgl&quot;,WebGL)" methodname="BuildPlayer_TargetAliasesResolve" classname="UnitySkills.Tests.Core.NewCapabilitiesTests" runstate="Runnable" seed="1190141036" result="Passed" start-time="2026-08-01 13:07:16Z" end-time="2026-08-01 13:07:16Z" duration="0.009624" asserts="0">
                  <properties>
                    <property name="retryIteration" value="0" />
                    <property name="repeatIteration" value="0" />
                  </properties>
                </test-case>
                <test-case id="1110" name="BuildPlayer_TargetAliasesResolve(&quot;iOS&quot;,iOS)" fullname="UnitySkills.Tests.Core.NewCapabilitiesTests.BuildPlayer_TargetAliasesResolve(&quot;iOS&quot;,iOS)" methodname="BuildPlayer_TargetAliasesResolve" classname="UnitySkills.Tests.Core.NewCapabilitiesTests" runstate="Runnable" seed="1936112454" result="Passed" start-time="2026-08-01 13:07:16Z" end-time="2026-08-01 13:07:16Z" duration="0.009648" asserts="0">
                  <properties>
                    <property name="retryIteration" value="0" />
                    <property name="repeatIteration" value="0" />
                  </properties>
                </test-case>
              </test-suite>
              <test-case id="1137" name="NewSkills_HaveExpectedRiskAndAsyncMetadata" fullname="UnitySkills.Tests.Core.NewCapabilitiesTests.NewSkills_HaveExpectedRiskAndAsyncMetadata" methodname="NewSkills_HaveExpectedRiskAndAsyncMetadata" classname="UnitySkills.Tests.Core.NewCapabilitiesTests" runstate="Runnable" seed="371755617" result="Passed" start-time="2026-08-01 13:07:16Z" end-time="2026-08-01 13:07:16Z" duration="0.009782" asserts="0">
                <properties>
                  <property name="retryIteration" value="0" />
                  <property name="repeatIteration" value="0" />
                </properties>
              </test-case>
              <test-case id="1136" name="PlayCapture_DomainReloadRecovery_AcceptsRuntimeErrors" fullname="UnitySkills.Tests.Core.NewCapabilitiesTests.PlayCapture_DomainReloadRecovery_AcceptsRuntimeErrors" methodname="PlayCapture_DomainReloadRecovery_AcceptsRuntimeErrors" classname="UnitySkills.Tests.Core.NewCapabilitiesTests" runstate="Runnable" seed="1734510470" result="Passed" start-time="2026-08-01 13:07:16Z" end-time="2026-08-01 13:07:16Z" duration="0.012085" asserts="0">
                <properties>
                  <property name="retryIteration" value="0" />
                  <property name="repeatIteration" value="0" />
                </properties>
              </test-case>
              <test-case id="1135" name="PlayCapture_DomainReloadRecovery_ResumesPersistedStage" fullname="UnitySkills.Tests.Core.NewCapabilitiesTests.PlayCapture_DomainReloadRecovery_ResumesPersistedStage" methodname="PlayCapture_DomainReloadRecovery_ResumesPersistedStage" classname="UnitySkills.Tests.Core.NewCapabilitiesTests" runstate="Runnable" seed="1043205186" result="Passed" start-time="2026-08-01 13:07:16Z" end-time="2026-08-01 13:07:16Z" duration="0.009824" asserts="0">
                <properties>
                  <property name="retryIteration" value="0" />
                  <property name="repeatIteration" value="0" />
                </properties>
              </test-case>
              <test-suite type="ParameterizedMethod" id="1134" name="PlayCapture_DurationOutsideRange_IsRejected" fullname="UnitySkills.Tests.Core.NewCapabilitiesTests.PlayCapture_DurationOutsideRange_IsRejected" classname="UnitySkills.Tests.Core.NewCapabilitiesTests" runstate="Runnable" testcasecount="2" result="Passed" start-time="2026-08-01 13:07:16Z" end-time="2026-08-01 13:07:16Z" duration="0.020712" total="2" passed="2" failed="0" inconclusive="0" skipped="0" asserts="0">
                <properties />
                <test-case id="1132" name="PlayCapture_DurationOutsideRange_IsRejected(0)" fullname="UnitySkills.Tests.Core.NewCapabilitiesTests.PlayCapture_DurationOutsideRange_IsRejected(0)" methodname="PlayCapture_DurationOutsideRange_IsRejected" classname="UnitySkills.Tests.Core.NewCapabilitiesTests" runstate="Runnable" seed="1750341829" result="Passed" start-time="2026-08-01 13:07:16Z" end-time="2026-08-01 13:07:16Z" duration="0.010670" asserts="0">
                  <properties>
                    <property name="retryIteration" value="0" />
                    <property name="repeatIteration" value="0" />
                  </properties>
                </test-case>
                <test-case id="1133" name="PlayCapture_DurationOutsideRange_IsRejected(301)" fullname="UnitySkills.Tests.Core.NewCapabilitiesTests.PlayCapture_DurationOutsideRange_IsRejected(301)" methodname="PlayCapture_DurationOutsideRange_IsRejected" classname="UnitySkills.Tests.Core.NewCapabilitiesTests" runstate="Runnable" seed="1089634206" result="Passed" start-time="2026-08-01 13:07:16Z" end-time="2026-08-01 13:07:16Z" duration="0.009407" asserts="0">
                  <properties>
                    <property name="retryIteration" value="0" />
                    <property name="repeatIteration" value="0" />
                  </properties>
                </test-case>
              </test-suite>
              <test-case id="1131" name="PlayCapture_ErrorAggregation_DeduplicatesAndTruncates" fullname="UnitySkills.Tests.Core.NewCapabilitiesTests.PlayCapture_ErrorAggregation_DeduplicatesAndTruncates" methodname="PlayCapture_ErrorAggregation_DeduplicatesAndTruncates" classname="UnitySkills.Tests.Core.NewCapabilitiesTests" runstate="Runnable" seed="806430426" result="Passed" start-time="2026-08-01 13:07:16Z" end-time="2026-08-01 13:07:16Z" duration="0.011475" asserts="0">
                <properties>
                  <property name="retryIteration" value="0" />
                  <property name="repeatIteration" value="0" />
                </properties>
              </test-case>
              <test-case id="1121" name="RecommendationHealth_SlowSkillWarnsWithoutPenalty" fullname="UnitySkills.Tests.Core.NewCapabilitiesTests.RecommendationHealth_SlowSkillWarnsWithoutPenalty" methodname="RecommendationHealth_SlowSkillWarnsWithoutPenalty" classname="UnitySkills.Tests.Core.NewCapabilitiesTests" runstate="Runnable" seed="179604727" result="Passed" start-time="2026-08-01 13:07:16Z" end-time="2026-08-01 13:07:16Z" duration="0.010707" asserts="0">
                <properties>
                  <property name="retryIteration" value="0" />
                  <property name="repeatIteration" value="0" />
                </properties>
              </test-case>
              <test-suite type="ParameterizedMethod" id="1120" name="RecommendationHealth_UsesSampleGateAndBoundedPenalty" fullname="UnitySkills.Tests.Core.NewCapabilitiesTests.RecommendationHealth_UsesSampleGateAndBoundedPenalty" classname="UnitySkills.Tests.Core.NewCapabilitiesTests" runstate="Runnable" testcasecount="5" result="Passed" start-time="2026-08-01 13:07:16Z" end-time="2026-08-01 13:07:16Z" duration="0.048767" total="5" passed="5" failed="0" inconclusive="0" skipped="0" asserts="0">
                <properties />
                <test-case id="1115" name="RecommendationHealth_UsesSampleGateAndBoundedPenalty(4,4,100,0)" fullname="UnitySkills.Tests.Core.NewCapabilitiesTests.RecommendationHealth_UsesSampleGateAndBoundedPenalty(4,4,100,0)" methodname="RecommendationHealth_UsesSampleGateAndBoundedPenalty" classname="UnitySkills.Tests.Core.NewCapabilitiesTests" runstate="Runnable" seed="562619854" result="Passed" start-time="2026-08-01 13:07:16Z" end-time="2026-08-01 13:07:16Z" duration="0.009245" asserts="0">
                  <properties>
                    <property name="retryIteration" value="0" />
                    <property name="repeatIteration" value="0" />
                  </properties>
                </test-case>
[...]
                </properties>
              </test-case>
              <test-case id="1288" name="SafePath_InvalidRootPath_ReturnsError" fullname="UnitySkills.Tests.Core.ValidateTests.SafePath_InvalidRootPath_ReturnsError" methodname="SafePath_InvalidRootPath_ReturnsError" classname="UnitySkills.Tests.Core.ValidateTests" runstate="Runnable" seed="1173845412" result="Passed" start-time="2026-08-01 13:07:24Z" end-time="2026-08-01 13:07:24Z" duration="0.000100" asserts="0">
                <properties>
                  <property name="retryIteration" value="0" />
                  <property name="repeatIteration" value="0" />
                </properties>
              </test-case>
              <test-case id="1282" name="SafePath_NullPath_ReturnsError" fullname="UnitySkills.Tests.Core.ValidateTests.SafePath_NullPath_ReturnsError" methodname="SafePath_NullPath_ReturnsError" classname="UnitySkills.Tests.Core.ValidateTests" runstate="Runnable" seed="892222090" result="Passed" start-time="2026-08-01 13:07:24Z" end-time="2026-08-01 13:07:24Z" duration="0.000084" asserts="0">
                <properties>
                  <property name="retryIteration" value="0" />
                  <property name="repeatIteration" value="0" />
                </properties>
              </test-case>
              <test-case id="1284" name="SafePath_PathTraversal_ReturnsError" fullname="UnitySkills.Tests.Core.ValidateTests.SafePath_PathTraversal_ReturnsError" methodname="SafePath_PathTraversal_ReturnsError" classname="UnitySkills.Tests.Core.ValidateTests" runstate="Runnable" seed="361721757" result="Passed" start-time="2026-08-01 13:07:24Z" end-time="2026-08-01 13:07:24Z" duration="0.000093" asserts="0">
                <properties>
                  <property name="retryIteration" value="0" />
                  <property name="repeatIteration" value="0" />
                </properties>
              </test-case>
              <test-case id="1285" name="SafePath_PathTraversalDoubleDot_ReturnsError" fullname="UnitySkills.Tests.Core.ValidateTests.SafePath_PathTraversalDoubleDot_ReturnsError" methodname="SafePath_PathTraversalDoubleDot_ReturnsError" classname="UnitySkills.Tests.Core.ValidateTests" runstate="Runnable" seed="1011299111" result="Passed" start-time="2026-08-01 13:07:24Z" end-time="2026-08-01 13:07:24Z" duration="0.000231" asserts="0">
                <properties>
                  <property name="retryIteration" value="0" />
                  <property name="repeatIteration" value="0" />
                </properties>
              </test-case>
              <test-case id="1286" name="SafePath_ValidAssetsPath_ReturnsNull" fullname="UnitySkills.Tests.Core.ValidateTests.SafePath_ValidAssetsPath_ReturnsNull" methodname="SafePath_ValidAssetsPath_ReturnsNull" classname="UnitySkills.Tests.Core.ValidateTests" runstate="Runnable" seed="554547558" result="Passed" start-time="2026-08-01 13:07:24Z" end-time="2026-08-01 13:07:24Z" duration="0.000088" asserts="0">
                <properties>
                  <property name="retryIteration" value="0" />
                  <property name="repeatIteration" value="0" />
                </properties>
              </test-case>
              <test-case id="1287" name="SafePath_ValidPackagesPath_ReturnsNull" fullname="UnitySkills.Tests.Core.ValidateTests.SafePath_ValidPackagesPath_ReturnsNull" methodname="SafePath_ValidPackagesPath_ReturnsNull" classname="UnitySkills.Tests.Core.ValidateTests" runstate="Runnable" seed="291910914" result="Passed" start-time="2026-08-01 13:07:24Z" end-time="2026-08-01 13:07:24Z" duration="0.000096" asserts="0">
                <properties>
                  <property name="retryIteration" value="0" />
                  <property name="repeatIteration" value="0" />
                </properties>
              </test-case>
              <test-case id="1297" name="WorkflowHistoryData_EnsureDefaults_PreservesSchemaAndInitializesCollections" fullname="UnitySkills.Tests.Core.ValidateTests.WorkflowHistoryData_EnsureDefaults_PreservesSchemaAndInitializesCollections" methodname="WorkflowHistoryData_EnsureDefaults_PreservesSchemaAndInitializesCollections" classname="UnitySkills.Tests.Core.ValidateTests" runstate="Runnable" seed="126403579" result="Passed" start-time="2026-08-01 13:07:24Z" end-time="2026-08-01 13:07:24Z" duration="0.000187" asserts="0">
                <properties>
                  <property name="retryIteration" value="0" />
                  <property name="repeatIteration" value="0" />
                </properties>
              </test-case>
            </test-suite>
            <test-suite type="TestFixture" id="1298" name="WorkflowBackupResilienceTests" fullname="UnitySkills.Tests.Core.WorkflowBackupResilienceTests" classname="UnitySkills.Tests.Core.WorkflowBackupResilienceTests" runstate="Runnable" testcasecount="4" result="Passed" start-time="2026-08-01 13:07:24Z" end-time="2026-08-01 13:07:25Z" duration="1.159626" total="4" passed="4" failed="0" inconclusive="0" skipped="0" asserts="0">
              <properties />
              <test-case id="1300" name="LoadHistory_CorruptMainFile_QuarantinesFileAndSuppressesGC" fullname="UnitySkills.Tests.Core.WorkflowBackupResilienceTests.LoadHistory_CorruptMainFile_QuarantinesFileAndSuppressesGC" methodname="LoadHistory_CorruptMainFile_QuarantinesFileAndSuppressesGC" classname="UnitySkills.Tests.Core.WorkflowBackupResilienceTests" runstate="Runnable" seed="2131034932" result="Passed" start-time="2026-08-01 13:07:24Z" end-time="2026-08-01 13:07:24Z" duration="0.294650" asserts="0">
                <properties>
                  <property name="retryIteration" value="0" />
                  <property name="repeatIteration" value="0" />
                </properties>
              </test-case>
              <test-case id="1299" name="RecordingTask_UncommittedBlob_SurvivesTrim_BecauseInFlightTaskIsReferenced" fullname="UnitySkills.Tests.Core.WorkflowBackupResilienceTests.RecordingTask_UncommittedBlob_SurvivesTrim_BecauseInFlightTaskIsReferenced" methodname="RecordingTask_UncommittedBlob_SurvivesTrim_BecauseInFlightTaskIsReferenced" classname="UnitySkills.Tests.Core.WorkflowBackupResilienceTests" runstate="Runnable" seed="482659560" result="Passed" start-time="2026-08-01 13:07:24Z" end-time="2026-08-01 13:07:24Z" duration="0.328481" asserts="0">
                <properties>
                  <property name="retryIteration" value="0" />
                  <property name="repeatIteration" value="0" />
                </properties>
              </test-case>
              <test-case id="1302" name="RestoreFile_TamperedBlob_ReturnsFalseAndQuarantinesTheBlob" fullname="UnitySkills.Tests.Core.WorkflowBackupResilienceTests.RestoreFile_TamperedBlob_ReturnsFalseAndQuarantinesTheBlob" methodname="RestoreFile_TamperedBlob_ReturnsFalseAndQuarantinesTheBlob" classname="UnitySkills.Tests.Core.WorkflowBackupResilienceTests" runstate="Runnable" seed="114521266" result="Passed" start-time="2026-08-01 13:07:24Z" end-time="2026-08-01 13:07:25Z" duration="0.272760" asserts="0">
                <properties>
                  <property name="retryIteration" value="0" />
                  <property name="repeatIteration" value="0" />
                </properties>
              </test-case>
              <test-case id="1301" name="SaveHistory_PreviousMainFileIsKeptAsBak" fullname="UnitySkills.Tests.Core.WorkflowBackupResilienceTests.SaveHistory_PreviousMainFileIsKeptAsBak" methodname="SaveHistory_PreviousMainFileIsKeptAsBak" classname="UnitySkills.Tests.Core.WorkflowBackupResilienceTests" runstate="Runnable" seed="1559183648" result="Passed" start-time="2026-08-01 13:07:25Z" end-time="2026-08-01 13:07:25Z" duration="0.244632" asserts="0">
                <properties>
                  <property name="retryIteration" value="0" />
                  <property name="repeatIteration" value="0" />
                </properties>
              </test-case>
            </test-suite>
            <test-suite type="TestFixture" id="1303" name="WorkflowBookmarkTests" fullname="UnitySkills.Tests.Core.WorkflowBookmarkTests" classname="UnitySkills.Tests.Core.WorkflowBookmarkTests" runstate="Runnable" testcasecount="1" result="Passed" start-time="2026-08-01 13:07:25Z" end-time="2026-08-01 13:07:25Z" duration="0.015031" total="1" passed="1" failed="0" inconclusive="0" skipped="0" asserts="0">
              <properties />
              <test-case id="1304" name="BookmarkSet_ThenBookmarkList_ReturnsCreatedBookmark" fullname="UnitySkills.Tests.Core.WorkflowBookmarkTests.BookmarkSet_ThenBookmarkList_ReturnsCreatedBookmark" methodname="BookmarkSet_ThenBookmarkList_ReturnsCreatedBookmark" classname="UnitySkills.Tests.Core.WorkflowBookmarkTests" runstate="Runnable" seed="719482753" result="Passed" start-time="2026-08-01 13:07:25Z" end-time="2026-08-01 13:07:25Z" duration="0.010699" asserts="0">
                <properties>
                  <property name="retryIteration" value="0" />
                  <property name="repeatIteration" value="0" />
                </properties>
              </test-case>
            </test-suite>
            <test-suite type="TestFixture" id="1305" name="WorkflowPersistenceTests" fullname="UnitySkills.Tests.Core.WorkflowPersistenceTests" classname="UnitySkills.Tests.Core.WorkflowPersistenceTests" runstate="Runnable" testcasecount="14" result="Passed" start-time="2026-08-01 13:07:25Z" end-time="2026-08-01 13:07:29Z" duration="4.516637" total="14" passed="14" failed="0" inconclusive="0" skipped="0" asserts="0">
              <properties />
              <test-case id="1318" name="AutoClean_AgeLimitDoesNotDeleteOldReferencedBlob" fullname="UnitySkills.Tests.Core.WorkflowPersistenceTests.AutoClean_AgeLimitDoesNotDeleteOldReferencedBlob" methodname="AutoClean_AgeLimitDoesNotDeleteOldReferencedBlob" classname="UnitySkills.Tests.Core.WorkflowPersistenceTests" runstate="Runnable" seed="1630459822" result="Passed" start-time="2026-08-01 13:07:25Z" end-time="2026-08-01 13:07:25Z" duration="0.367367" asserts="0">
                <properties>
                  <property name="retryIteration" value="0" />
                  <property name="repeatIteration" value="0" />
                </properties>
                <output><![CDATA[<color=#E091FF>[UnitySkills]</color> Reclaimed 1 unreferenced store entries (5 B)
<color=#E091FF>[UnitySkills]</color> Trimmed 0 tasks, reclaimed 5 B from file store
]]></output>
              </test-case>
              <test-case id="1317" name="AutoClean_ZeroLimitsDoNotDeleteReferencedBlob" fullname="UnitySkills.Tests.Core.WorkflowPersistenceTests.AutoClean_ZeroLimitsDoNotDeleteReferencedBlob" methodname="AutoClean_ZeroLimitsDoNotDeleteReferencedBlob" classname="UnitySkills.Tests.Core.WorkflowPersistenceTests" runstate="Runnable" seed="1288645552" result="Passed" start-time="2026-08-01 13:07:25Z" end-time="2026-08-01 13:07:26Z" duration="0.319811" asserts="0">
                <properties>
                  <property name="retryIteration" value="0" />
                  <property name="repeatIteration" value="0" />
                </properties>
              </test-case>
              <test-case id="1311" name="CreatedComponent_UndoTargetsExactInstanceWhenTypeIsDuplicated" fullname="UnitySkills.Tests.Core.WorkflowPersistenceTests.CreatedComponent_UndoTargetsExactInstanceWhenTypeIsDuplicated" methodname="CreatedComponent_UndoTargetsExactInstanceWhenTypeIsDuplicated" classname="UnitySkills.Tests.Core.WorkflowPersistenceTests" runstate="Runnable" seed="562066868" result="Passed" start-time="2026-08-01 13:07:26Z" end-time="2026-08-01 13:07:26Z" duration="0.238294" asserts="0">
                <properties>
                  <property name="retryIteration" value="0" />
                  <property name="repeatIteration" value="0" />
                </properties>
              </test-case>
              <test-case id="1306" name="FileStore_UsesIndependentMetaHashes" fullname="UnitySkills.Tests.Core.WorkflowPersistenceTests.FileStore_UsesIndependentMetaHashes" methodname="FileStore_UsesIndependentMetaHashes" classname="UnitySkills.Tests.Core.WorkflowPersistenceTests" runstate="Runnable" seed="829450144" result="Passed" start-time="2026-08-01 13:07:26Z" end-time="2026-08-01 13:07:26Z" duration="0.308383" asserts="0">
                <properties>
                  <property name="retryIteration" value="0" />
                  <property name="repeatIteration" value="0" />
                </properties>
              </test-case>
              <test-case id="1315" name="LegacyBase64_LoadMigratesBlobAndClearsInlinePayload" fullname="UnitySkills.Tests.Core.WorkflowPersistenceTests.LegacyBase64_LoadMigratesBlobAndClearsInlinePayload" methodname="LegacyBase64_LoadMigratesBlobAndClearsInlinePayload" classname="UnitySkills.Tests.Core.WorkflowPersistenceTests" runstate="Runnable" seed="1029824312" result="Passed" start-time="2026-08-01 13:07:26Z" end-time="2026-08-01 13:07:26Z" duration="0.234899" asserts="0">
                <properties>
                  <property name="retryIteration" value="0" />
                  <property name="repeatIteration" value="0" />
                </properties>
              </test-case>
              <test-case id="1310" name="ModifiedComponent_UndoRedo_PreservesSceneObjectReferences" fullname="UnitySkills.Tests.Core.WorkflowPersistenceTests.ModifiedComponent_UndoRedo_PreservesSceneObjectReferences" methodname="ModifiedComponent_UndoRedo_PreservesSceneObjectReferences" classname="UnitySkills.Tests.Core.WorkflowPersistenceTests" runstate="Runnable" seed="1016893714" result="Passed" start-time="2026-08-01 13:07:26Z" end-time="2026-08-01 13:07:27Z" duration="0.237555" asserts="0">
                <properties>
                  <property name="retryIteration" value="0" />
                  <property name="repeatIteration" value="0" />
                </properties>
              </test-case>
              <test-case id="1307" name="NonEmptyFolder_DeleteUndoRedo_RestoresContentsAndMeta" fullname="UnitySkills.Tests.Core.WorkflowPersistenceTests.NonEmptyFolder_DeleteUndoRedo_RestoresContentsAndMeta" methodname="NonEmptyFolder_DeleteUndoRedo_RestoresContentsAndMeta" classname="UnitySkills.Tests.Core.WorkflowPersistenceTests" runstate="Runnable" seed="1501772457" result="Passed" start-time="2026-08-01 13:07:27Z" end-time="2026-08-01 13:07:27Z" duration="0.535816" asserts="0">
                <properties>
                  <property name="retryIteration" value="0" />
                  <property name="repeatIteration" value="0" />
                </properties>
              </test-case>
              <test-case id="1314" name="RouterLogicalFailure_AbortsWorkflowAndRevertsMutationGroup" fullname="UnitySkills.Tests.Core.WorkflowPersistenceTests.RouterLogicalFailure_AbortsWorkflowAndRevertsMutationGroup" methodname="RouterLogicalFailure_AbortsWorkflowAndRevertsMutationGroup" classname="UnitySkills.Tests.Core.WorkflowPersistenceTests" runstate="Runnable" seed="43850534" result="Passed" start-time="2026-08-01 13:07:27Z" end-time="2026-08-01 13:07:27Z" duration="0.294550" asserts="0">
                <properties>
                  <property name="retryIteration" value="0" />
                  <property name="repeatIteration" value="0" />
                </properties>
              </test-case>
              <test-case id="1309" name="SceneComponent_DeleteUndoRedo_RestoresSerializedState" fullname="UnitySkills.Tests.Core.WorkflowPersistenceTests.SceneComponent_DeleteUndoRedo_RestoresSerializedState" methodname="SceneComponent_DeleteUndoRedo_RestoresSerializedState" classname="UnitySkills.Tests.Core.WorkflowPersistenceTests" runstate="Runnable" seed="500104243" result="Passed" start-time="2026-08-01 13:07:27Z" end-time="2026-08-01 13:07:28Z" duration="0.247533" asserts="0">
                <properties>
                  <property name="retryIteration" value="0" />
                  <property name="repeatIteration" value="0" />
                </properties>
              </test-case>
              <test-case id="1308" name="SceneGameObject_DeleteUndoRedo_RestoresHierarchyAndComponents" fullname="UnitySkills.Tests.Core.WorkflowPersistenceTests.SceneGameObject_DeleteUndoRedo_RestoresHierarchyAndComponents" methodname="SceneGameObject_DeleteUndoRedo_RestoresHierarchyAndComponents" classname="UnitySkills.Tests.Core.WorkflowPersistenceTests" runstate="Runnable" seed="1711085639" result="Passed" start-time="2026-08-01 13:07:28Z" end-time="2026-08-01 13:07:28Z" duration="0.246528" asserts="0">
                <properties>
                  <property name="retryIteration" value="0" />
                  <property name="repeatIteration" value="0" />
                </properties>
              </test-case>
              <test-case id="1319" name="Schema_RequiresInputMatchingStringParameter_IsRequired" fullname="UnitySkills.Tests.Core.WorkflowPersistenceTests.Schema_RequiresInputMatchingStringParameter_IsRequired" methodname="Schema_RequiresInputMatchingStringParameter_IsRequired" classname="UnitySkills.Tests.Core.WorkflowPersistenceTests" runstate="Runnable" seed="1256808913" result="Passed" start-time="2026-08-01 13:07:28Z" end-time="2026-08-01 13:07:28Z" duration="0.317463" asserts="0">
                <properties>
                  <property name="retryIteration" value="0" />
                  <property name="repeatIteration" value="0" />
                </properties>
              </test-case>
              <test-case id="1316" name="Schema3_LoadMigratesLegacyMetaSidecarToIndependentBlob" fullname="UnitySkills.Tests.Core.WorkflowPersistenceTests.Schema3_LoadMigratesLegacyMetaSidecarToIndependentBlob" methodname="Schema3_LoadMigratesLegacyMetaSidecarToIndependentBlob" classname="UnitySkills.Tests.Core.WorkflowPersistenceTests" runstate="Runnable" seed="462354829" result="Passed" start-time="2026-08-01 13:07:28Z" end-time="2026-08-01 13:07:29Z" duration="0.327352" asserts="0">
                <properties>
                  <property name="retryIteration" value="0" />
                  <property name="repeatIteration" value="0" />
                </properties>
              </test-case>
              <test-case id="1312" name="SnapshotSequence_PreservesMoveChainInsteadOfOverwriting" fullname="UnitySkills.Tests.Core.WorkflowPersistenceTests.SnapshotSequence_PreservesMoveChainInsteadOfOverwriting" methodname="SnapshotSequence_PreservesMoveChainInsteadOfOverwriting" classname="UnitySkills.Tests.Core.WorkflowPersistenceTests" runstate="Runnable" seed="319163952" result="Passed" start-time="2026-08-01 13:07:29Z" end-time="2026-08-01 13:07:29Z" duration="0.581806" asserts="0">
                <properties>
                  <property name="retryIteration" value="0" />
                  <property name="repeatIteration" value="0" />
                </properties>
              </test-case>
              <test-case id="1313" name="UndoPartialFailure_SplitsSucceededAndRetryableSnapshotsAcrossStacks" fullname="UnitySkills.Tests.Core.WorkflowPersistenceTests.UndoPartialFailure_SplitsSucceededAndRetryableSnapshotsAcrossStacks" methodname="UndoPartialFailure_SplitsSucceededAndRetryableSnapshotsAcrossStacks" classname="UnitySkills.Tests.Core.WorkflowPersistenceTests" runstate="Runnable" seed="1976800285" result="Passed" start-time="2026-08-01 13:07:29Z" end-time="2026-08-01 13:07:29Z" duration="0.255329" asserts="0">
                <properties>
                  <property name="retryIteration" value="0" />
                  <property name="repeatIteration" value="0" />
                </properties>
                <output><![CDATA[Saving results to: C:/Users/1/AppData/LocalLow/Metro Simulation Lab/Metro Station 3D Replay\TestResults.xml
]]></output>
              </test-case>
            </test-suite>
          </test-suite>
        </test-suite>
      </test-suite>
    </test-suite>
  </test-suite>
</test-run>