<?xml version="1.0" encoding="utf-8"?>
<test-run id="2" testcasecount="260" result="Passed" total="260" passed="260" failed="0" inconclusive="0" skipped="0" asserts="0" engine-version="3.5.0.0" clr-version="4.0.30319.42000" start-time="2026-08-01 14:10:13Z" end-time="2026-08-01 14:10:35Z" duration="21.6022188">
  <test-suite type="TestSuite" id="1000" name="Metro Station 3D Replay" fullname="Metro Station 3D Replay" runstate="Runnable" testcasecount="260" result="Passed" start-time="2026-08-01 14:10:13Z" end-time="2026-08-01 14:10:35Z" duration="21.602219" total="260" passed="260" failed="0" inconclusive="0" skipped="0" asserts="0">
    <properties>
      <property name="platform" value="EditMode" />
    </properties>
    <test-suite type="Assembly" id="1059" name="MetroReplay.Tests.EditMode.dll" fullname="D:/metro/.codex_tmp/station_unity_replay_verify/Library/ScriptAssemblies/MetroReplay.Tests.EditMode.dll" runstate="Runnable" testcasecount="42" result="Passed" start-time="2026-08-01 14:10:13Z" end-time="2026-08-01 14:10:19Z" duration="5.312700" total="42" passed="42" failed="0" inconclusive="0" skipped="0" asserts="0">
      <properties>
        <property name="_PID" value="44696" />
        <property name="_APPDOMAIN" value="Unity Child Domain" />
        <property name="platform" value="EditMode" />
        <property name="EditorOnly" value="True" />
      </properties>
      <test-suite type="TestSuite" id="1060" name="MetroReplay" fullname="MetroReplay" runstate="Runnable" testcasecount="42" result="Passed" start-time="2026-08-01 14:10:13Z" end-time="2026-08-01 14:10:19Z" duration="5.312449" total="42" passed="42" failed="0" inconclusive="0" skipped="0" asserts="0">
        <properties />
        <test-suite type="TestSuite" id="1061" name="Tests" fullname="MetroReplay.Tests" runstate="Runnable" testcasecount="42" result="Passed" start-time="2026-08-01 14:10:13Z" end-time="2026-08-01 14:10:19Z" duration="5.312264" total="42" passed="42" failed="0" inconclusive="0" skipped="0" asserts="0">
          <properties />
          <test-suite type="TestFixture" id="1001" name="B1HeroImportedAssetTests" fullname="MetroReplay.Tests.B1HeroImportedAssetTests" classname="MetroReplay.Tests.B1HeroImportedAssetTests" runstate="Runnable" testcasecount="3" result="Passed" start-time="2026-08-01 14:10:13Z" end-time="2026-08-01 14:10:13Z" duration="0.142725" total="3" passed="3" failed="0" inconclusive="0" skipped="0" asserts="0">
            <properties />
            <test-case id="1004" name="B1FacilitiesIncludeOneCuratedGenWorldCampaignLightbox" fullname="MetroReplay.Tests.B1HeroImportedAssetTests.B1FacilitiesIncludeOneCuratedGenWorldCampaignLightbox" methodname="B1FacilitiesIncludeOneCuratedGenWorldCampaignLightbox" classname="MetroReplay.Tests.B1HeroImportedAssetTests" runstate="Runnable" seed="9422013" result="Passed" start-time="2026-08-01 14:10:13Z" end-time="2026-08-01 14:10:13Z" duration="0.115432" asserts="0">
              <properties>
                <property name="retryIteration" value="0" />
                <property name="repeatIteration" value="0" />
              </properties>
            </test-case>
            <test-case id="1003" name="ImportedHeroLayerBuildsWithoutSimulationColliders" fullname="MetroReplay.Tests.B1HeroImportedAssetTests.ImportedHeroLayerBuildsWithoutSimulationColliders" methodname="ImportedHeroLayerBuildsWithoutSimulationColliders" classname="MetroReplay.Tests.B1HeroImportedAssetTests" runstate="Runnable" seed="362201052" result="Passed" start-time="2026-08-01 14:10:13Z" end-time="2026-08-01 14:10:13Z" duration="0.016676" asserts="0">
              <properties>
                <property name="retryIteration" value="0" />
                <property name="repeatIteration" value="0" />
              </properties>
            </test-case>
            <test-case id="1002" name="PackagesSelectedPrototypeModelsAndProvenance" fullname="MetroReplay.Tests.B1HeroImportedAssetTests.PackagesSelectedPrototypeModelsAndProvenance" methodname="PackagesSelectedPrototypeModelsAndProvenance" classname="MetroReplay.Tests.B1HeroImportedAssetTests" runstate="Runnable" seed="639209248" result="Passed" start-time="2026-08-01 14:10:13Z" end-time="2026-08-01 14:10:13Z" duration="0.002725" asserts="0">
              <properties>
                <property name="retryIteration" value="0" />
                <property name="repeatIteration" value="0" />
              </properties>
            </test-case>
          </test-suite>
          <test-suite type="TestFixture" id="1005" name="BrandIntroAssetTests" fullname="MetroReplay.Tests.BrandIntroAssetTests" classname="MetroReplay.Tests.BrandIntroAssetTests" runstate="Runnable" testcasecount="2" result="Passed" start-time="2026-08-01 14:10:13Z" end-time="2026-08-01 14:10:13Z" duration="0.007627" total="2" passed="2" failed="0" inconclusive="0" skipped="0" asserts="0">
            <properties />
            <test-case id="1006" name="CoinMeshSeparatesEdgeFrontAndBackMaterials" fullname="MetroReplay.Tests.BrandIntroAssetTests.CoinMeshSeparatesEdgeFrontAndBackMaterials" methodname="CoinMeshSeparatesEdgeFrontAndBackMaterials" classname="MetroReplay.Tests.BrandIntroAssetTests" runstate="Runnable" seed="1570498198" result="Passed" start-time="2026-08-01 14:10:13Z" end-time="2026-08-01 14:10:13Z" duration="0.006470" asserts="0">
              <properties>
                <property name="retryIteration" value="0" />
                <property name="repeatIteration" value="0" />
              </properties>
            </test-case>
            <test-case id="1007" name="PerseusFaceTextureIsPackagedAsRuntimeResource" fullname="MetroReplay.Tests.BrandIntroAssetTests.PerseusFaceTextureIsPackagedAsRuntimeResource" methodname="PerseusFaceTextureIsPackagedAsRuntimeResource" classname="MetroReplay.Tests.BrandIntroAssetTests" runstate="Runnable" seed="901640634" result="Passed" start-time="2026-08-01 14:10:13Z" end-time="2026-08-01 14:10:13Z" duration="0.000377" asserts="0">
              <properties>
                <property name="retryIteration" value="0" />
                <property name="repeatIteration" value="0" />
              </properties>
            </test-case>
          </test-suite>
          <test-suite type="TestFixture" id="1008" name="HdrpStationLookTests" fullname="MetroReplay.Tests.HdrpStationLookTests" classname="MetroReplay.Tests.HdrpStationLookTests" runstate="Runnable" testcasecount="2" result="Passed" start-time="2026-08-01 14:10:13Z" end-time="2026-08-01 14:10:14Z" duration="0.057902" total="2" passed="2" failed="0" inconclusive="0" skipped="0" asserts="0">
            <properties />
            <test-case id="1009" name="EnablesContactShadowsOnHdrpLight" fullname="MetroReplay.Tests.HdrpStationLookTests.EnablesContactShadowsOnHdrpLight" methodname="EnablesContactShadowsOnHdrpLight" classname="MetroReplay.Tests.HdrpStationLookTests" runstate="Runnable" seed="853429732" result="Passed" start-time="2026-08-01 14:10:13Z" end-time="2026-08-01 14:10:13Z" duration="0.039168" asserts="0">
              <properties>
                <property name="retryIteration" value="0" />
                <property name="repeatIteration" value="0" />
              </properties>
            </test-case>
            <test-case id="1010" name="RuntimeVolumeEnablesContactShadowPass" fullname="MetroReplay.Tests.HdrpStationLookTests.RuntimeVolumeEnablesContactShadowPass" methodname="RuntimeVolumeEnablesContactShadowPass" classname="MetroReplay.Tests.HdrpStationLookTests" runstate="Runnable" seed="289853156" result="Passed" start-time="2026-08-01 14:10:13Z" end-time="2026-08-01 14:10:14Z" duration="0.018166" asserts="0">
              <properties>
                <property name="retryIteration" value="0" />
                <property name="repeatIteration" value="0" />
              </properties>
            </test-case>
          </test-suite>
          <test-suite type="TestFixture" id="1011" name="PassengerAppearancePaletteTests" fullname="MetroReplay.Tests.PassengerAppearancePaletteTests" classname="MetroReplay.Tests.PassengerAppearancePaletteTests" runstate="Runnable" testcasecount="2" result="Passed" start-time="2026-08-01 14:10:14Z" end-time="2026-08-01 14:10:14Z" duration="0.002971" total="2" passed="2" failed="0" inconclusive="0" skipped="0" asserts="0">
            <properties />
            <test-case id="1012" name="BaseSelectionIsDeterministicAndInRange" fullname="MetroReplay.Tests.PassengerAppearancePaletteTests.BaseSelectionIsDeterministicAndInRange" methodname="BaseSelectionIsDeterministicAndInRange" classname="MetroReplay.Tests.PassengerAppearancePaletteTests" runstate="Runnable" seed="174594961" result="Passed" start-time="2026-08-01 14:10:14Z" end-time="2026-08-01 14:10:14Z" duration="0.001824" asserts="0">
              <properties>
                <property name="retryIteration" value="0" />
                <property name="repeatIteration" value="0" />
              </properties>
            </test-case>
            <test-case id="1013" name="PaletteExposesRequiredVariation" fullname="MetroReplay.Tests.PassengerAppearancePaletteTests.PaletteExposesRequiredVariation" methodname="PaletteExposesRequiredVariation" classname="MetroReplay.Tests.PassengerAppearancePaletteTests" runstate="Runnable" seed="25907543" result="Passed" start-time="2026-08-01 14:10:14Z" end-time="2026-08-01 14:10:14Z" duration="0.000364" asserts="0">
              <properties>
                <property name="retryIteration" value="0" />
                <property name="repeatIteration" value="0" />
              </properties>
            </test-case>
          </test-suite>
          <test-suite type="TestFixture" id="1014" name="PassengerSkinAtlasTests" fullname="MetroReplay.Tests.PassengerSkinAtlasTests" classname="MetroReplay.Tests.PassengerSkinAtlasTests" runstate="Runnable" testcasecount="6" result="Passed" start-time="2026-08-01 14:10:14Z" end-time="2026-08-01 14:10:14Z" duration="0.002503" total="6" passed="6" failed="0" inconclusive="0" skipped="0" asserts="0">
            <properties />
            <test-suite type="ParameterizedMethod" id="1020" name="MapsEachVariantToOneAtlasQuadrant" fullname="MetroReplay.Tests.PassengerSkinAtlasTests.MapsEachVariantToOneAtlasQuadrant" classname="MetroReplay.Tests.PassengerSkinAtlasTests" runstate="Runnable" testcasecount="4" result="Passed" start-time="2026-08-01 14:10:14Z" end-time="2026-08-01 14:10:14Z" duration="0.000878" total="4" passed="4" failed="0" inconclusive="0" skipped="0" asserts="0">
              <properties />
              <test-case id="1016" name="MapsEachVariantToOneAtlasQuadrant(0,0.0f,0.0f)" fullname="MetroReplay.Tests.PassengerSkinAtlasTests.MapsEachVariantToOneAtlasQuadrant(0,0.0f,0.0f)" methodname="MapsEachVariantToOneAtlasQuadrant" classname="MetroReplay.Tests.PassengerSkinAtlasTests" runstate="Runnable" seed="827922161" result="Passed" start-time="2026-08-01 14:10:14Z" end-time="2026-08-01 14:10:14Z" duration="0.000385" asserts="0">
                <properties>
                  <property name="retryIteration" value="0" />
                  <property name="repeatIteration" value="0" />
                </properties>
              </test-case>
              <test-case id="1017" name="MapsEachVariantToOneAtlasQuadrant(1,0.5f,0.0f)" fullname="MetroReplay.Tests.PassengerSkinAtlasTests.MapsEachVariantToOneAtlasQuadrant(1,0.5f,0.0f)" methodname="MapsEachVariantToOneAtlasQuadrant" classname="MetroReplay.Tests.PassengerSkinAtlasTests" runstate="Runnable" seed="47291983" result="Passed" start-time="2026-08-01 14:10:14Z" end-time="2026-08-01 14:10:14Z" duration="0.000060" asserts="0">
                <properties>
                  <property name="retryIteration" value="0" />
                  <property name="repeatIteration" value="0" />
                </properties>
              </test-case>
              <test-case id="1018" name="MapsEachVariantToOneAtlasQuadrant(2,0.0f,0.5f)" fullname="MetroReplay.Tests.PassengerSkinAtlasTests.MapsEachVariantToOneAtlasQuadrant(2,0.0f,0.5f)" methodname="MapsEachVariantToOneAtlasQuadrant" classname="MetroReplay.Tests.PassengerSkinAtlasTests" runstate="Runnable" seed="527506520" result="Passed" start-time="2026-08-01 14:10:14Z" end-time="2026-08-01 14:10:14Z" duration="0.000027" asserts="0">
                <properties>
                  <property name="retryIteration" value="0" />
                  <property name="repeatIteration" value="0" />
                </properties>
              </test-case>
              <test-case id="1019" name="MapsEachVariantToOneAtlasQuadrant(3,0.5f,0.5f)" fullname="MetroReplay.Tests.PassengerSkinAtlasTests.MapsEachVariantToOneAtlasQuadrant(3,0.5f,0.5f)" methodname="MapsEachVariantToOneAtlasQuadrant" classname="MetroReplay.Tests.PassengerSkinAtlasTests" runstate="Runnable" seed="1659175407" result="Passed" start-time="2026-08-01 14:10:14Z" end-time="2026-08-01 14:10:14Z" duration="0.000022" asserts="0">
                <properties>
                  <property name="retryIteration" value="0" />
                  <property name="repeatIteration" value="0" />
                </properties>
              </test-case>
            </test-suite>
            <test-case id="1015" name="PackagesGeneratedCommuterAtlas" fullname="MetroReplay.Tests.PassengerSkinAtlasTests.PackagesGeneratedCommuterAtlas" methodname="PackagesGeneratedCommuterAtlas" classname="MetroReplay.Tests.PassengerSkinAtlasTests" runstate="Runnable" seed="1883568984" result="Passed" start-time="2026-08-01 14:10:14Z" end-time="2026-08-01 14:10:14Z" duration="0.000501" asserts="0">
              <properties>
                <property name="retryIteration" value="0" />
                <property name="repeatIteration" value="0" />
              </properties>
            </test-case>
            <test-case id="1021" name="SelectsSkinDeterministicallyFromPassengerId" fullname="MetroReplay.Tests.PassengerSkinAtlasTests.SelectsSkinDeterministicallyFromPassengerId" methodname="SelectsSkinDeterministicallyFromPassengerId" classname="MetroReplay.Tests.PassengerSkinAtlasTests" runstate="Runnable" seed="1895306858" result="Passed" start-time="2026-08-01 14:10:14Z" end-time="2026-08-01 14:10:14Z" duration="0.000507" asserts="0">
              <properties>
                <property name="retryIteration" value="0" />
                <property name="repeatIteration" value="0" />
              </properties>
            </test-case>
          </test-suite>
          <test-suite type="TestFixture" id="1022" name="PlatformPresentationLayerTests" fullname="MetroReplay.Tests.PlatformPresentationLayerTests" classname="MetroReplay.Tests.PlatformPresentationLayerTests" runstate="Runnable" testcasecount="2" result="Passed" start-time="2026-08-01 14:10:14Z" end-time="2026-08-01 14:10:14Z" duration="0.049147" total="2" passed="2" failed="0" inconclusive="0" skipped="0" asserts="0">
            <properties />
            <test-case id="1023" name="BuildsClosedLevelSlabsVisibleFromAboveAndBelow" fullname="MetroReplay.Tests.PlatformPresentationLayerTests.BuildsClosedLevelSlabsVisibleFromAboveAndBelow" methodname="BuildsClosedLevelSlabsVisibleFromAboveAndBelow" classname="MetroReplay.Tests.PlatformPresentationLayerTests" runstate="Runnable" seed="560365806" result="Passed" start-time="2026-08-01 14:10:14Z" end-time="2026-08-01 14:10:14Z" duration="0.023402" asserts="0">
              <properties>
                <property name="retryIteration" value="0" />
                <property name="repeatIteration" value="0" />
              </properties>
            </test-case>
            <test-case id="1024" name="BuildsSixAlignedAnimatedScreenDoorModulesWithoutColliders" fullname="MetroReplay.Tests.PlatformPresentationLayerTests.BuildsSixAlignedAnimatedScreenDoorModulesWithoutColliders" methodname="BuildsSixAlignedAnimatedScreenDoorModulesWithoutColliders" classname="MetroReplay.Tests.PlatformPresentationLayerTests" runstate="Runnable" seed="140421839" result="Passed" start-time="2026-08-01 14:10:14Z" end-time="2026-08-01 14:10:14Z" duration="0.025242" asserts="0">
              <properties>
                <property name="retryIteration" value="0" />
                <property name="repeatIteration" value="0" />
              </properties>
            </test-case>
          </test-suite>
          <test-suite type="TestFixture" id="1025" name="ReplayClockTests" fullname="MetroReplay.Tests.ReplayClockTests" classname="MetroReplay.Tests.ReplayClockTests" runstate="Runnable" testcasecount="1" result="Passed" start-time="2026-08-01 14:10:14Z" end-time="2026-08-01 14:10:14Z" duration="0.001215" total="1" passed="1" failed="0" inconclusive="0" skipped="0" asserts="0">
            <properties />
            <test-case id="1026" name="SupportsPlayPauseSpeedAndRandomSeek" fullname="MetroReplay.Tests.ReplayClockTests.SupportsPlayPauseSpeedAndRandomSeek" methodname="SupportsPlayPauseSpeedAndRandomSeek" classname="MetroReplay.Tests.ReplayClockTests" runstate="Runnable" seed="599670117" result="Passed" start-time="2026-08-01 14:10:14Z" end-time="2026-08-01 14:10:14Z" duration="0.000425" asserts="0">
              <properties>
                <property name="retryIteration" value="0" />
                <property name="repeatIteration" value="0" />
              </properties>
            </test-case>
          </test-suite>
          <test-suite type="TestFixture" id="1027" name="ReplayContractReaderTests" fullname="MetroReplay.Tests.ReplayContractReaderTests" classname="MetroReplay.Tests.ReplayContractReaderTests" runstate="Runnable" testcasecount="6" result="Passed" start-time="2026-08-01 14:10:14Z" end-time="2026-08-01 14:10:14Z" duration="0.016461" total="6" passed="6" failed="0" inconclusive="0" skipped="0" asserts="0">
            <properties />
            <test-case id="1029" name="ReadsAuthoritativeTrainSnapshots" fullname="MetroReplay.Tests.ReplayContractReaderTests.ReadsAuthoritativeTrainSnapshots" methodname="ReadsAuthoritativeTrainSnapshots" classname="MetroReplay.Tests.ReplayContractReaderTests" runstate="Runnable" seed="1393304990" result="Passed" start-time="2026-08-01 14:10:14Z" end-time="2026-08-01 14:10:14Z" duration="0.001978" asserts="0">
              <properties>
                <property name="retryIteration" value="0" />
                <property name="repeatIteration" value="0" />
              </properties>
            </test-case>
            <test-case id="1030" name="ReadsCompleteClearanceEvidenceAndEmptyFinalFrame" fullname="MetroReplay.Tests.ReplayContractReaderTests.ReadsCompleteClearanceEvidenceAndEmptyFinalFrame" methodname="ReadsCompleteClearanceEvidenceAndEmptyFinalFrame" classname="MetroReplay.Tests.ReplayContractReaderTests" runstate="Runnable" seed="644781169" result="Passed" start-time="2026-08-01 14:10:14Z" end-time="2026-08-01 14:10:14Z" duration="0.006318" asserts="0">
              <properties>
                <property name="retryIteration" value="0" />
                <property name="repeatIteration" value="0" />
              </properties>
            </test-case>
            <test-case id="1028" name="ReadsTwoLevelReplayContract" fullname="MetroReplay.Tests.ReplayContractReaderTests.ReadsTwoLevelReplayContract" methodname="ReadsTwoLevelReplayContract" classname="MetroReplay.Tests.ReplayContractReaderTests" runstate="Runnable" seed="1367789161" result="Passed" start-time="2026-08-01 14:10:14Z" end-time="2026-08-01 14:10:14Z" duration="0.001647" asserts="0">
              <properties>
                <property name="retryIteration" value="0" />
                <property name="repeatIteration" value="0" />
              </properties>
            </test-case>
            <test-case id="1031" name="RejectsClearedAuditWhenFinalFrameStillContainsPassengers" fullname="MetroReplay.Tests.ReplayContractReaderTests.RejectsClearedAuditWhenFinalFrameStillContainsPassengers" methodname="RejectsClearedAuditWhenFinalFrameStillContainsPassengers" classname="MetroReplay.Tests.ReplayContractReaderTests" runstate="Runnable" seed="1174213769" result="Passed" start-time="2026-08-01 14:10:14Z" end-time="2026-08-01 14:10:14Z" duration="0.002856" asserts="0">
              <properties>
                <property name="retryIteration" value="0" />
                <property name="repeatIteration" value="0" />
              </properties>
            </test-case>
            <test-case id="1032" name="RejectsUnknownEntityLevelReference" fullname="MetroReplay.Tests.ReplayContractReaderTests.RejectsUnknownEntityLevelReference" methodname="RejectsUnknownEntityLevelReference" classname="MetroReplay.Tests.ReplayContractReaderTests" runstate="Runnable" seed="912935644" result="Passed" start-time="2026-08-01 14:10:14Z" end-time="2026-08-01 14:10:14Z" duration="0.001440" asserts="0">
              <properties>
                <property name="retryIteration" value="0" />
                <property name="repeatIteration" value="0" />
              </properties>
            </test-case>
            <test-case id="1033" name="RejectsUnsupportedSchemaBeforeBuildingScene" fullname="MetroReplay.Tests.ReplayContractReaderTests.RejectsUnsupportedSchemaBeforeBuildingScene" methodname="RejectsUnsupportedSchemaBeforeBuildingScene" classname="MetroReplay.Tests.ReplayContractReaderTests" runstate="Runnable" seed="1842893062" result="Passed" start-time="2026-08-01 14:10:14Z" end-time="2026-08-01 14:10:14Z" duration="0.000791" asserts="0">
              <properties>
                <property name="retryIteration" value="0" />
                <property name="repeatIteration" value="0" />
              </properties>
            </test-case>
          </test-suite>
          <test-suite type="TestFixture" id="1034" name="ReplaySamplerTests" fullname="MetroReplay.Tests.ReplaySamplerTests" classname="MetroReplay.Tests.ReplaySamplerTests" runstate="Runnable" testcasecount="8" result="Passed" start-time="2026-08-01 14:10:14Z" end-time="2026-08-01 14:10:14Z" duration="0.021321" total="8" passed="8" failed="0" inconclusive="0" skipped="0" asserts="0">
            <properties />
            <test-case id="1037" name="KeepsCapsuleFallbackBottomOnFootPosition" fullname="MetroReplay.Tests.ReplaySamplerTests.KeepsCapsuleFallbackBottomOnFootPosition" methodname="KeepsCapsuleFallbackBottomOnFootPosition" classname="MetroReplay.Tests.ReplaySamplerTests" runstate="Runnable" seed="1905771319" result="Passed" start-time="2026-08-01 14:10:14Z" end-time="2026-08-01 14:10:14Z" duration="0.006720" asserts="0">
              <properties>
                <property name="retryIteration" value="0" />
                <property name="repeatIteration" value="0" />
              </properties>
            </test-case>
            <test-case id="1036" name="PlacesWalkingPassengerFeetOnWalkableSurface" fullname="MetroReplay.Tests.ReplaySamplerTests.PlacesWalkingPassengerFeetOnWalkableSurface" methodname="PlacesWalkingPassengerFeetOnWalkableSurface" classname="MetroReplay.Tests.ReplaySamplerTests" runstate="Runnable" seed="1104183728" result="Passed" start-time="2026-08-01 14:10:14Z" end-time="2026-08-01 14:10:14Z" duration="0.002687" asserts="0">
              <properties>
                <property name="retryIteration" value="0" />
                <property name="repeatIteration" value="0" />
              </properties>
            </test-case>
            <test-case id="1035" name="ReconstructsElevatorTravelAtAnySeekTime" fullname="MetroReplay.Tests.ReplaySamplerTests.ReconstructsElevatorTravelAtAnySeekTime" methodname="ReconstructsElevatorTravelAtAnySeekTime" classname="MetroReplay.Tests.ReplaySamplerTests" runstate="Runnable" seed="49136425" result="Passed" start-time="2026-08-01 14:10:14Z" end-time="2026-08-01 14:10:14Z" duration="0.001523" asserts="0">
              <properties>
                <property name="retryIteration" value="0" />
                <property name="repeatIteration" value="0" />
              </properties>
            </test-case>
            <test-case id="1038" name="SamplesThreeHundredPassengersWithoutDuplicateIds" fullname="MetroReplay.Tests.ReplaySamplerTests.SamplesThreeHundredPassengersWithoutDuplicateIds" methodname="SamplesThreeHundredPassengersWithoutDuplicateIds" classname="MetroReplay.Tests.ReplaySamplerTests" runstate="Runnable" seed="345325127" result="Passed" start-time="2026-08-01 14:10:14Z" end-time="2026-08-01 14:10:14Z" duration="0.008156" asserts="0">
              <properties>
                <property name="retryIteration" value="0" />
                <property name="repeatIteration" value="0" />
              </properties>
            </test-case>
            <test-suite type="ParameterizedMethod" id="1043" name="SelectsExistingQuaterniusAnimation" fullname="MetroReplay.Tests.ReplaySamplerTests.SelectsExistingQuaterniusAnimation" classname="MetroReplay.Tests.ReplaySamplerTests" runstate="Runnable" testcasecount="4" result="Passed" start-time="2026-08-01 14:10:14Z" end-time="2026-08-01 14:10:14Z" duration="0.001376" total="4" passed="4" failed="0" inconclusive="0" skipped="0" asserts="0">
              <properties />
              <test-case id="1039" name="SelectsExistingQuaterniusAnimation(&quot;queueing_exit_gate&quot;,False,&quot;Idle_Loop&quot;)" fullname="MetroReplay.Tests.ReplaySamplerTests.SelectsExistingQuaterniusAnimation(&quot;queueing_exit_gate&quot;,False,&quot;Idle_Loop&quot;)" methodname="SelectsExistingQuaterniusAnimation" classname="MetroReplay.Tests.ReplaySamplerTests" runstate="Runnable" seed="1677565143" result="Passed" start-time="2026-08-01 14:10:14Z" end-time="2026-08-01 14:10:14Z" duration="0.000286" asserts="0">
                <properties>
                  <property name="retryIteration" value="0" />
                  <property name="repeatIteration" value="0" />
                </properties>
              </test-case>
              <test-case id="1040" name="SelectsExistingQuaterniusAnimation(&quot;running&quot;,False,&quot;Jog_Fwd_Loop&quot;)" fullname="MetroReplay.Tests.ReplaySamplerTests.SelectsExistingQuaterniusAnimation(&quot;running&quot;,False,&quot;Jog_Fwd_Loop&quot;)" methodname="SelectsExistingQuaterniusAnimation" classname="MetroReplay.Tests.ReplaySamplerTests" runstate="Runnable" seed="122174830" result="Passed" start-time="2026-08-01 14:10:14Z" end-time="2026-08-01 14:10:14Z" duration="0.000053" asserts="0">
                <properties>
                  <property name="retryIteration" value="0" />
                  <property name="repeatIteration" value="0" />
                </properties>
              </test-case>
              <test-case id="1041" name="SelectsExistingQuaterniusAnimation(&quot;walking_to_vertical&quot;,False,&quot;Walk_Loop&quot;)" fullname="MetroReplay.Tests.ReplaySamplerTests.SelectsExistingQuaterniusAnimation(&quot;walking_to_vertical&quot;,False,&quot;Walk_Loop&quot;)" methodname="SelectsExistingQuaterniusAnimation" classname="MetroReplay.Tests.ReplaySamplerTests" runstate="Runnable" seed="1195674233" result="Passed" start-time="2026-08-01 14:10:14Z" end-time="2026-08-01 14:10:14Z" duration="0.000024" asserts="0">
                <properties>
                  <property name="retryIteration" value="0" />
                  <property name="repeatIteration" value="0" />
                </properties>
              </test-case>
              <test-case id="1042" name="SelectsExistingQuaterniusAnimation(&quot;riding_vertical&quot;,True,&quot;Walk_Loop&quot;)" fullname="MetroReplay.Tests.ReplaySamplerTests.SelectsExistingQuaterniusAnimation(&quot;riding_vertical&quot;,True,&quot;Walk_Loop&quot;)" methodname="SelectsExistingQuaterniusAnimation" classname="MetroReplay.Tests.ReplaySamplerTests" runstate="Runnable" seed="864392061" result="Passed" start-time="2026-08-01 14:10:14Z" end-time="2026-08-01 14:10:14Z" duration="0.000021" asserts="0">
                <properties>
                  <property name="retryIteration" value="0" />
                  <property name="repeatIteration" value="0" />
                </properties>
              </test-case>
            </test-suite>
          </test-suite>
          <test-suite type="TestFixture" id="1044" name="ReplayStartupDefaultsTests" fullname="MetroReplay.Tests.ReplayStartupDefaultsTests" classname="MetroReplay.Tests.ReplayStartupDefaultsTests" runstate="Runnable" testcasecount="3" result="Passed" start-time="2026-08-01 14:10:14Z" end-time="2026-08-01 14:10:19Z" duration="4.952481" total="3" passed="3" failed="0" inconclusive="0" skipped="0" asserts="0">
            <properties />
            <test-case id="1045" name="DoubleClickDefaultsToThreeHundredPassengerClearance" fullname="MetroReplay.Tests.ReplayStartupDefaultsTests.DoubleClickDefaultsToThreeHundredPassengerClearance" methodname="DoubleClickDefaultsToThreeHundredPassengerClearance" classname="MetroReplay.Tests.ReplayStartupDefaultsTests" runstate="Runnable" seed="677516630" result="Passed" start-time="2026-08-01 14:10:14Z" end-time="2026-08-01 14:10:14Z" duration="0.001023" asserts="0">
              <properties>
                <property name="retryIteration" value="0" />
                <property name="repeatIteration" value="0" />
              </properties>
            </test-case>
            <test-case id="1046" name="ExplicitPresentationArgumentsOverrideClearanceDefaults" fullname="MetroReplay.Tests.ReplayStartupDefaultsTests.ExplicitPresentationArgumentsOverrideClearanceDefaults" methodname="ExplicitPresentationArgumentsOverrideClearanceDefaults" classname="MetroReplay.Tests.ReplayStartupDefaultsTests" runstate="Runnable" seed="1744293568" result="Passed" start-time="2026-08-01 14:10:14Z" end-time="2026-08-01 14:10:14Z" duration="0.000178" asserts="0">
              <properties>
                <property name="retryIteration" value="0" />
                <property name="repeatIteration" value="0" />
              </properties>
            </test-case>
            <test-case id="1047" name="PackagedReplayIsCompleteThreeHundredPassengerClearance" fullname="MetroReplay.Tests.ReplayStartupDefaultsTests.PackagedReplayIsCompleteThreeHundredPassengerClearance" methodname="PackagedReplayIsCompleteThreeHundredPassengerClearance" classname="MetroReplay.Tests.ReplayStartupDefaultsTests" runstate="Runnable" seed="1733010097" result="Passed" start-time="2026-08-01 14:10:14Z" end-time="2026-08-01 14:10:19Z" duration="4.950719" asserts="0">
              <properties>
                <property name="retryIteration" value="0" />
                <property name="repeatIteration" value="0" />
              </properties>
            </test-case>
          </test-suite>
          <test-suite type="TestFixture" id="1048" name="RocketboxPassengerAssetTests" fullname="MetroReplay.Tests.RocketboxPassengerAssetTests" classname="MetroReplay.Tests.RocketboxPassengerAssetTests" runstate="Runnable" testcasecount="3" result="Passed" start-time="2026-08-01 14:10:19Z" end-time="2026-08-01 14:10:19Z" duration="0.047707" total="3" passed="3" failed="0" inconclusive="0" skipped="0" asserts="0">
            <properties />
            <test-case id="1049" name="GeneratedLibraryContainsEightThreeLevelLodPrefabs" fullname="MetroReplay.Tests.RocketboxPassengerAssetTests.GeneratedLibraryContainsEightThreeLevelLodPrefabs" methodname="GeneratedLibraryContainsEightThreeLevelLodPrefabs" classname="MetroReplay.Tests.RocketboxPassengerAssetTests" runstate="Runnable" seed="491574410" result="Passed" start-time="2026-08-01 14:10:19Z" end-time="2026-08-01 14:10:19Z" duration="0.031250" asserts="0">
              <properties>
                <property name="retryIteration" value="0" />
                <property name="repeatIteration" value="0" />
              </properties>
            </test-case>
            <test-case id="1050" name="LodMeshesActuallyReduceVertexCount" fullname="MetroReplay.Tests.RocketboxPassengerAssetTests.LodMeshesActuallyReduceVertexCount" methodname="LodMeshesActuallyReduceVertexCount" classname="MetroReplay.Tests.RocketboxPassengerAssetTests" runstate="Runnable" seed="1796686243" result="Passed" start-time="2026-08-01 14:10:19Z" end-time="2026-08-01 14:10:19Z" duration="0.001623" asserts="0">
              <properties>
                <property name="retryIteration" value="0" />
                <property name="repeatIteration" value="0" />
              </properties>
            </test-case>
            <test-case id="1051" name="RuntimePoolPlacesRocketboxFeetOnFootPosition" fullname="MetroReplay.Tests.RocketboxPassengerAssetTests.RuntimePoolPlacesRocketboxFeetOnFootPosition" methodname="RuntimePoolPlacesRocketboxFeetOnFootPosition" classname="MetroReplay.Tests.RocketboxPassengerAssetTests" runstate="Runnable" seed="28520635" result="Passed" start-time="2026-08-01 14:10:19Z" end-time="2026-08-01 14:10:19Z" duration="0.006539" asserts="0">
              <properties>
                <property name="retryIteration" value="0" />
                <property name="repeatIteration" value="0" />
              </properties>
            </test-case>
          </test-suite>
          <test-suite type="TestFixture" id="1052" name="StationDecorationAssetTests" fullname="MetroReplay.Tests.StationDecorationAssetTests" classname="MetroReplay.Tests.StationDecorationAssetTests" runstate="Runnable" testcasecount="1" result="Passed" start-time="2026-08-01 14:10:19Z" end-time="2026-08-01 14:10:19Z" duration="0.001001" total="1" passed="1" failed="0" inconclusive="0" skipped="0" asserts="0">
            <properties />
            <test-case id="1053" name="PackagesCc0DecorationModelsAndProvenance" fullname="MetroReplay.Tests.StationDecorationAssetTests.PackagesCc0DecorationModelsAndProvenance" methodname="PackagesCc0DecorationModelsAndProvenance" classname="MetroReplay.Tests.StationDecorationAssetTests" runstate="Runnable" seed="1732385552" result="Passed" start-time="2026-08-01 14:10:19Z" end-time="2026-08-01 14:10:19Z" duration="0.000373" asserts="0">
              <properties>
                <property name="retryIteration" value="0" />
                <property name="repeatIteration" value="0" />
              </properties>
            </test-case>
          </test-suite>
          <test-suite type="TestFixture" id="1054" name="StationRoomShellTests" fullname="MetroReplay.Tests.StationRoomShellTests" classname="MetroReplay.Tests.StationRoomShellTests" runstate="Runnable" testcasecount="1" result="Passed" start-time="2026-08-01 14:10:19Z" end-time="2026-08-01 14:10:19Z" duration="0.005023" total="1" passed="1" failed="0" inconclusive="0" skipped="0" asserts="0">
            <properties />
            <test-case id="1055" name="BuildsRoomBlockAsThinWallShellWithDoorAndCutawayRoof" fullname="MetroReplay.Tests.StationRoomShellTests.BuildsRoomBlockAsThinWallShellWithDoorAndCutawayRoof" methodname="BuildsRoomBlockAsThinWallShellWithDoorAndCutawayRoof" classname="MetroReplay.Tests.StationRoomShellTests" runstate="Runnable" seed="1647434282" result="Passed" start-time="2026-08-01 14:10:19Z" end-time="2026-08-01 14:10:19Z" duration="0.004686" asserts="0">
              <properties>
                <property name="retryIteration" value="0" />
                <property name="repeatIteration" value="0" />
              </properties>
            </test-case>
          </test-suite>
          <test-suite type="TestFixture" id="1056" name="TrainReplaySamplerTests" fullname="MetroReplay.Tests.TrainReplaySamplerTests" classname="MetroReplay.Tests.TrainReplaySamplerTests" runstate="Runnable" testcasecount="2" result="Passed" start-time="2026-08-01 14:10:19Z" end-time="2026-08-01 14:10:19Z" duration="0.002894" total="2" passed="2" failed="0" inconclusive="0" skipped="0" asserts="0">
            <properties />
            <test-case id="1058" name="RandomSeekReturnsTheSameVisualSample" fullname="MetroReplay.Tests.TrainReplaySamplerTests.RandomSeekReturnsTheSameVisualSample" methodname="RandomSeekReturnsTheSameVisualSample" classname="MetroReplay.Tests.TrainReplaySamplerTests" runstate="Runnable" seed="660697759" result="Passed" start-time="2026-08-01 14:10:19Z" end-time="2026-08-01 14:10:19Z" duration="0.001736" asserts="0">
              <properties>
                <property name="retryIteration" value="0" />
                <property name="repeatIteration" value="0" />
              </properties>
            </test-case>
            <test-case id="1057" name="SamplesApproachDwellDoorsAndDepartureFromSnapshots" fullname="MetroReplay.Tests.TrainReplaySamplerTests.SamplesApproachDwellDoorsAndDepartureFromSnapshots" methodname="SamplesApproachDwellDoorsAndDepartureFromSnapshots" classname="MetroReplay.Tests.TrainReplaySamplerTests" runstate="Runnable" seed="1869028186" result="Passed" start-time="2026-08-01 14:10:19Z" end-time="2026-08-01 14:10:19Z" duration="0.000436" asserts="0">
              <properties>
                <property name="retryIteration" value="0" />
                <property name="repeatIteration" value="0" />
              </properties>
            </test-case>
          </test-suite>
        </test-suite>
      </test-suite>
    </test-suite>
    <test-suite type="Assembly" id="1320" name="UnitySkills.Tests.Editor.dll" fullname="D:/metro/.codex_tmp/station_unity_replay_verify/Library/ScriptAssemblies/UnitySkills.Tests.Editor.dll" runstate="Runnable" testcasecount="218" result="Passed" start-time="2026-08-01 14:10:19Z" end-time="2026-08-01 14:10:35Z" duration="16.284182" total="218" passed="218" failed="0" inconclusive="0" skipped="0" asserts="0">
      <properties>
        <property name="_PID" value="44696" />
        <property name="_APPDOMAIN" value="Unity Child Domain" />
        <property name="platform" value="EditMode" />
        <property name="EditorOnly" value="True" />
      </properties>
      <test-suite type="TestSuite" id="1321" name="UnitySkills" fullname="UnitySkills" runstate="Runnable" testcasecount="218" result="Passed" start-time="2026-08-01 14:10:19Z" end-time="2026-08-01 14:10:35Z" duration="16.283961" total="218" passed="218" failed="0" inconclusive="0" skipped="0" asserts="0">
        <properties />
        <test-suite type="TestSuite" id="1322" name="Tests" fullname="UnitySkills.Tests" runstate="Runnable" testcasecount="218" result="Passed" start-time="2026-08-01 14:10:19Z" end-time="2026-08-01 14:10:35Z" duration="16.283889" total="218" passed="218" failed="0" inconclusive="0" skipped="0" asserts="0">
          <properties />
          <test-suite type="TestSuite" id="1323" name="Core" fullname="UnitySkills.Tests.Core" runstate="Runnable" testcasecount="218" result="Passed" start-time="2026-08-01 14:10:19Z" end-time="2026-08-01 14:10:35Z" duration="16.283701" total="218" passed="218" failed="0" inconclusive="0" skipped="0" asserts="0">
            <properties />
            <test-suite type="TestFixture" id="1071" name="BatchExecutorTests" fullname="UnitySkills.Tests.Core.BatchExecutorTests" classname="UnitySkills.Tests.Core.BatchExecutorTests" runstate="Runnable" testcasecount="4" result="Passed" start-time="2026-08-01 14:10:19Z" end-time="2026-08-01 14:10:19Z" duration="0.017552" total="4" passed="4" failed="0" inconclusive="0" skipped="0" asserts="0">
              <properties />
              <test-case id="1073" name="Execute_EmptyItemsArray_ReturnsError" fullname="UnitySkills.Tests.Core.BatchExecutorTests.Execute_EmptyItemsArray_ReturnsError" methodname="Execute_EmptyItemsArray_ReturnsError" classname="UnitySkills.Tests.Core.BatchExecutorTests" runstate="Runnable" seed="1805340103" result="Passed" start-time="2026-08-01 14:10:19Z" end-time="2026-08-01 14:10:19Z" duration="0.004776" asserts="0">
                <properties>
                  <property name="retryIteration" value="0" />
                  <property name="repeatIteration" value="0" />
                </properties>
              </test-case>
              <test-case id="1075" name="Execute_MalformedItemsJson_ReturnsParseError" fullname="UnitySkills.Tests.Core.BatchExecutorTests.Execute_MalformedItemsJson_ReturnsParseError" methodname="Execute_MalformedItemsJson_ReturnsParseError" classname="UnitySkills.Tests.Core.BatchExecutorTests" runstate="Runnable" seed="304833536" result="Passed" start-time="2026-08-01 14:10:19Z" end-time="2026-08-01 14:10:19Z" duration="0.001929" asserts="0">
                <properties>
                  <property name="retryIteration" value="0" />
                  <property name="repeatIteration" value="0" />
                </properties>
              </test-case>
              <test-case id="1074" name="Execute_NullItemsJson_ReturnsError" fullname="UnitySkills.Tests.Core.BatchExecutorTests.Execute_NullItemsJson_ReturnsError" methodname="Execute_NullItemsJson_ReturnsError" classname="UnitySkills.Tests.Core.BatchExecutorTests" runstate="Runnable" seed="2017752356" result="Passed" start-time="2026-08-01 14:10:19Z" end-time="2026-08-01 14:10:19Z" duration="0.000479" asserts="0">
                <properties>
                  <property name="retryIteration" value="0" />
                  <property name="repeatIteration" value="0" />
                </properties>
              </test-case>
              <test-case id="1072" name="Execute_ProcessorThrowsForOneItem_BecomesFailedResult_OthersStillSucceed" fullname="UnitySkills.Tests.Core.BatchExecutorTests.Execute_ProcessorThrowsForOneItem_BecomesFailedResult_OthersStillSucceed" methodname="Execute_ProcessorThrowsForOneItem_BecomesFailedResult_OthersStillSucceed" classname="UnitySkills.Tests.Core.BatchExecutorTests" runstate="Runnable" seed="56058819" result="Passed" start-time="2026-08-01 14:10:19Z" end-time="2026-08-01 14:10:19Z" duration="0.009601" asserts="0">
                <properties>
                  <property name="retryIteration" value="0" />
                  <property name="repeatIteration" value="0" />
                </properties>
              </test-case>
            </test-suite>
            <test-suite type="TestFixture" id="1076" name="BatchGovernanceTests" fullname="UnitySkills.Tests.Core.BatchGovernanceTests" classname="UnitySkills.Tests.Core.BatchGovernanceTests" runstate="Runnable" testcasecount="11" result="Passed" start-time="2026-08-01 14:10:19Z" end-time="2026-08-01 14:10:19Z" duration="0.310637" total="11" passed="11" failed="0" inconclusive="0" skipped="0" asserts="0">
              <properties />
              <test-case id="1080" name="BatchCleanupTempObjects_AsyncJobCompletes" fullname="UnitySkills.Tests.Core.BatchGovernanceTests.BatchCleanupTempObjects_AsyncJobCompletes" methodname="BatchCleanupTempObjects_AsyncJobCompletes" classname="UnitySkills.Tests.Core.BatchGovernanceTests" runstate="Runnable" seed="307044085" result="Passed" start-time="2026-08-01 14:10:19Z" end-time="2026-08-01 14:10:19Z" duration="0.101592" asserts="0">
                <properties>
                  <property name="retryIteration" value="0" />
                  <property name="repeatIteration" value="0" />
                </properties>
                <output><![CDATA[<color=#E091FF>[UnitySkills]</color> Session started: <b>6a4febf6-0149-41cc-ad8e-8bfbe323c053</b>
<color=#E091FF>[UnitySkills]</color> Session ended: <b>6a4febf6-0149-41cc-ad8e-8bfbe323c053</b>
]]></output>
              </test-case>
              <test-case id="1078" name="BatchPreviewRename_ThenExecuteSync_RenamesObjectsAndCreatesReport" fullname="UnitySkills.Tests.Core.BatchGovernanceTests.BatchPreviewRename_ThenExecuteSync_RenamesObjectsAndCreatesReport" methodname="BatchPreviewRename_ThenExecuteSync_RenamesObjectsAndCreatesReport" classname="UnitySkills.Tests.Core.BatchGovernanceTests" runstate="Runnable" seed="1868650097" result="Passed" start-time="2026-08-01 14:10:19Z" end-time="2026-08-01 14:10:19Z" duration="0.025431" asserts="0">
                <properties>
                  <property name="retryIteration" value="0" />
                  <property name="repeatIteration" value="0" />
                </properties>
                <output><![CDATA[<color=#E091FF>[UnitySkills]</color> Session started: <b>9ff2db28-d33e-4b05-8553-4df8e5ecca88</b>
<color=#E091FF>[UnitySkills]</color> Session ended: <b>9ff2db28-d33e-4b05-8553-4df8e5ecca88</b>
]]></output>
              </test-case>
              <test-case id="1079" name="BatchPreviewSetProperty_WhenAlreadyAtTargetValue_ReturnsSkip" fullname="UnitySkills.Tests.Core.BatchGovernanceTests.BatchPreviewSetProperty_WhenAlreadyAtTargetValue_ReturnsSkip" methodname="BatchPreviewSetProperty_WhenAlreadyAtTargetValue_ReturnsSkip" classname="UnitySkills.Tests.Core.BatchGovernanceTests" runstate="Runnable" seed="1637766092" result="Passed" start-time="2026-08-01 14:10:19Z" end-time="2026-08-01 14:10:19Z" duration="0.015826" asserts="0">
                <properties>
                  <property name="retryIteration" value="0" />
                  <property name="repeatIteration" value="0" />
                </properties>
              </test-case>
              <test-case id="1083" name="BatchQueryAssets_FiltersByTypeAndFolder" fullname="UnitySkills.Tests.Core.BatchGovernanceTests.BatchQueryAssets_FiltersByTypeAndFolder" methodname="BatchQueryAssets_FiltersByTypeAndFolder" classname="UnitySkills.Tests.Core.BatchGovernanceTests" runstate="Runnable" seed="675223029" result="Passed" start-time="2026-08-01 14:10:19Z" end-time="2026-08-01 14:10:19Z" duration="0.014325" asserts="0">
                <properties>
                  <property name="retryIteration" value="0" />
                  <property name="repeatIteration" value="0" />
                </properties>
              </test-case>
              <test-case id="1082" name="BatchQueryGameObjects_FiltersByIsStatic" fullname="UnitySkills.Tests.Core.BatchGovernanceTests.BatchQueryGameObjects_FiltersByIsStatic" methodname="BatchQueryGameObjects_FiltersByIsStatic" classname="UnitySkills.Tests.Core.BatchGovernanceTests" runstate="Runnable" seed="166690577" result="Passed" start-time="2026-08-01 14:10:19Z" end-time="2026-08-01 14:10:19Z" duration="0.014126" asserts="0">
                <properties>
                  <property name="retryIteration" value="0" />
                  <property name="repeatIteration" value="0" />
                </properties>
              </test-case>
              <test-case id="1077" name="BatchQueryGameObjects_FiltersByName" fullname="UnitySkills.Tests.Core.BatchGovernanceTests.BatchQueryGameObjects_FiltersByName" methodname="BatchQueryGameObjects_FiltersByName" classname="UnitySkills.Tests.Core.BatchGovernanceTests" runstate="Runnable" seed="611564779" result="Passed" start-time="2026-08-01 14:10:19Z" end-time="2026-08-01 14:10:19Z" duration="0.010741" asserts="0">
                <properties>
                  <property name="retryIteration" value="0" />
                  <property name="repeatIteration" value="0" />
                </properties>
              </test-case>
              <test-case id="1081" name="BatchQueryGameObjects_FiltersByNamePattern_Regex" fullname="UnitySkills.Tests.Core.BatchGovernanceTests.BatchQueryGameObjects_FiltersByNamePattern_Regex" methodname="BatchQueryGameObjects_FiltersByNamePattern_Regex" classname="UnitySkills.Tests.Core.BatchGovernanceTests" runstate="Runnable" seed="2008216949" result="Passed" start-time="2026-08-01 14:10:19Z" end-time="2026-08-01 14:10:19Z" duration="0.010561" asserts="0">
                <properties>
                  <property name="retryIteration" value="0" />
                  <property name="repeatIteration" value="0" />
                </properties>
              </test-case>
              <test-case id="1085" name="BatchRetryFailed_ReplaysStoredOperationContext" fullname="UnitySkills.Tests.Core.BatchGovernanceTests.BatchRetryFailed_ReplaysStoredOperationContext" methodname="BatchRetryFailed_ReplaysStoredOperationContext" classname="UnitySkills.Tests.Core.BatchGovernanceTests" runstate="Runnable" seed="1556806286" result="Passed" start-time="2026-08-01 14:10:19Z" end-time="2026-08-01 14:10:19Z" duration="0.028304" asserts="0">
                <properties>
                  <property name="retryIteration" value="0" />
                  <property name="repeatIteration" value="0" />
                </properties>
                <output><![CDATA[<color=#E091FF>[UnitySkills]</color> Session started: <b>07531274-fb8d-49b7-b5f3-f856f67d9ffd</b>
<color=#E091FF>[UnitySkills]</color> Session ended: <b>07531274-fb8d-49b7-b5f3-f856f67d9ffd</b>
]]></output>
              </test-case>
              <test-case id="1084" name="BatchRetryFailed_WithNoFailedItems_ReturnsZeroCount" fullname="UnitySkills.Tests.Core.BatchGovernanceTests.BatchRetryFailed_WithNoFailedItems_ReturnsZeroCount" methodname="BatchRetryFailed_WithNoFailedItems_ReturnsZeroCount" classname="UnitySkills.Tests.Core.BatchGovernanceTests" runstate="Runnable" seed="84582069" result="Passed" start-time="2026-08-01 14:10:19Z" end-time="2026-08-01 14:10:19Z" duration="0.025043" asserts="0">
                <properties>
                  <property name="retryIteration" value="0" />
                  <property name="repeatIteration" value="0" />
                </properties>
                <output><![CDATA[<color=#E091FF>[UnitySkills]</color> Session started: <b>23529386-8ab6-455d-a27e-50bfb18d868b</b>
<color=#E091FF>[UnitySkills]</color> Session ended: <b>23529386-8ab6-455d-a27e-50bfb18d868b</b>
]]></output>
              </test-case>
              <test-case id="1086" name="TestSmokeSkills_ForTestCategory_ReturnsAggregateSummary" fullname="UnitySkills.Tests.Core.BatchGovernanceTests.TestSmokeSkills_ForTestCategory_ReturnsAggregateSummary" methodname="TestSmokeSkills_ForTestCategory_ReturnsAggregateSummary" classname="UnitySkills.Tests.Core.BatchGovernanceTests" runstate="Runnable" seed="839479402" result="Passed" start-time="2026-08-01 14:10:19Z" end-time="2026-08-01 14:10:19Z" duration="0.051544" asserts="0">
                <properties>
                  <property name="retryIteration" value="0" />
                  <property name="repeatIteration" value="0" />
                </properties>
                <output><![CDATA[[UnitySkills] Discovered 776 skills
]]></output>
              </test-case>
              <test-case id="1087" name="TestSmokeSkills_SkipsKnownMissingPackageInsteadOfReportingFailure" fullname="UnitySkills.Tests.Core.BatchGovernanceTests.TestSmokeSkills_SkipsKnownMissingPackageInsteadOfReportingFailure" methodname="TestSmokeSkills_SkipsKnownMissingPackageInsteadOfReportingFailure" classname="UnitySkills.Tests.Core.BatchGovernanceTests" runstate="Runnable" seed="133770302" result="Passed" start-time="2026-08-01 14:10:19Z" end-time="2026-08-01 14:10:19Z" duration="0.011168" asserts="0">
                <properties>
                  <property name="retryIteration" value="0" />
                  <property name="repeatIteration" value="0" />
                </properties>
              </test-case>
            </test-suite>
            <test-suite type="TestFixture" id="1088" name="CinemachineSkillsTests" fullname="UnitySkills.Tests.Core.CinemachineSkillsTests" classname="UnitySkills.Tests.Core.CinemachineSkillsTests" runstate="Runnable" testcasecount="1" result="Passed" start-time="2026-08-01 14:10:19Z" end-time="2026-08-01 14:10:19Z" duration="0.006139" total="1" passed="1" failed="0" inconclusive="0" skipped="0" asserts="0">
              <properties />
              <test-case id="1089" name="CinemachineNotInstalled_Skip" fullname="UnitySkills.Tests.Core.CinemachineSkillsTests.CinemachineNotInstalled_Skip" methodname="CinemachineNotInstalled_Skip" classname="UnitySkills.Tests.Core.CinemachineSkillsTests" runstate="Runnable" seed="355594149" result="Passed" start-time="2026-08-01 14:10:19Z" end-time="2026-08-01 14:10:19Z" duration="0.001893" asserts="0">
                <properties>
                  <property name="retryIteration" value="0" />
                  <property name="repeatIteration" value="0" />
                </properties>
                <reason>
                  <message><![CDATA[Cinemachine 未安装，跳过相关测试。]]></message>
                </reason>
              </test-case>
            </test-suite>
            <test-suite type="TestFixture" id="1090" name="DeepInspectorSkillTests" fullname="UnitySkills.Tests.Core.DeepInspectorSkillTests" classname="UnitySkills.Tests.Core.DeepInspectorSkillTests" runstate="Runnable" testcasecount="4" result="Passed" start-time="2026-08-01 14:10:19Z" end-time="2026-08-01 14:10:21Z" duration="1.840135" total="4" passed="4" failed="0" inconclusive="0" skipped="0" asserts="0">
              <properties />
              <test-case id="1093" name="ComponentCopyExact_CopiesAndVerifiesSerializedFields" fullname="UnitySkills.Tests.Core.DeepInspectorSkillTests.ComponentCopyExact_CopiesAndVerifiesSerializedFields" methodname="ComponentCopyExact_CopiesAndVerifiesSerializedFields" classname="UnitySkills.Tests.Core.DeepInspectorSkillTests" runstate="Runnable" seed="1752817636" result="Passed" start-time="2026-08-01 14:10:19Z" end-time="2026-08-01 14:10:20Z" duration="0.918847" asserts="0">
                <properties>
                  <property name="retryIteration" value="0" />
                  <property name="repeatIteration" value="0" />
                </properties>
              </test-case>
              <test-case id="1092" name="ComponentSetSerializedProperty_SetsInspectorVisibleFieldsAndReferences" fullname="UnitySkills.Tests.Core.DeepInspectorSkillTests.ComponentSetSerializedProperty_SetsInspectorVisibleFieldsAndReferences" methodname="ComponentSetSerializedProperty_SetsInspectorVisibleFieldsAndReferences" classname="UnitySkills.Tests.Core.DeepInspectorSkillTests" runstate="Runnable" seed="1105606910" result="Passed" start-time="2026-08-01 14:10:20Z" end-time="2026-08-01 14:10:20Z" duration="0.615525" asserts="0">
                <properties>
                  <property name="retryIteration" value="0" />
                  <property name="repeatIteration" value="0" />
                </properties>
              </test-case>
              <test-case id="1094" name="EventSetListener_ReplacesButtonOnClickPersistentListener" fullname="UnitySkills.Tests.Core.DeepInspectorSkillTests.EventSetListener_ReplacesButtonOnClickPersistentListener" methodname="EventSetListener_ReplacesButtonOnClickPersistentListener" classname="UnitySkills.Tests.Core.DeepInspectorSkillTests" runstate="Runnable" seed="176846906" result="Passed" start-time="2026-08-01 14:10:20Z" end-time="2026-08-01 14:10:21Z" duration="0.153605" asserts="0">
                <properties>
                  <property name="retryIteration" value="0" />
                  <property name="repeatIteration" value="0" />
                </properties>
              </test-case>
              <test-case id="1091" name="UISetRectTransform_CoversAnchorsOffsetsAndLocalTransform" fullname="UnitySkills.Tests.Core.DeepInspectorSkillTests.UISetRectTransform_CoversAnchorsOffsetsAndLocalTransform" methodname="UISetRectTransform_CoversAnchorsOffsetsAndLocalTransform" classname="UnitySkills.Tests.Core.DeepInspectorSkillTests" runstate="Runnable" seed="2003695780" result="Passed" start-time="2026-08-01 14:10:21Z" end-time="2026-08-01 14:10:21Z" duration="0.151358" asserts="0">
                <properties>
                  <property name="retryIteration" value="0" />
                  <property name="repeatIteration" value="0" />
                </properties>
              </test-case>
            </test-suite>
            <test-suite type="TestFixture" id="1095" name="EditorChangeTrackerTests" fullname="UnitySkills.Tests.Core.EditorChangeTrackerTests" classname="UnitySkills.Tests.Core.EditorChangeTrackerTests" runstate="Runnable" testcasecount="6" result="Passed" start-time="2026-08-01 14:10:21Z" end-time="2026-08-01 14:10:21Z" duration="0.254529" total="6" passed="6" failed="0" inconclusive="0" skipped="0" asserts="0">
              <properties />
              <test-case id="1099" name="Journal_ReloadsFromDiskAcrossDomainStyleReset" fullname="UnitySkills.Tests.Core.EditorChangeTrackerTests.Journal_ReloadsFromDiskAcrossDomainStyleReset" methodname="Journal_ReloadsFromDiskAcrossDomainStyleReset" classname="UnitySkills.Tests.Core.EditorChangeTrackerTests" runstate="Runnable" seed="1879224426" result="Passed" start-time="2026-08-01 14:10:21Z" end-time="2026-08-01 14:10:21Z" duration="0.009484" asserts="0">
                <properties>
                  <property name="retryIteration" value="0" />
                  <property name="repeatIteration" value="0" />
                </properties>
              </test-case>
              <test-case id="1097" name="ReadChanges_FiltersTypeAndSource" fullname="UnitySkills.Tests.Core.EditorChangeTrackerTests.ReadChanges_FiltersTypeAndSource" methodname="ReadChanges_FiltersTypeAndSource" classname="UnitySkills.Tests.Core.EditorChangeTrackerTests" runstate="Runnable" seed="1206129400" result="Passed" start-time="2026-08-01 14:10:21Z" end-time="2026-08-01 14:10:21Z" duration="0.002888" asserts="0">
                <properties>
                  <property name="retryIteration" value="0" />
                  <property name="repeatIteration" value="0" />
                </properties>
              </test-case>
              <test-case id="1098" name="ReadChanges_LimitKeepsNewestAndReportsTruncation" fullname="UnitySkills.Tests.Core.EditorChangeTrackerTests.ReadChanges_LimitKeepsNewestAndReportsTruncation" methodname="ReadChanges_LimitKeepsNewestAndReportsTruncation" classname="UnitySkills.Tests.Core.EditorChangeTrackerTests" runstate="Runnable" seed="1874680983" result="Passed" start-time="2026-08-01 14:10:21Z" end-time="2026-08-01 14:10:21Z" duration="0.005035" asserts="0">
                <properties>
                  <property name="retryIteration" value="0" />
                  <property name="repeatIteration" value="0" />
                </properties>
              </test-case>
              <test-case id="1101" name="ReadChanges_RejectsUnknownFilters" fullname="UnitySkills.Tests.Core.EditorChangeTrackerTests.ReadChanges_RejectsUnknownFilters" methodname="ReadChanges_RejectsUnknownFilters" classname="UnitySkills.Tests.Core.EditorChangeTrackerTests" runstate="Runnable" seed="141891643" result="Passed" start-time="2026-08-01 14:10:21Z" end-time="2026-08-01 14:10:21Z" duration="0.000590" asserts="0">
                <properties>
                  <property name="retryIteration" value="0" />
                  <property name="repeatIteration" value="0" />
                </properties>
              </test-case>
              <test-case id="1100" name="ReadChanges_ReportsDroppedWhenRetentionWasExceeded" fullname="UnitySkills.Tests.Core.EditorChangeTrackerTests.ReadChanges_ReportsDroppedWhenRetentionWasExceeded" methodname="ReadChanges_ReportsDroppedWhenRetentionWasExceeded" classname="UnitySkills.Tests.Core.EditorChangeTrackerTests" runstate="Runnable" seed="1029021344" result="Passed" start-time="2026-08-01 14:10:21Z" end-time="2026-08-01 14:10:21Z" duration="0.230188" asserts="0">
                <properties>
                  <property name="retryIteration" value="0" />
                  <property name="repeatIteration" value="0" />
                </properties>
              </test-case>
              <test-case id="1096" name="ReadChanges_ReturnsHistoryAndCursor" fullname="UnitySkills.Tests.Core.EditorChangeTrackerTests.ReadChanges_ReturnsHistoryAndCursor" methodname="ReadChanges_ReturnsHistoryAndCursor" classname="UnitySkills.Tests.Core.EditorChangeTrackerTests" runstate="Runnable" seed="1506531914" result="Passed" start-time="2026-08-01 14:10:21Z" end-time="2026-08-01 14:10:21Z" duration="0.001779" asserts="0">
                <properties>
                  <property name="retryIteration" value="0" />
                  <property name="repeatIteration" value="0" />
                </properties>
              </test-case>
            </test-suite>
            <test-suite type="TestFixture" id="1102" name="EditorUndoRedoTests" fullname="UnitySkills.Tests.Core.EditorUndoRedoTests" classname="UnitySkills.Tests.Core.EditorUndoRedoTests" runstate="Runnable" testcasecount="1" result="Passed" start-time="2026-08-01 14:10:21Z" end-time="2026-08-01 14:10:21Z" duration="0.037634" total="1" passed="1" failed="0" inconclusive="0" skipped="0" asserts="0">
              <properties />
              <test-case id="1103" name="EditorUndoRedo_RestoresLatestSkillMutation" fullname="UnitySkills.Tests.Core.EditorUndoRedoTests.EditorUndoRedo_RestoresLatestSkillMutation" methodname="EditorUndoRedo_RestoresLatestSkillMutation" classname="UnitySkills.Tests.Core.EditorUndoRedoTests" runstate="Runnable" seed="20977358" result="Passed" start-time="2026-08-01 14:10:21Z" end-time="2026-08-01 14:10:21Z" duration="0.036634" asserts="0">
                <properties>
                  <property name="retryIteration" value="0" />
                  <property name="repeatIteration" value="0" />
                </properties>
              </test-case>
            </test-suite>
            <test-suite type="TestFixture" id="1104" name="NewCapabilitiesTests" fullname="UnitySkills.Tests.Core.NewCapabilitiesTests" classname="UnitySkills.Tests.Core.NewCapabilitiesTests" runstate="Runnable" testcasecount="30" result="Passed" start-time="2026-08-01 14:10:21Z" end-time="2026-08-01 14:10:22Z" duration="0.720019" total="30" passed="30" failed="0" inconclusive="0" skipped="0" asserts="0">
              <properties />
              <test-case id="1124" name="BatchDiff_CreateThenModify_ReportsOnlyFinalAddedObject" fullname="UnitySkills.Tests.Core.NewCapabilitiesTests.BatchDiff_CreateThenModify_ReportsOnlyFinalAddedObject" methodname="BatchDiff_CreateThenModify_ReportsOnlyFinalAddedObject" classname="UnitySkills.Tests.Core.NewCapabilitiesTests" runstate="Runnable" seed="596050228" result="Passed" start-time="2026-08-01 14:10:21Z" end-time="2026-08-01 14:10:21Z" duration="0.032227" asserts="0">
                <properties>
                  <property name="retryIteration" value="0" />
                  <property name="repeatIteration" value="0" />
                </properties>
              </test-case>
              <test-case id="1127" name="BatchDiff_DeleteExistingObject_ReportsRemoved" fullname="UnitySkills.Tests.Core.NewCapabilitiesTests.BatchDiff_DeleteExistingObject_ReportsRemoved" methodname="BatchDiff_DeleteExistingObject_ReportsRemoved" classname="UnitySkills.Tests.Core.NewCapabilitiesTests" runstate="Runnable" seed="681654819" result="Passed" start-time="2026-08-01 14:10:21Z" end-time="2026-08-01 14:10:21Z" duration="0.018477" asserts="0">
                <properties>
                  <property name="retryIteration" value="0" />
                  <property name="repeatIteration" value="0" />
                </properties>
              </test-case>
              <test-case id="1125" name="BatchDiff_ExistingObjectMultipleSteps_ReportsFinalNetChangeOnce" fullname="UnitySkills.Tests.Core.NewCapabilitiesTests.BatchDiff_ExistingObjectMultipleSteps_ReportsFinalNetChangeOnce" methodname="BatchDiff_ExistingObjectMultipleSteps_ReportsFinalNetChangeOnce" classname="UnitySkills.Tests.Core.NewCapabilitiesTests" runstate="Runnable" seed="1259258920" result="Passed" start-time="2026-08-01 14:10:21Z" end-time="2026-08-01 14:10:21Z" duration="0.025233" asserts="0">
                <properties>
                  <property name="retryIteration" value="0" />
                  <property name="repeatIteration" value="0" />
                </properties>
              </test-case>
              <test-case id="1128" name="BatchDiff_PartialFailure_ReturnsSuccessfulNetChanges" fullname="UnitySkills.Tests.Core.NewCapabilitiesTests.BatchDiff_PartialFailure_ReturnsSuccessfulNetChanges" methodname="BatchDiff_PartialFailure_ReturnsSuccessfulNetChanges" classname="UnitySkills.Tests.Core.NewCapabilitiesTests" runstate="Runnable" seed="865254373" result="Passed" start-time="2026-08-01 14:10:21Z" end-time="2026-08-01 14:10:21Z" duration="0.026985" asserts="0">
                <properties>
                  <property name="retryIteration" value="0" />
                  <property name="repeatIteration" value="0" />
                </properties>
              </test-case>
              <test-case id="1126" name="BatchDiff_ReadOnlyBatch_ReturnsNote" fullname="UnitySkills.Tests.Core.NewCapabilitiesTests.BatchDiff_ReadOnlyBatch_ReturnsNote" methodname="BatchDiff_ReadOnlyBatch_ReturnsNote" classname="UnitySkills.Tests.Core.NewCapabilitiesTests" runstate="Runnable" seed="927608622" result="Passed" start-time="2026-08-01 14:10:21Z" end-time="2026-08-01 14:10:21Z" duration="0.015877" asserts="0">
                <properties>
                  <property name="retryIteration" value="0" />
                  <property name="repeatIteration" value="0" />
                </properties>
              </test-case>
              <test-case id="1130" name="BatchDiff_ResolvedRefTarget_IsAggregated" fullname="UnitySkills.Tests.Core.NewCapabilitiesTests.BatchDiff_ResolvedRefTarget_IsAggregated" methodname="BatchDiff_ResolvedRefTarget_IsAggregated" classname="UnitySkills.Tests.Core.NewCapabilitiesTests" runstate="Runnable" seed="944048184" result="Passed" start-time="2026-08-01 14:10:21Z" end-time="2026-08-01 14:10:21Z" duration="0.023053" asserts="0">
                <properties>
                  <property name="retryIteration" value="0" />
                  <property name="repeatIteration" value="0" />
                </properties>
              </test-case>
              <test-case id="1129" name="BatchDiff_TransactionalRollback_ReportsRolledBackNetState" fullname="UnitySkills.Tests.Core.NewCapabilitiesTests.BatchDiff_TransactionalRollback_ReportsRolledBackNetState" methodname="BatchDiff_TransactionalRollback_ReportsRolledBackNetState" classname="UnitySkills.Tests.Core.NewCapabilitiesTests" runstate="Runnable" seed="1832148481" result="Passed" start-time="2026-08-01 14:10:21Z" end-time="2026-08-01 14:10:21Z" duration="0.025553" asserts="0">
                <properties>
                  <property name="retryIteration" value="0" />
                  <property name="repeatIteration" value="0" />
                </properties>
                <output><![CDATA[[UnitySkills] Transactional batch rolled back 1 executed step(s) after a failed step (undo group 17).
]]></output>
              </test-case>
              <test-case id="1113" name="BuildPlayer_ExistingOutputRequiresOverwrite" fullname="UnitySkills.Tests.Core.NewCapabilitiesTests.BuildPlayer_ExistingOutputRequiresOverwrite" methodname="BuildPlayer_ExistingOutputRequiresOverwrite" classname="UnitySkills.Tests.Core.NewCapabilitiesTests" runstate="Runnable" seed="773878567" result="Passed" start-time="2026-08-01 14:10:21Z" end-time="2026-08-01 14:10:21Z" duration="0.014416" asserts="0">
                <properties>
                  <property name="retryIteration" value="0" />
                  <property name="repeatIteration" value="0" />
                </properties>
              </test-case>
              <test-case id="1114" name="BuildPlayer_ExplicitScenesValidate" fullname="UnitySkills.Tests.Core.NewCapabilitiesTests.BuildPlayer_ExplicitScenesValidate" methodname="BuildPlayer_ExplicitScenesValidate" classname="UnitySkills.Tests.Core.NewCapabilitiesTests" runstate="Runnable" seed="1019542962" result="Passed" start-time="2026-08-01 14:10:21Z" end-time="2026-08-01 14:10:22Z" duration="0.254962" asserts="0">
                <properties>
                  <property name="retryIteration" value="0" />
                  <property name="repeatIteration" value="0" />
                </properties>
              </test-case>
              <test-case id="1112" name="BuildPlayer_OutputPathRejectsOutsideAndProtectedProjectFolders" fullname="UnitySkills.Tests.Core.NewCapabilitiesTests.BuildPlayer_OutputPathRejectsOutsideAndProtectedProjectFolders" methodname="BuildPlayer_OutputPathRejectsOutsideAndProtectedProjectFolders" classname="UnitySkills.Tests.Core.NewCapabilitiesTests" runstate="Runnable" seed="1329357970" result="Passed" start-time="2026-08-01 14:10:22Z" end-time="2026-08-01 14:10:22Z" duration="0.011923" asserts="0">
                <properties>
                  <property name="retryIteration" value="0" />
                  <property name="repeatIteration" value="0" />
                </properties>
              </test-case>
              <test-suite type="ParameterizedMethod" id="1111" name="BuildPlayer_TargetAliasesResolve" fullname="UnitySkills.Tests.Core.NewCapabilitiesTests.BuildPlayer_TargetAliasesResolve" classname="UnitySkills.Tests.Core.NewCapabilitiesTests" runstate="Runnable" testcasecount="6" result="Passed" start-time="2026-08-01 14:10:22Z" end-time="2026-08-01 14:10:22Z" duration="0.068125" total="6" passed="6" failed="0" inconclusive="0" skipped="0" asserts="0">
                <properties />
                <test-case id="1105" name="BuildPlayer_TargetAliasesResolve(&quot;macOS&quot;,StandaloneOSX)" fullname="UnitySkills.Tests.Core.NewCapabilitiesTests.BuildPlayer_TargetAliasesResolve(&quot;macOS&quot;,StandaloneOSX)" methodname="BuildPlayer_TargetAliasesResolve" classname="UnitySkills.Tests.Core.NewCapabilitiesTests" runstate="Runnable" seed="1065710014" result="Passed" start-time="2026-08-01 14:10:22Z" end-time="2026-08-01 14:10:22Z" duration="0.011349" asserts="0">
                  <properties>
                    <property name="retryIteration" value="0" />
                    <property name="repeatIteration" value="0" />
                  </properties>
                </test-case>
                <test-case id="1106" name="BuildPlayer_TargetAliasesResolve(&quot;windows64&quot;,StandaloneWindows64)" fullname="UnitySkills.Tests.Core.NewCapabilitiesTests.BuildPlayer_TargetAliasesResolve(&quot;windows64&quot;,StandaloneWindows64)" methodname="BuildPlayer_TargetAliasesResolve" classname="UnitySkills.Tests.Core.NewCapabilitiesTests" runstate="Runnable" seed="705826686" result="Passed" start-time="2026-08-01 14:10:22Z" end-time="2026-08-01 14:10:22Z" duration="0.010379" asserts="0">
                  <properties>
                    <property name="retryIteration" value="0" />
                    <property name="repeatIteration" value="0" />
                  </properties>
                </test-case>
                <test-case id="1107" name="BuildPlayer_TargetAliasesResolve(&quot;linux64&quot;,StandaloneLinux64)" fullname="UnitySkills.Tests.Core.NewCapabilitiesTests.BuildPlayer_TargetAliasesResolve(&quot;linux64&quot;,StandaloneLinux64)" methodname="BuildPlayer_TargetAliasesResolve" classname="UnitySkills.Tests.Core.NewCapabilitiesTests" runstate="Runnable" seed="1945334886" result="Passed" start-time="2026-08-01 14:10:22Z" end-time="2026-08-01 14:10:22Z" duration="0.012355" asserts="0">
                  <properties>
                    <property name="retryIteration" value="0" />
                    <property name="repeatIteration" value="0" />
                  </properties>
                </test-case>
                <test-case id="1108" name="BuildPlayer_TargetAliasesResolve(&quot;android&quot;,Android)" fullname="UnitySkills.Tests.Core.NewCapabilitiesTests.BuildPlayer_TargetAliasesResolve(&quot;android&quot;,Android)" methodname="BuildPlayer_TargetAliasesResolve" classname="UnitySkills.Tests.Core.NewCapabilitiesTests" runstate="Runnable" seed="695286097" result="Passed" start-time="2026-08-01 14:10:22Z" end-time="2026-08-01 14:10:22Z" duration="0.011268" asserts="0">
                  <properties>
                    <property name="retryIteration" value="0" />
                    <property name="repeatIteration" value="0" />
                  </properties>
                </test-case>
                <test-case id="1109" name="BuildPlayer_TargetAliasesResolve(&quot;webgl&quot;,WebGL)" fullname="UnitySkills.Tests.Core.NewCapabilitiesTests.BuildPlayer_TargetAliasesResolve(&quot;webgl&quot;,WebGL)" methodname="BuildPlayer_TargetAliasesResolve" classname="UnitySkills.Tests.Core.NewCapabilitiesTests" runstate="Runnable" seed="1175883802" result="Passed" start-time="2026-08-01 14:10:22Z" end-time="2026-08-01 14:10:22Z" duration="0.010794" asserts="0">
                  <properties>
                    <property name="retryIteration" value="0" />
                    <property name="repeatIteration" value="0" />
                  </properties>
                </test-case>
                <test-case id="1110" name="BuildPlayer_TargetAliasesResolve(&quot;iOS&quot;,iOS)" fullname="UnitySkills.Tests.Core.NewCapabilitiesTests.BuildPlayer_TargetAliasesResolve(&quot;iOS&quot;,iOS)" methodname="BuildPlayer_TargetAliasesResolve" classname="UnitySkills.Tests.Core.NewCapabilitiesTests" runstate="Runnable" seed="633193082" result="Passed" start-time="2026-08-01 14:10:22Z" end-time="2026-08-01 14:10:22Z" duration="0.010340" asserts="0">
                  <properties>
                    <property name="retryIteration" value="0" />
                    <property name="repeatIteration" value="0" />
                  </properties>
                </test-case>
              </test-suite>
              <test-case id="1137" name="NewSkills_HaveExpectedRiskAndAsyncMetadata" fullname="UnitySkills.Tests.Core.NewCapabilitiesTests.NewSkills_HaveExpectedRiskAndAsyncMetadata" methodname="NewSkills_HaveExpectedRiskAndAsyncMetadata" classname="UnitySkills.Tests.Core.NewCapabilitiesTests" runstate="Runnable" seed="80972580" result="Passed" start-time="2026-08-01 14:10:22Z" end-time="2026-08-01 14:10:22Z" duration="0.010388" asserts="0">
                <properties>
                  <property name="retryIteration" value="0" />
                  <property name="repeatIteration" value="0" />
                </properties>
              </test-case>
              <test-case id="1136" name="PlayCapture_DomainReloadRecovery_AcceptsRuntimeErrors" fullname="UnitySkills.Tests.Core.NewCapabilitiesTests.PlayCapture_DomainReloadRecovery_AcceptsRuntimeErrors" methodname="PlayCapture_DomainReloadRecovery_AcceptsRuntimeErrors" classname="UnitySkills.Tests.Core.NewCapabilitiesTests" runstate="Runnable" seed="778432637" result="Passed" start-time="2026-08-01 14:10:22Z" end-time="2026-08-01 14:10:22Z" duration="0.012144" asserts="0">
                <properties>
                  <property name="retryIteration" value="0" />
                  <property name="repeatIteration" value="0" />
                </properties>
              </test-case>
              <test-case id="1135" name="PlayCapture_DomainReloadRecovery_ResumesPersistedStage" fullname="UnitySkills.Tests.Core.NewCapabilitiesTests.PlayCapture_DomainReloadRecovery_ResumesPersistedStage" methodname="PlayCapture_DomainReloadRecovery_ResumesPersistedStage" classname="UnitySkills.Tests.Core.NewCapabilitiesTests" runstate="Runnable" seed="1722341823" result="Passed" start-time="2026-08-01 14:10:22Z" end-time="2026-08-01 14:10:22Z" duration="0.010663" asserts="0">
                <properties>
                  <property name="retryIteration" value="0" />
                  <property name="repeatIteration" value="0" />
                </properties>
              </test-case>
              <test-suite type="ParameterizedMethod" id="1134" name="PlayCapture_DurationOutsideRange_IsRejected" fullname="UnitySkills.Tests.Core.NewCapabilitiesTests.PlayCapture_DurationOutsideRange_IsRejected" classname="UnitySkills.Tests.Core.NewCapabilitiesTests" runstate="Runnable" testcasecount="2" result="Passed" start-time="2026-08-01 14:10:22Z" end-time="2026-08-01 14:10:22Z" duration="0.022312" total="2" passed="2" failed="0" inconclusive="0" skipped="0" asserts="0">
                <properties />
                <test-case id="1132" name="PlayCapture_DurationOutsideRange_IsRejected(0)" fullname="UnitySkills.Tests.Core.NewCapabilitiesTests.PlayCapture_DurationOutsideRange_IsRejected(0)" methodname="PlayCapture_DurationOutsideRange_IsRejected" classname="UnitySkills.Tests.Core.NewCapabilitiesTests" runstate="Runnable" seed="774312743" result="Passed" start-time="2026-08-01 14:10:22Z" end-time="2026-08-01 14:10:22Z" duration="0.011356" asserts="0">
                  <properties>
                    <property name="retryIteration" value="0" />
                    <property name="repeatIteration" value="0" />
                  </properties>
                </test-case>
                <test-case id="1133" name="PlayCapture_DurationOutsideRange_IsRejected(301)" fullname="UnitySkills.Tests.Core.NewCapabilitiesTests.PlayCapture_DurationOutsideRange_IsRejected(301)" methodname="PlayCapture_DurationOutsideRange_IsRejected" classname="UnitySkills.Tests.Core.NewCapabilitiesTests" runstate="Runnable" seed="167352551" result="Passed" start-time="2026-08-01 14:10:22Z" end-time="2026-08-01 14:10:22Z" duration="0.010176" asserts="0">
                  <properties>
                    <property name="retryIteration" value="0" />
                    <property name="repeatIteration" value="0" />
                  </properties>
                </test-case>
              </test-suite>
              <test-case id="1131" name="PlayCapture_ErrorAggregation_DeduplicatesAndTruncates" fullname="UnitySkills.Tests.Core.NewCapabilitiesTests.PlayCapture_ErrorAggregation_DeduplicatesAndTruncates" methodname="PlayCapture_ErrorAggregation_DeduplicatesAndTruncates" classname="UnitySkills.Tests.Core.NewCapabilitiesTests" runstate="Runnable" seed="717439665" result="Passed" start-time="2026-08-01 14:10:22Z" end-time="2026-08-01 14:10:22Z" duration="0.012314" asserts="0">
                <properties>
                  <property name="retryIteration" value="0" />
                  <property name="repeatIteration" value="0" />
                </properties>
              </test-case>
              <test-case id="1121" name="RecommendationHealth_SlowSkillWarnsWithoutPenalty" fullname="UnitySkills.Tests.Core.NewCapabilitiesTests.RecommendationHealth_SlowSkillWarnsWithoutPenalty" methodname="RecommendationHealth_SlowSkillWarnsWithoutPenalty" classname="UnitySkills.Tests.Core.NewCapabilitiesTests" runstate="Runnable" seed="104547460" result="Passed" start-time="2026-08-01 14:10:22Z" end-time="2026-08-01 14:10:22Z" duration="0.012691" asserts="0">
                <properties>
                  <property name="retryIteration" value="0" />
                  <property name="repeatIteration" value="0" />
                </properties>
              </test-case>
              <test-suite type="ParameterizedMethod" id="1120" name="RecommendationHealth_UsesSampleGateAndBoundedPenalty" fullname="UnitySkills.Tests.Core.NewCapabilitiesTests.RecommendationHealth_UsesSampleGateAndBoundedPenalty" classname="UnitySkills.Tests.Core.NewCapabilitiesTests" runstate="Runnable" testcasecount="5" result="Passed" start-time="2026-08-01 14:10:22Z" end-time="2026-08-01 14:10:22Z" duration="0.052160" total="5" passed="5" failed="0" inconclusive="0" skipped="0" asserts="0">
                <properties />
                <test-case id="1115" name="RecommendationHealth_UsesSampleGateAndBoundedPenalty(4,4,100,0)" fullname="UnitySkills.Tests.Core.NewCapabilitiesTests.RecommendationHealth_UsesSampleGateAndBoundedPenalty(4,4,100,0)" methodname="RecommendationHealth_UsesSampleGateAndBoundedPenalty" classname="UnitySkills.Tests.Core.NewCapabilitiesTests" runstate="Runnable" seed="1828008937" result="Passed" start-time="2026-08-01 14:10:22Z" end-time="2026-08-01 14:10:22Z" duration="0.010489" asserts="0">
                  <properties>
                    <property name="retryIteration" value="0" />
                    <property name="repeatIteration" value="0" />
                  </properties>
                </test-case>
[...]
                </properties>
              </test-case>
              <test-case id="1288" name="SafePath_InvalidRootPath_ReturnsError" fullname="UnitySkills.Tests.Core.ValidateTests.SafePath_InvalidRootPath_ReturnsError" methodname="SafePath_InvalidRootPath_ReturnsError" classname="UnitySkills.Tests.Core.ValidateTests" runstate="Runnable" seed="1337064459" result="Passed" start-time="2026-08-01 14:10:29Z" end-time="2026-08-01 14:10:29Z" duration="0.000056" asserts="0">
                <properties>
                  <property name="retryIteration" value="0" />
                  <property name="repeatIteration" value="0" />
                </properties>
              </test-case>
              <test-case id="1282" name="SafePath_NullPath_ReturnsError" fullname="UnitySkills.Tests.Core.ValidateTests.SafePath_NullPath_ReturnsError" methodname="SafePath_NullPath_ReturnsError" classname="UnitySkills.Tests.Core.ValidateTests" runstate="Runnable" seed="1374324967" result="Passed" start-time="2026-08-01 14:10:29Z" end-time="2026-08-01 14:10:29Z" duration="0.000053" asserts="0">
                <properties>
                  <property name="retryIteration" value="0" />
                  <property name="repeatIteration" value="0" />
                </properties>
              </test-case>
              <test-case id="1284" name="SafePath_PathTraversal_ReturnsError" fullname="UnitySkills.Tests.Core.ValidateTests.SafePath_PathTraversal_ReturnsError" methodname="SafePath_PathTraversal_ReturnsError" classname="UnitySkills.Tests.Core.ValidateTests" runstate="Runnable" seed="1704654611" result="Passed" start-time="2026-08-01 14:10:29Z" end-time="2026-08-01 14:10:29Z" duration="0.000056" asserts="0">
                <properties>
                  <property name="retryIteration" value="0" />
                  <property name="repeatIteration" value="0" />
                </properties>
              </test-case>
              <test-case id="1285" name="SafePath_PathTraversalDoubleDot_ReturnsError" fullname="UnitySkills.Tests.Core.ValidateTests.SafePath_PathTraversalDoubleDot_ReturnsError" methodname="SafePath_PathTraversalDoubleDot_ReturnsError" classname="UnitySkills.Tests.Core.ValidateTests" runstate="Runnable" seed="1229444131" result="Passed" start-time="2026-08-01 14:10:29Z" end-time="2026-08-01 14:10:29Z" duration="0.000054" asserts="0">
                <properties>
                  <property name="retryIteration" value="0" />
                  <property name="repeatIteration" value="0" />
                </properties>
              </test-case>
              <test-case id="1286" name="SafePath_ValidAssetsPath_ReturnsNull" fullname="UnitySkills.Tests.Core.ValidateTests.SafePath_ValidAssetsPath_ReturnsNull" methodname="SafePath_ValidAssetsPath_ReturnsNull" classname="UnitySkills.Tests.Core.ValidateTests" runstate="Runnable" seed="803361959" result="Passed" start-time="2026-08-01 14:10:29Z" end-time="2026-08-01 14:10:29Z" duration="0.000042" asserts="0">
                <properties>
                  <property name="retryIteration" value="0" />
                  <property name="repeatIteration" value="0" />
                </properties>
              </test-case>
              <test-case id="1287" name="SafePath_ValidPackagesPath_ReturnsNull" fullname="UnitySkills.Tests.Core.ValidateTests.SafePath_ValidPackagesPath_ReturnsNull" methodname="SafePath_ValidPackagesPath_ReturnsNull" classname="UnitySkills.Tests.Core.ValidateTests" runstate="Runnable" seed="749750033" result="Passed" start-time="2026-08-01 14:10:29Z" end-time="2026-08-01 14:10:29Z" duration="0.000040" asserts="0">
                <properties>
                  <property name="retryIteration" value="0" />
                  <property name="repeatIteration" value="0" />
                </properties>
              </test-case>
              <test-case id="1297" name="WorkflowHistoryData_EnsureDefaults_PreservesSchemaAndInitializesCollections" fullname="UnitySkills.Tests.Core.ValidateTests.WorkflowHistoryData_EnsureDefaults_PreservesSchemaAndInitializesCollections" methodname="WorkflowHistoryData_EnsureDefaults_PreservesSchemaAndInitializesCollections" classname="UnitySkills.Tests.Core.ValidateTests" runstate="Runnable" seed="697864783" result="Passed" start-time="2026-08-01 14:10:29Z" end-time="2026-08-01 14:10:29Z" duration="0.000111" asserts="0">
                <properties>
                  <property name="retryIteration" value="0" />
                  <property name="repeatIteration" value="0" />
                </properties>
              </test-case>
            </test-suite>
            <test-suite type="TestFixture" id="1298" name="WorkflowBackupResilienceTests" fullname="UnitySkills.Tests.Core.WorkflowBackupResilienceTests" classname="UnitySkills.Tests.Core.WorkflowBackupResilienceTests" runstate="Runnable" testcasecount="4" result="Passed" start-time="2026-08-01 14:10:29Z" end-time="2026-08-01 14:10:30Z" duration="1.001378" total="4" passed="4" failed="0" inconclusive="0" skipped="0" asserts="0">
              <properties />
              <test-case id="1300" name="LoadHistory_CorruptMainFile_QuarantinesFileAndSuppressesGC" fullname="UnitySkills.Tests.Core.WorkflowBackupResilienceTests.LoadHistory_CorruptMainFile_QuarantinesFileAndSuppressesGC" methodname="LoadHistory_CorruptMainFile_QuarantinesFileAndSuppressesGC" classname="UnitySkills.Tests.Core.WorkflowBackupResilienceTests" runstate="Runnable" seed="2129369224" result="Passed" start-time="2026-08-01 14:10:29Z" end-time="2026-08-01 14:10:30Z" duration="0.271020" asserts="0">
                <properties>
                  <property name="retryIteration" value="0" />
                  <property name="repeatIteration" value="0" />
                </properties>
              </test-case>
              <test-case id="1299" name="RecordingTask_UncommittedBlob_SurvivesTrim_BecauseInFlightTaskIsReferenced" fullname="UnitySkills.Tests.Core.WorkflowBackupResilienceTests.RecordingTask_UncommittedBlob_SurvivesTrim_BecauseInFlightTaskIsReferenced" methodname="RecordingTask_UncommittedBlob_SurvivesTrim_BecauseInFlightTaskIsReferenced" classname="UnitySkills.Tests.Core.WorkflowBackupResilienceTests" runstate="Runnable" seed="1386502585" result="Passed" start-time="2026-08-01 14:10:30Z" end-time="2026-08-01 14:10:30Z" duration="0.272578" asserts="0">
                <properties>
                  <property name="retryIteration" value="0" />
                  <property name="repeatIteration" value="0" />
                </properties>
              </test-case>
              <test-case id="1302" name="RestoreFile_TamperedBlob_ReturnsFalseAndQuarantinesTheBlob" fullname="UnitySkills.Tests.Core.WorkflowBackupResilienceTests.RestoreFile_TamperedBlob_ReturnsFalseAndQuarantinesTheBlob" methodname="RestoreFile_TamperedBlob_ReturnsFalseAndQuarantinesTheBlob" classname="UnitySkills.Tests.Core.WorkflowBackupResilienceTests" runstate="Runnable" seed="985198950" result="Passed" start-time="2026-08-01 14:10:30Z" end-time="2026-08-01 14:10:30Z" duration="0.224825" asserts="0">
                <properties>
                  <property name="retryIteration" value="0" />
                  <property name="repeatIteration" value="0" />
                </properties>
              </test-case>
              <test-case id="1301" name="SaveHistory_PreviousMainFileIsKeptAsBak" fullname="UnitySkills.Tests.Core.WorkflowBackupResilienceTests.SaveHistory_PreviousMainFileIsKeptAsBak" methodname="SaveHistory_PreviousMainFileIsKeptAsBak" classname="UnitySkills.Tests.Core.WorkflowBackupResilienceTests" runstate="Runnable" seed="920745379" result="Passed" start-time="2026-08-01 14:10:30Z" end-time="2026-08-01 14:10:30Z" duration="0.224147" asserts="0">
                <properties>
                  <property name="retryIteration" value="0" />
                  <property name="repeatIteration" value="0" />
                </properties>
              </test-case>
            </test-suite>
            <test-suite type="TestFixture" id="1303" name="WorkflowBookmarkTests" fullname="UnitySkills.Tests.Core.WorkflowBookmarkTests" classname="UnitySkills.Tests.Core.WorkflowBookmarkTests" runstate="Runnable" testcasecount="1" result="Passed" start-time="2026-08-01 14:10:30Z" end-time="2026-08-01 14:10:30Z" duration="0.009689" total="1" passed="1" failed="0" inconclusive="0" skipped="0" asserts="0">
              <properties />
              <test-case id="1304" name="BookmarkSet_ThenBookmarkList_ReturnsCreatedBookmark" fullname="UnitySkills.Tests.Core.WorkflowBookmarkTests.BookmarkSet_ThenBookmarkList_ReturnsCreatedBookmark" methodname="BookmarkSet_ThenBookmarkList_ReturnsCreatedBookmark" classname="UnitySkills.Tests.Core.WorkflowBookmarkTests" runstate="Runnable" seed="52870886" result="Passed" start-time="2026-08-01 14:10:30Z" end-time="2026-08-01 14:10:30Z" duration="0.008474" asserts="0">
                <properties>
                  <property name="retryIteration" value="0" />
                  <property name="repeatIteration" value="0" />
                </properties>
              </test-case>
            </test-suite>
            <test-suite type="TestFixture" id="1305" name="WorkflowPersistenceTests" fullname="UnitySkills.Tests.Core.WorkflowPersistenceTests" classname="UnitySkills.Tests.Core.WorkflowPersistenceTests" runstate="Runnable" testcasecount="14" result="Passed" start-time="2026-08-01 14:10:30Z" end-time="2026-08-01 14:10:35Z" duration="4.548367" total="14" passed="14" failed="0" inconclusive="0" skipped="0" asserts="0">
              <properties />
              <test-case id="1318" name="AutoClean_AgeLimitDoesNotDeleteOldReferencedBlob" fullname="UnitySkills.Tests.Core.WorkflowPersistenceTests.AutoClean_AgeLimitDoesNotDeleteOldReferencedBlob" methodname="AutoClean_AgeLimitDoesNotDeleteOldReferencedBlob" classname="UnitySkills.Tests.Core.WorkflowPersistenceTests" runstate="Runnable" seed="888131350" result="Passed" start-time="2026-08-01 14:10:30Z" end-time="2026-08-01 14:10:31Z" duration="0.281944" asserts="0">
                <properties>
                  <property name="retryIteration" value="0" />
                  <property name="repeatIteration" value="0" />
                </properties>
                <output><![CDATA[<color=#E091FF>[UnitySkills]</color> Reclaimed 1 unreferenced store entries (5 B)
<color=#E091FF>[UnitySkills]</color> Trimmed 0 tasks, reclaimed 5 B from file store
]]></output>
              </test-case>
              <test-case id="1317" name="AutoClean_ZeroLimitsDoNotDeleteReferencedBlob" fullname="UnitySkills.Tests.Core.WorkflowPersistenceTests.AutoClean_ZeroLimitsDoNotDeleteReferencedBlob" methodname="AutoClean_ZeroLimitsDoNotDeleteReferencedBlob" classname="UnitySkills.Tests.Core.WorkflowPersistenceTests" runstate="Runnable" seed="1056122813" result="Passed" start-time="2026-08-01 14:10:31Z" end-time="2026-08-01 14:10:31Z" duration="0.279008" asserts="0">
                <properties>
                  <property name="retryIteration" value="0" />
                  <property name="repeatIteration" value="0" />
                </properties>
              </test-case>
              <test-case id="1311" name="CreatedComponent_UndoTargetsExactInstanceWhenTypeIsDuplicated" fullname="UnitySkills.Tests.Core.WorkflowPersistenceTests.CreatedComponent_UndoTargetsExactInstanceWhenTypeIsDuplicated" methodname="CreatedComponent_UndoTargetsExactInstanceWhenTypeIsDuplicated" classname="UnitySkills.Tests.Core.WorkflowPersistenceTests" runstate="Runnable" seed="1276224871" result="Passed" start-time="2026-08-01 14:10:31Z" end-time="2026-08-01 14:10:31Z" duration="0.231509" asserts="0">
                <properties>
                  <property name="retryIteration" value="0" />
                  <property name="repeatIteration" value="0" />
                </properties>
              </test-case>
              <test-case id="1306" name="FileStore_UsesIndependentMetaHashes" fullname="UnitySkills.Tests.Core.WorkflowPersistenceTests.FileStore_UsesIndependentMetaHashes" methodname="FileStore_UsesIndependentMetaHashes" classname="UnitySkills.Tests.Core.WorkflowPersistenceTests" runstate="Runnable" seed="1281933970" result="Passed" start-time="2026-08-01 14:10:31Z" end-time="2026-08-01 14:10:31Z" duration="0.277652" asserts="0">
                <properties>
                  <property name="retryIteration" value="0" />
                  <property name="repeatIteration" value="0" />
                </properties>
              </test-case>
              <test-case id="1315" name="LegacyBase64_LoadMigratesBlobAndClearsInlinePayload" fullname="UnitySkills.Tests.Core.WorkflowPersistenceTests.LegacyBase64_LoadMigratesBlobAndClearsInlinePayload" methodname="LegacyBase64_LoadMigratesBlobAndClearsInlinePayload" classname="UnitySkills.Tests.Core.WorkflowPersistenceTests" runstate="Runnable" seed="1835725415" result="Passed" start-time="2026-08-01 14:10:31Z" end-time="2026-08-01 14:10:32Z" duration="0.228017" asserts="0">
                <properties>
                  <property name="retryIteration" value="0" />
                  <property name="repeatIteration" value="0" />
                </properties>
              </test-case>
              <test-case id="1310" name="ModifiedComponent_UndoRedo_PreservesSceneObjectReferences" fullname="UnitySkills.Tests.Core.WorkflowPersistenceTests.ModifiedComponent_UndoRedo_PreservesSceneObjectReferences" methodname="ModifiedComponent_UndoRedo_PreservesSceneObjectReferences" classname="UnitySkills.Tests.Core.WorkflowPersistenceTests" runstate="Runnable" seed="1901704552" result="Passed" start-time="2026-08-01 14:10:32Z" end-time="2026-08-01 14:10:32Z" duration="0.229501" asserts="0">
                <properties>
                  <property name="retryIteration" value="0" />
                  <property name="repeatIteration" value="0" />
                </properties>
              </test-case>
              <test-case id="1307" name="NonEmptyFolder_DeleteUndoRedo_RestoresContentsAndMeta" fullname="UnitySkills.Tests.Core.WorkflowPersistenceTests.NonEmptyFolder_DeleteUndoRedo_RestoresContentsAndMeta" methodname="NonEmptyFolder_DeleteUndoRedo_RestoresContentsAndMeta" classname="UnitySkills.Tests.Core.WorkflowPersistenceTests" runstate="Runnable" seed="534925661" result="Passed" start-time="2026-08-01 14:10:32Z" end-time="2026-08-01 14:10:32Z" duration="0.490388" asserts="0">
                <properties>
                  <property name="retryIteration" value="0" />
                  <property name="repeatIteration" value="0" />
                </properties>
              </test-case>
              <test-case id="1314" name="RouterLogicalFailure_AbortsWorkflowAndRevertsMutationGroup" fullname="UnitySkills.Tests.Core.WorkflowPersistenceTests.RouterLogicalFailure_AbortsWorkflowAndRevertsMutationGroup" methodname="RouterLogicalFailure_AbortsWorkflowAndRevertsMutationGroup" classname="UnitySkills.Tests.Core.WorkflowPersistenceTests" runstate="Runnable" seed="2020785002" result="Passed" start-time="2026-08-01 14:10:32Z" end-time="2026-08-01 14:10:33Z" duration="0.260424" asserts="0">
                <properties>
                  <property name="retryIteration" value="0" />
                  <property name="repeatIteration" value="0" />
                </properties>
              </test-case>
              <test-case id="1309" name="SceneComponent_DeleteUndoRedo_RestoresSerializedState" fullname="UnitySkills.Tests.Core.WorkflowPersistenceTests.SceneComponent_DeleteUndoRedo_RestoresSerializedState" methodname="SceneComponent_DeleteUndoRedo_RestoresSerializedState" classname="UnitySkills.Tests.Core.WorkflowPersistenceTests" runstate="Runnable" seed="1189686670" result="Passed" start-time="2026-08-01 14:10:33Z" end-time="2026-08-01 14:10:33Z" duration="0.213309" asserts="0">
                <properties>
                  <property name="retryIteration" value="0" />
                  <property name="repeatIteration" value="0" />
                </properties>
              </test-case>
              <test-case id="1308" name="SceneGameObject_DeleteUndoRedo_RestoresHierarchyAndComponents" fullname="UnitySkills.Tests.Core.WorkflowPersistenceTests.SceneGameObject_DeleteUndoRedo_RestoresHierarchyAndComponents" methodname="SceneGameObject_DeleteUndoRedo_RestoresHierarchyAndComponents" classname="UnitySkills.Tests.Core.WorkflowPersistenceTests" runstate="Runnable" seed="757423123" result="Passed" start-time="2026-08-01 14:10:33Z" end-time="2026-08-01 14:10:33Z" duration="0.224126" asserts="0">
                <properties>
                  <property name="retryIteration" value="0" />
                  <property name="repeatIteration" value="0" />
                </properties>
              </test-case>
              <test-case id="1319" name="Schema_RequiresInputMatchingStringParameter_IsRequired" fullname="UnitySkills.Tests.Core.WorkflowPersistenceTests.Schema_RequiresInputMatchingStringParameter_IsRequired" methodname="Schema_RequiresInputMatchingStringParameter_IsRequired" classname="UnitySkills.Tests.Core.WorkflowPersistenceTests" runstate="Runnable" seed="1692878386" result="Passed" start-time="2026-08-01 14:10:33Z" end-time="2026-08-01 14:10:33Z" duration="0.288679" asserts="0">
                <properties>
                  <property name="retryIteration" value="0" />
                  <property name="repeatIteration" value="0" />
                </properties>
              </test-case>
              <test-case id="1316" name="Schema3_LoadMigratesLegacyMetaSidecarToIndependentBlob" fullname="UnitySkills.Tests.Core.WorkflowPersistenceTests.Schema3_LoadMigratesLegacyMetaSidecarToIndependentBlob" methodname="Schema3_LoadMigratesLegacyMetaSidecarToIndependentBlob" classname="UnitySkills.Tests.Core.WorkflowPersistenceTests" runstate="Runnable" seed="823535985" result="Passed" start-time="2026-08-01 14:10:33Z" end-time="2026-08-01 14:10:34Z" duration="0.300691" asserts="0">
                <properties>
                  <property name="retryIteration" value="0" />
                  <property name="repeatIteration" value="0" />
                </properties>
              </test-case>
              <test-case id="1312" name="SnapshotSequence_PreservesMoveChainInsteadOfOverwriting" fullname="UnitySkills.Tests.Core.WorkflowPersistenceTests.SnapshotSequence_PreservesMoveChainInsteadOfOverwriting" methodname="SnapshotSequence_PreservesMoveChainInsteadOfOverwriting" classname="UnitySkills.Tests.Core.WorkflowPersistenceTests" runstate="Runnable" seed="1901424197" result="Passed" start-time="2026-08-01 14:10:34Z" end-time="2026-08-01 14:10:34Z" duration="0.566848" asserts="0">
                <properties>
                  <property name="retryIteration" value="0" />
                  <property name="repeatIteration" value="0" />
                </properties>
              </test-case>
              <test-case id="1313" name="UndoPartialFailure_SplitsSucceededAndRetryableSnapshotsAcrossStacks" fullname="UnitySkills.Tests.Core.WorkflowPersistenceTests.UndoPartialFailure_SplitsSucceededAndRetryableSnapshotsAcrossStacks" methodname="UndoPartialFailure_SplitsSucceededAndRetryableSnapshotsAcrossStacks" classname="UnitySkills.Tests.Core.WorkflowPersistenceTests" runstate="Runnable" seed="393565788" result="Passed" start-time="2026-08-01 14:10:34Z" end-time="2026-08-01 14:10:35Z" duration="0.673590" asserts="0">
                <properties>
                  <property name="retryIteration" value="0" />
                  <property name="repeatIteration" value="0" />
                </properties>
                <output><![CDATA[Saving results to: C:/Users/1/AppData/LocalLow/Metro Simulation Lab/Metro Station 3D Replay\TestResults.xml
]]></output>
              </test-case>
            </test-suite>
          </test-suite>
        </test-suite>
      </test-suite>
    </test-suite>
  </test-suite>
</test-run>