<?xml version="1.0" encoding="utf-8"?>
<test-run id="2" testcasecount="260" result="Passed" total="260" passed="260" failed="0" inconclusive="0" skipped="0" asserts="0" engine-version="3.5.0.0" clr-version="4.0.30319.42000" start-time="2026-08-01 14:15:43Z" end-time="2026-08-01 14:16:05Z" duration="22.0809217">
  <test-suite type="TestSuite" id="1000" name="Metro Station 3D Replay" fullname="Metro Station 3D Replay" runstate="Runnable" testcasecount="260" result="Passed" start-time="2026-08-01 14:15:43Z" end-time="2026-08-01 14:16:05Z" duration="22.080922" total="260" passed="260" failed="0" inconclusive="0" skipped="0" asserts="0">
    <properties>
      <property name="platform" value="EditMode" />
    </properties>
    <test-suite type="Assembly" id="1059" name="MetroReplay.Tests.EditMode.dll" fullname="D:/metro/.codex_tmp/station_unity_replay_verify/Library/ScriptAssemblies/MetroReplay.Tests.EditMode.dll" runstate="Runnable" testcasecount="42" result="Passed" start-time="2026-08-01 14:15:43Z" end-time="2026-08-01 14:15:49Z" duration="5.926830" total="42" passed="42" failed="0" inconclusive="0" skipped="0" asserts="0">
      <properties>
        <property name="_PID" value="64252" />
        <property name="_APPDOMAIN" value="Unity Child Domain" />
        <property name="platform" value="EditMode" />
        <property name="EditorOnly" value="True" />
      </properties>
      <test-suite type="TestSuite" id="1060" name="MetroReplay" fullname="MetroReplay" runstate="Runnable" testcasecount="42" result="Passed" start-time="2026-08-01 14:15:43Z" end-time="2026-08-01 14:15:49Z" duration="5.926500" total="42" passed="42" failed="0" inconclusive="0" skipped="0" asserts="0">
        <properties />
        <test-suite type="TestSuite" id="1061" name="Tests" fullname="MetroReplay.Tests" runstate="Runnable" testcasecount="42" result="Passed" start-time="2026-08-01 14:15:43Z" end-time="2026-08-01 14:15:49Z" duration="5.926338" total="42" passed="42" failed="0" inconclusive="0" skipped="0" asserts="0">
          <properties />
          <test-suite type="TestFixture" id="1001" name="B1HeroImportedAssetTests" fullname="MetroReplay.Tests.B1HeroImportedAssetTests" classname="MetroReplay.Tests.B1HeroImportedAssetTests" runstate="Runnable" testcasecount="3" result="Passed" start-time="2026-08-01 14:15:43Z" end-time="2026-08-01 14:15:43Z" duration="0.169905" total="3" passed="3" failed="0" inconclusive="0" skipped="0" asserts="0">
            <properties />
            <test-case id="1004" name="B1FacilitiesIncludeOneCuratedGenWorldCampaignLightbox" fullname="MetroReplay.Tests.B1HeroImportedAssetTests.B1FacilitiesIncludeOneCuratedGenWorldCampaignLightbox" methodname="B1FacilitiesIncludeOneCuratedGenWorldCampaignLightbox" classname="MetroReplay.Tests.B1HeroImportedAssetTests" runstate="Runnable" seed="1443278738" result="Passed" start-time="2026-08-01 14:15:43Z" end-time="2026-08-01 14:15:43Z" duration="0.135745" asserts="0">
              <properties>
                <property name="retryIteration" value="0" />
                <property name="repeatIteration" value="0" />
              </properties>
            </test-case>
            <test-case id="1003" name="ImportedHeroLayerBuildsWithoutSimulationColliders" fullname="MetroReplay.Tests.B1HeroImportedAssetTests.ImportedHeroLayerBuildsWithoutSimulationColliders" methodname="ImportedHeroLayerBuildsWithoutSimulationColliders" classname="MetroReplay.Tests.B1HeroImportedAssetTests" runstate="Runnable" seed="1706952083" result="Passed" start-time="2026-08-01 14:15:43Z" end-time="2026-08-01 14:15:43Z" duration="0.020890" asserts="0">
              <properties>
                <property name="retryIteration" value="0" />
                <property name="repeatIteration" value="0" />
              </properties>
            </test-case>
            <test-case id="1002" name="PackagesSelectedPrototypeModelsAndProvenance" fullname="MetroReplay.Tests.B1HeroImportedAssetTests.PackagesSelectedPrototypeModelsAndProvenance" methodname="PackagesSelectedPrototypeModelsAndProvenance" classname="MetroReplay.Tests.B1HeroImportedAssetTests" runstate="Runnable" seed="2145899139" result="Passed" start-time="2026-08-01 14:15:43Z" end-time="2026-08-01 14:15:43Z" duration="0.003275" asserts="0">
              <properties>
                <property name="retryIteration" value="0" />
                <property name="repeatIteration" value="0" />
              </properties>
            </test-case>
          </test-suite>
          <test-suite type="TestFixture" id="1005" name="BrandIntroAssetTests" fullname="MetroReplay.Tests.BrandIntroAssetTests" classname="MetroReplay.Tests.BrandIntroAssetTests" runstate="Runnable" testcasecount="2" result="Passed" start-time="2026-08-01 14:15:43Z" end-time="2026-08-01 14:15:43Z" duration="0.010049" total="2" passed="2" failed="0" inconclusive="0" skipped="0" asserts="0">
            <properties />
            <test-case id="1006" name="CoinMeshSeparatesEdgeFrontAndBackMaterials" fullname="MetroReplay.Tests.BrandIntroAssetTests.CoinMeshSeparatesEdgeFrontAndBackMaterials" methodname="CoinMeshSeparatesEdgeFrontAndBackMaterials" classname="MetroReplay.Tests.BrandIntroAssetTests" runstate="Runnable" seed="1209699746" result="Passed" start-time="2026-08-01 14:15:43Z" end-time="2026-08-01 14:15:43Z" duration="0.008349" asserts="0">
              <properties>
                <property name="retryIteration" value="0" />
                <property name="repeatIteration" value="0" />
              </properties>
            </test-case>
            <test-case id="1007" name="PerseusFaceTextureIsPackagedAsRuntimeResource" fullname="MetroReplay.Tests.BrandIntroAssetTests.PerseusFaceTextureIsPackagedAsRuntimeResource" methodname="PerseusFaceTextureIsPackagedAsRuntimeResource" classname="MetroReplay.Tests.BrandIntroAssetTests" runstate="Runnable" seed="733738305" result="Passed" start-time="2026-08-01 14:15:43Z" end-time="2026-08-01 14:15:43Z" duration="0.000453" asserts="0">
              <properties>
                <property name="retryIteration" value="0" />
                <property name="repeatIteration" value="0" />
              </properties>
            </test-case>
          </test-suite>
          <test-suite type="TestFixture" id="1008" name="HdrpStationLookTests" fullname="MetroReplay.Tests.HdrpStationLookTests" classname="MetroReplay.Tests.HdrpStationLookTests" runstate="Runnable" testcasecount="2" result="Passed" start-time="2026-08-01 14:15:43Z" end-time="2026-08-01 14:15:43Z" duration="0.063361" total="2" passed="2" failed="0" inconclusive="0" skipped="0" asserts="0">
            <properties />
            <test-case id="1009" name="EnablesContactShadowsOnHdrpLight" fullname="MetroReplay.Tests.HdrpStationLookTests.EnablesContactShadowsOnHdrpLight" methodname="EnablesContactShadowsOnHdrpLight" classname="MetroReplay.Tests.HdrpStationLookTests" runstate="Runnable" seed="2146806365" result="Passed" start-time="2026-08-01 14:15:43Z" end-time="2026-08-01 14:15:43Z" duration="0.041928" asserts="0">
              <properties>
                <property name="retryIteration" value="0" />
                <property name="repeatIteration" value="0" />
              </properties>
            </test-case>
            <test-case id="1010" name="RuntimeVolumeEnablesContactShadowPass" fullname="MetroReplay.Tests.HdrpStationLookTests.RuntimeVolumeEnablesContactShadowPass" methodname="RuntimeVolumeEnablesContactShadowPass" classname="MetroReplay.Tests.HdrpStationLookTests" runstate="Runnable" seed="235245788" result="Passed" start-time="2026-08-01 14:15:43Z" end-time="2026-08-01 14:15:43Z" duration="0.020742" asserts="0">
              <properties>
                <property name="retryIteration" value="0" />
                <property name="repeatIteration" value="0" />
              </properties>
            </test-case>
          </test-suite>
          <test-suite type="TestFixture" id="1011" name="PassengerAppearancePaletteTests" fullname="MetroReplay.Tests.PassengerAppearancePaletteTests" classname="MetroReplay.Tests.PassengerAppearancePaletteTests" runstate="Runnable" testcasecount="2" result="Passed" start-time="2026-08-01 14:15:43Z" end-time="2026-08-01 14:15:43Z" duration="0.003586" total="2" passed="2" failed="0" inconclusive="0" skipped="0" asserts="0">
            <properties />
            <test-case id="1012" name="BaseSelectionIsDeterministicAndInRange" fullname="MetroReplay.Tests.PassengerAppearancePaletteTests.BaseSelectionIsDeterministicAndInRange" methodname="BaseSelectionIsDeterministicAndInRange" classname="MetroReplay.Tests.PassengerAppearancePaletteTests" runstate="Runnable" seed="1532866760" result="Passed" start-time="2026-08-01 14:15:43Z" end-time="2026-08-01 14:15:43Z" duration="0.002145" asserts="0">
              <properties>
                <property name="retryIteration" value="0" />
                <property name="repeatIteration" value="0" />
              </properties>
            </test-case>
            <test-case id="1013" name="PaletteExposesRequiredVariation" fullname="MetroReplay.Tests.PassengerAppearancePaletteTests.PaletteExposesRequiredVariation" methodname="PaletteExposesRequiredVariation" classname="MetroReplay.Tests.PassengerAppearancePaletteTests" runstate="Runnable" seed="2099518874" result="Passed" start-time="2026-08-01 14:15:43Z" end-time="2026-08-01 14:15:43Z" duration="0.000307" asserts="0">
              <properties>
                <property name="retryIteration" value="0" />
                <property name="repeatIteration" value="0" />
              </properties>
            </test-case>
          </test-suite>
          <test-suite type="TestFixture" id="1014" name="PassengerSkinAtlasTests" fullname="MetroReplay.Tests.PassengerSkinAtlasTests" classname="MetroReplay.Tests.PassengerSkinAtlasTests" runstate="Runnable" testcasecount="6" result="Passed" start-time="2026-08-01 14:15:43Z" end-time="2026-08-01 14:15:43Z" duration="0.003123" total="6" passed="6" failed="0" inconclusive="0" skipped="0" asserts="0">
            <properties />
            <test-suite type="ParameterizedMethod" id="1020" name="MapsEachVariantToOneAtlasQuadrant" fullname="MetroReplay.Tests.PassengerSkinAtlasTests.MapsEachVariantToOneAtlasQuadrant" classname="MetroReplay.Tests.PassengerSkinAtlasTests" runstate="Runnable" testcasecount="4" result="Passed" start-time="2026-08-01 14:15:43Z" end-time="2026-08-01 14:15:43Z" duration="0.001118" total="4" passed="4" failed="0" inconclusive="0" skipped="0" asserts="0">
              <properties />
              <test-case id="1016" name="MapsEachVariantToOneAtlasQuadrant(0,0.0f,0.0f)" fullname="MetroReplay.Tests.PassengerSkinAtlasTests.MapsEachVariantToOneAtlasQuadrant(0,0.0f,0.0f)" methodname="MapsEachVariantToOneAtlasQuadrant" classname="MetroReplay.Tests.PassengerSkinAtlasTests" runstate="Runnable" seed="194310139" result="Passed" start-time="2026-08-01 14:15:43Z" end-time="2026-08-01 14:15:43Z" duration="0.000490" asserts="0">
                <properties>
                  <property name="retryIteration" value="0" />
                  <property name="repeatIteration" value="0" />
                </properties>
              </test-case>
              <test-case id="1017" name="MapsEachVariantToOneAtlasQuadrant(1,0.5f,0.0f)" fullname="MetroReplay.Tests.PassengerSkinAtlasTests.MapsEachVariantToOneAtlasQuadrant(1,0.5f,0.0f)" methodname="MapsEachVariantToOneAtlasQuadrant" classname="MetroReplay.Tests.PassengerSkinAtlasTests" runstate="Runnable" seed="339831298" result="Passed" start-time="2026-08-01 14:15:43Z" end-time="2026-08-01 14:15:43Z" duration="0.000097" asserts="0">
                <properties>
                  <property name="retryIteration" value="0" />
                  <property name="repeatIteration" value="0" />
                </properties>
              </test-case>
              <test-case id="1018" name="MapsEachVariantToOneAtlasQuadrant(2,0.0f,0.5f)" fullname="MetroReplay.Tests.PassengerSkinAtlasTests.MapsEachVariantToOneAtlasQuadrant(2,0.0f,0.5f)" methodname="MapsEachVariantToOneAtlasQuadrant" classname="MetroReplay.Tests.PassengerSkinAtlasTests" runstate="Runnable" seed="1788493452" result="Passed" start-time="2026-08-01 14:15:43Z" end-time="2026-08-01 14:15:43Z" duration="0.000044" asserts="0">
                <properties>
                  <property name="retryIteration" value="0" />
                  <property name="repeatIteration" value="0" />
                </properties>
              </test-case>
              <test-case id="1019" name="MapsEachVariantToOneAtlasQuadrant(3,0.5f,0.5f)" fullname="MetroReplay.Tests.PassengerSkinAtlasTests.MapsEachVariantToOneAtlasQuadrant(3,0.5f,0.5f)" methodname="MapsEachVariantToOneAtlasQuadrant" classname="MetroReplay.Tests.PassengerSkinAtlasTests" runstate="Runnable" seed="1630398045" result="Passed" start-time="2026-08-01 14:15:43Z" end-time="2026-08-01 14:15:43Z" duration="0.000032" asserts="0">
                <properties>
                  <property name="retryIteration" value="0" />
                  <property name="repeatIteration" value="0" />
                </properties>
              </test-case>
            </test-suite>
            <test-case id="1015" name="PackagesGeneratedCommuterAtlas" fullname="MetroReplay.Tests.PassengerSkinAtlasTests.PackagesGeneratedCommuterAtlas" methodname="PackagesGeneratedCommuterAtlas" classname="MetroReplay.Tests.PassengerSkinAtlasTests" runstate="Runnable" seed="1812074461" result="Passed" start-time="2026-08-01 14:15:43Z" end-time="2026-08-01 14:15:43Z" duration="0.000611" asserts="0">
              <properties>
                <property name="retryIteration" value="0" />
                <property name="repeatIteration" value="0" />
              </properties>
            </test-case>
            <test-case id="1021" name="SelectsSkinDeterministicallyFromPassengerId" fullname="MetroReplay.Tests.PassengerSkinAtlasTests.SelectsSkinDeterministicallyFromPassengerId" methodname="SelectsSkinDeterministicallyFromPassengerId" classname="MetroReplay.Tests.PassengerSkinAtlasTests" runstate="Runnable" seed="790611225" result="Passed" start-time="2026-08-01 14:15:43Z" end-time="2026-08-01 14:15:43Z" duration="0.000607" asserts="0">
              <properties>
                <property name="retryIteration" value="0" />
                <property name="repeatIteration" value="0" />
              </properties>
            </test-case>
          </test-suite>
          <test-suite type="TestFixture" id="1022" name="PlatformPresentationLayerTests" fullname="MetroReplay.Tests.PlatformPresentationLayerTests" classname="MetroReplay.Tests.PlatformPresentationLayerTests" runstate="Runnable" testcasecount="2" result="Passed" start-time="2026-08-01 14:15:43Z" end-time="2026-08-01 14:15:44Z" duration="0.058026" total="2" passed="2" failed="0" inconclusive="0" skipped="0" asserts="0">
            <properties />
            <test-case id="1023" name="BuildsClosedLevelSlabsVisibleFromAboveAndBelow" fullname="MetroReplay.Tests.PlatformPresentationLayerTests.BuildsClosedLevelSlabsVisibleFromAboveAndBelow" methodname="BuildsClosedLevelSlabsVisibleFromAboveAndBelow" classname="MetroReplay.Tests.PlatformPresentationLayerTests" runstate="Runnable" seed="981836594" result="Passed" start-time="2026-08-01 14:15:43Z" end-time="2026-08-01 14:15:43Z" duration="0.028691" asserts="0">
              <properties>
                <property name="retryIteration" value="0" />
                <property name="repeatIteration" value="0" />
              </properties>
            </test-case>
            <test-case id="1024" name="BuildsSixAlignedAnimatedScreenDoorModulesWithoutColliders" fullname="MetroReplay.Tests.PlatformPresentationLayerTests.BuildsSixAlignedAnimatedScreenDoorModulesWithoutColliders" methodname="BuildsSixAlignedAnimatedScreenDoorModulesWithoutColliders" classname="MetroReplay.Tests.PlatformPresentationLayerTests" runstate="Runnable" seed="1139621133" result="Passed" start-time="2026-08-01 14:15:43Z" end-time="2026-08-01 14:15:44Z" duration="0.028688" asserts="0">
              <properties>
                <property name="retryIteration" value="0" />
                <property name="repeatIteration" value="0" />
              </properties>
            </test-case>
          </test-suite>
          <test-suite type="TestFixture" id="1025" name="ReplayClockTests" fullname="MetroReplay.Tests.ReplayClockTests" classname="MetroReplay.Tests.ReplayClockTests" runstate="Runnable" testcasecount="1" result="Passed" start-time="2026-08-01 14:15:44Z" end-time="2026-08-01 14:15:44Z" duration="0.001329" total="1" passed="1" failed="0" inconclusive="0" skipped="0" asserts="0">
            <properties />
            <test-case id="1026" name="SupportsPlayPauseSpeedAndRandomSeek" fullname="MetroReplay.Tests.ReplayClockTests.SupportsPlayPauseSpeedAndRandomSeek" methodname="SupportsPlayPauseSpeedAndRandomSeek" classname="MetroReplay.Tests.ReplayClockTests" runstate="Runnable" seed="719580050" result="Passed" start-time="2026-08-01 14:15:44Z" end-time="2026-08-01 14:15:44Z" duration="0.000478" asserts="0">
              <properties>
                <property name="retryIteration" value="0" />
                <property name="repeatIteration" value="0" />
              </properties>
            </test-case>
          </test-suite>
          <test-suite type="TestFixture" id="1027" name="ReplayContractReaderTests" fullname="MetroReplay.Tests.ReplayContractReaderTests" classname="MetroReplay.Tests.ReplayContractReaderTests" runstate="Runnable" testcasecount="6" result="Passed" start-time="2026-08-01 14:15:44Z" end-time="2026-08-01 14:15:44Z" duration="0.014262" total="6" passed="6" failed="0" inconclusive="0" skipped="0" asserts="0">
            <properties />
            <test-case id="1029" name="ReadsAuthoritativeTrainSnapshots" fullname="MetroReplay.Tests.ReplayContractReaderTests.ReadsAuthoritativeTrainSnapshots" methodname="ReadsAuthoritativeTrainSnapshots" classname="MetroReplay.Tests.ReplayContractReaderTests" runstate="Runnable" seed="1906766826" result="Passed" start-time="2026-08-01 14:15:44Z" end-time="2026-08-01 14:15:44Z" duration="0.001411" asserts="0">
              <properties>
                <property name="retryIteration" value="0" />
                <property name="repeatIteration" value="0" />
              </properties>
            </test-case>
            <test-case id="1030" name="ReadsCompleteClearanceEvidenceAndEmptyFinalFrame" fullname="MetroReplay.Tests.ReplayContractReaderTests.ReadsCompleteClearanceEvidenceAndEmptyFinalFrame" methodname="ReadsCompleteClearanceEvidenceAndEmptyFinalFrame" classname="MetroReplay.Tests.ReplayContractReaderTests" runstate="Runnable" seed="2014477630" result="Passed" start-time="2026-08-01 14:15:44Z" end-time="2026-08-01 14:15:44Z" duration="0.006080" asserts="0">
              <properties>
                <property name="retryIteration" value="0" />
                <property name="repeatIteration" value="0" />
              </properties>
            </test-case>
            <test-case id="1028" name="ReadsTwoLevelReplayContract" fullname="MetroReplay.Tests.ReplayContractReaderTests.ReadsTwoLevelReplayContract" methodname="ReadsTwoLevelReplayContract" classname="MetroReplay.Tests.ReplayContractReaderTests" runstate="Runnable" seed="1143974842" result="Passed" start-time="2026-08-01 14:15:44Z" end-time="2026-08-01 14:15:44Z" duration="0.000885" asserts="0">
              <properties>
                <property name="retryIteration" value="0" />
                <property name="repeatIteration" value="0" />
              </properties>
            </test-case>
            <test-case id="1031" name="RejectsClearedAuditWhenFinalFrameStillContainsPassengers" fullname="MetroReplay.Tests.ReplayContractReaderTests.RejectsClearedAuditWhenFinalFrameStillContainsPassengers" methodname="RejectsClearedAuditWhenFinalFrameStillContainsPassengers" classname="MetroReplay.Tests.ReplayContractReaderTests" runstate="Runnable" seed="1034859591" result="Passed" start-time="2026-08-01 14:15:44Z" end-time="2026-08-01 14:15:44Z" duration="0.002931" asserts="0">
              <properties>
                <property name="retryIteration" value="0" />
                <property name="repeatIteration" value="0" />
              </properties>
            </test-case>
            <test-case id="1032" name="RejectsUnknownEntityLevelReference" fullname="MetroReplay.Tests.ReplayContractReaderTests.RejectsUnknownEntityLevelReference" methodname="RejectsUnknownEntityLevelReference" classname="MetroReplay.Tests.ReplayContractReaderTests" runstate="Runnable" seed="800739379" result="Passed" start-time="2026-08-01 14:15:44Z" end-time="2026-08-01 14:15:44Z" duration="0.001021" asserts="0">
              <properties>
                <property name="retryIteration" value="0" />
                <property name="repeatIteration" value="0" />
              </properties>
            </test-case>
            <test-case id="1033" name="RejectsUnsupportedSchemaBeforeBuildingScene" fullname="MetroReplay.Tests.ReplayContractReaderTests.RejectsUnsupportedSchemaBeforeBuildingScene" methodname="RejectsUnsupportedSchemaBeforeBuildingScene" classname="MetroReplay.Tests.ReplayContractReaderTests" runstate="Runnable" seed="621269230" result="Passed" start-time="2026-08-01 14:15:44Z" end-time="2026-08-01 14:15:44Z" duration="0.000797" asserts="0">
              <properties>
                <property name="retryIteration" value="0" />
                <property name="repeatIteration" value="0" />
              </properties>
            </test-case>
          </test-suite>
          <test-suite type="TestFixture" id="1034" name="ReplaySamplerTests" fullname="MetroReplay.Tests.ReplaySamplerTests" classname="MetroReplay.Tests.ReplaySamplerTests" runstate="Runnable" testcasecount="8" result="Passed" start-time="2026-08-01 14:15:44Z" end-time="2026-08-01 14:15:44Z" duration="0.023668" total="8" passed="8" failed="0" inconclusive="0" skipped="0" asserts="0">
            <properties />
            <test-case id="1037" name="KeepsCapsuleFallbackBottomOnFootPosition" fullname="MetroReplay.Tests.ReplaySamplerTests.KeepsCapsuleFallbackBottomOnFootPosition" methodname="KeepsCapsuleFallbackBottomOnFootPosition" classname="MetroReplay.Tests.ReplaySamplerTests" runstate="Runnable" seed="695563266" result="Passed" start-time="2026-08-01 14:15:44Z" end-time="2026-08-01 14:15:44Z" duration="0.007565" asserts="0">
              <properties>
                <property name="retryIteration" value="0" />
                <property name="repeatIteration" value="0" />
              </properties>
            </test-case>
            <test-case id="1036" name="PlacesWalkingPassengerFeetOnWalkableSurface" fullname="MetroReplay.Tests.ReplaySamplerTests.PlacesWalkingPassengerFeetOnWalkableSurface" methodname="PlacesWalkingPassengerFeetOnWalkableSurface" classname="MetroReplay.Tests.ReplaySamplerTests" runstate="Runnable" seed="45457543" result="Passed" start-time="2026-08-01 14:15:44Z" end-time="2026-08-01 14:15:44Z" duration="0.002983" asserts="0">
              <properties>
                <property name="retryIteration" value="0" />
                <property name="repeatIteration" value="0" />
              </properties>
            </test-case>
            <test-case id="1035" name="ReconstructsElevatorTravelAtAnySeekTime" fullname="MetroReplay.Tests.ReplaySamplerTests.ReconstructsElevatorTravelAtAnySeekTime" methodname="ReconstructsElevatorTravelAtAnySeekTime" classname="MetroReplay.Tests.ReplaySamplerTests" runstate="Runnable" seed="1342349936" result="Passed" start-time="2026-08-01 14:15:44Z" end-time="2026-08-01 14:15:44Z" duration="0.001561" asserts="0">
              <properties>
                <property name="retryIteration" value="0" />
                <property name="repeatIteration" value="0" />
              </properties>
            </test-case>
            <test-case id="1038" name="SamplesThreeHundredPassengersWithoutDuplicateIds" fullname="MetroReplay.Tests.ReplaySamplerTests.SamplesThreeHundredPassengersWithoutDuplicateIds" methodname="SamplesThreeHundredPassengersWithoutDuplicateIds" classname="MetroReplay.Tests.ReplaySamplerTests" runstate="Runnable" seed="228919031" result="Passed" start-time="2026-08-01 14:15:44Z" end-time="2026-08-01 14:15:44Z" duration="0.009176" asserts="0">
              <properties>
                <property name="retryIteration" value="0" />
                <property name="repeatIteration" value="0" />
              </properties>
            </test-case>
            <test-suite type="ParameterizedMethod" id="1043" name="SelectsExistingQuaterniusAnimation" fullname="MetroReplay.Tests.ReplaySamplerTests.SelectsExistingQuaterniusAnimation" classname="MetroReplay.Tests.ReplaySamplerTests" runstate="Runnable" testcasecount="4" result="Passed" start-time="2026-08-01 14:15:44Z" end-time="2026-08-01 14:15:44Z" duration="0.001149" total="4" passed="4" failed="0" inconclusive="0" skipped="0" asserts="0">
              <properties />
              <test-case id="1039" name="SelectsExistingQuaterniusAnimation(&quot;queueing_exit_gate&quot;,False,&quot;Idle_Loop&quot;)" fullname="MetroReplay.Tests.ReplaySamplerTests.SelectsExistingQuaterniusAnimation(&quot;queueing_exit_gate&quot;,False,&quot;Idle_Loop&quot;)" methodname="SelectsExistingQuaterniusAnimation" classname="MetroReplay.Tests.ReplaySamplerTests" runstate="Runnable" seed="1701350295" result="Passed" start-time="2026-08-01 14:15:44Z" end-time="2026-08-01 14:15:44Z" duration="0.000352" asserts="0">
                <properties>
                  <property name="retryIteration" value="0" />
                  <property name="repeatIteration" value="0" />
                </properties>
              </test-case>
              <test-case id="1040" name="SelectsExistingQuaterniusAnimation(&quot;running&quot;,False,&quot;Jog_Fwd_Loop&quot;)" fullname="MetroReplay.Tests.ReplaySamplerTests.SelectsExistingQuaterniusAnimation(&quot;running&quot;,False,&quot;Jog_Fwd_Loop&quot;)" methodname="SelectsExistingQuaterniusAnimation" classname="MetroReplay.Tests.ReplaySamplerTests" runstate="Runnable" seed="1347290335" result="Passed" start-time="2026-08-01 14:15:44Z" end-time="2026-08-01 14:15:44Z" duration="0.000070" asserts="0">
                <properties>
                  <property name="retryIteration" value="0" />
                  <property name="repeatIteration" value="0" />
                </properties>
              </test-case>
              <test-case id="1041" name="SelectsExistingQuaterniusAnimation(&quot;walking_to_vertical&quot;,False,&quot;Walk_Loop&quot;)" fullname="MetroReplay.Tests.ReplaySamplerTests.SelectsExistingQuaterniusAnimation(&quot;walking_to_vertical&quot;,False,&quot;Walk_Loop&quot;)" methodname="SelectsExistingQuaterniusAnimation" classname="MetroReplay.Tests.ReplaySamplerTests" runstate="Runnable" seed="363711077" result="Passed" start-time="2026-08-01 14:15:44Z" end-time="2026-08-01 14:15:44Z" duration="0.000031" asserts="0">
                <properties>
                  <property name="retryIteration" value="0" />
                  <property name="repeatIteration" value="0" />
                </properties>
              </test-case>
              <test-case id="1042" name="SelectsExistingQuaterniusAnimation(&quot;riding_vertical&quot;,True,&quot;Walk_Loop&quot;)" fullname="MetroReplay.Tests.ReplaySamplerTests.SelectsExistingQuaterniusAnimation(&quot;riding_vertical&quot;,True,&quot;Walk_Loop&quot;)" methodname="SelectsExistingQuaterniusAnimation" classname="MetroReplay.Tests.ReplaySamplerTests" runstate="Runnable" seed="181054333" result="Passed" start-time="2026-08-01 14:15:44Z" end-time="2026-08-01 14:15:44Z" duration="0.000025" asserts="0">
                <properties>
                  <property name="retryIteration" value="0" />
                  <property name="repeatIteration" value="0" />
                </properties>
              </test-case>
            </test-suite>
          </test-suite>
          <test-suite type="TestFixture" id="1044" name="ReplayStartupDefaultsTests" fullname="MetroReplay.Tests.ReplayStartupDefaultsTests" classname="MetroReplay.Tests.ReplayStartupDefaultsTests" runstate="Runnable" testcasecount="3" result="Passed" start-time="2026-08-01 14:15:44Z" end-time="2026-08-01 14:15:49Z" duration="5.513472" total="3" passed="3" failed="0" inconclusive="0" skipped="0" asserts="0">
            <properties />
            <test-case id="1045" name="DoubleClickDefaultsToThreeHundredPassengerClearance" fullname="MetroReplay.Tests.ReplayStartupDefaultsTests.DoubleClickDefaultsToThreeHundredPassengerClearance" methodname="DoubleClickDefaultsToThreeHundredPassengerClearance" classname="MetroReplay.Tests.ReplayStartupDefaultsTests" runstate="Runnable" seed="1417327892" result="Passed" start-time="2026-08-01 14:15:44Z" end-time="2026-08-01 14:15:44Z" duration="0.000830" asserts="0">
              <properties>
                <property name="retryIteration" value="0" />
                <property name="repeatIteration" value="0" />
              </properties>
            </test-case>
            <test-case id="1046" name="ExplicitPresentationArgumentsOverrideClearanceDefaults" fullname="MetroReplay.Tests.ReplayStartupDefaultsTests.ExplicitPresentationArgumentsOverrideClearanceDefaults" methodname="ExplicitPresentationArgumentsOverrideClearanceDefaults" classname="MetroReplay.Tests.ReplayStartupDefaultsTests" runstate="Runnable" seed="1341876195" result="Passed" start-time="2026-08-01 14:15:44Z" end-time="2026-08-01 14:15:44Z" duration="0.000218" asserts="0">
              <properties>
                <property name="retryIteration" value="0" />
                <property name="repeatIteration" value="0" />
              </properties>
            </test-case>
            <test-case id="1047" name="PackagedReplayIsCompleteThreeHundredPassengerClearance" fullname="MetroReplay.Tests.ReplayStartupDefaultsTests.PackagedReplayIsCompleteThreeHundredPassengerClearance" methodname="PackagedReplayIsCompleteThreeHundredPassengerClearance" classname="MetroReplay.Tests.ReplayStartupDefaultsTests" runstate="Runnable" seed="1035272240" result="Passed" start-time="2026-08-01 14:15:44Z" end-time="2026-08-01 14:15:49Z" duration="5.511791" asserts="0">
              <properties>
                <property name="retryIteration" value="0" />
                <property name="repeatIteration" value="0" />
              </properties>
            </test-case>
          </test-suite>
          <test-suite type="TestFixture" id="1048" name="RocketboxPassengerAssetTests" fullname="MetroReplay.Tests.RocketboxPassengerAssetTests" classname="MetroReplay.Tests.RocketboxPassengerAssetTests" runstate="Runnable" testcasecount="3" result="Passed" start-time="2026-08-01 14:15:49Z" end-time="2026-08-01 14:15:49Z" duration="0.055092" total="3" passed="3" failed="0" inconclusive="0" skipped="0" asserts="0">
            <properties />
            <test-case id="1049" name="GeneratedLibraryContainsEightThreeLevelLodPrefabs" fullname="MetroReplay.Tests.RocketboxPassengerAssetTests.GeneratedLibraryContainsEightThreeLevelLodPrefabs" methodname="GeneratedLibraryContainsEightThreeLevelLodPrefabs" classname="MetroReplay.Tests.RocketboxPassengerAssetTests" runstate="Runnable" seed="843095424" result="Passed" start-time="2026-08-01 14:15:49Z" end-time="2026-08-01 14:15:49Z" duration="0.034918" asserts="0">
              <properties>
                <property name="retryIteration" value="0" />
                <property name="repeatIteration" value="0" />
              </properties>
            </test-case>
            <test-case id="1050" name="LodMeshesActuallyReduceVertexCount" fullname="MetroReplay.Tests.RocketboxPassengerAssetTests.LodMeshesActuallyReduceVertexCount" methodname="LodMeshesActuallyReduceVertexCount" classname="MetroReplay.Tests.RocketboxPassengerAssetTests" runstate="Runnable" seed="1171593611" result="Passed" start-time="2026-08-01 14:15:49Z" end-time="2026-08-01 14:15:49Z" duration="0.001842" asserts="0">
              <properties>
                <property name="retryIteration" value="0" />
                <property name="repeatIteration" value="0" />
              </properties>
            </test-case>
            <test-case id="1051" name="RuntimePoolPlacesRocketboxFeetOnFootPosition" fullname="MetroReplay.Tests.RocketboxPassengerAssetTests.RuntimePoolPlacesRocketboxFeetOnFootPosition" methodname="RuntimePoolPlacesRocketboxFeetOnFootPosition" classname="MetroReplay.Tests.RocketboxPassengerAssetTests" runstate="Runnable" seed="564775097" result="Passed" start-time="2026-08-01 14:15:49Z" end-time="2026-08-01 14:15:49Z" duration="0.007829" asserts="0">
              <properties>
                <property name="retryIteration" value="0" />
                <property name="repeatIteration" value="0" />
              </properties>
            </test-case>
          </test-suite>
          <test-suite type="TestFixture" id="1052" name="StationDecorationAssetTests" fullname="MetroReplay.Tests.StationDecorationAssetTests" classname="MetroReplay.Tests.StationDecorationAssetTests" runstate="Runnable" testcasecount="1" result="Passed" start-time="2026-08-01 14:15:49Z" end-time="2026-08-01 14:15:49Z" duration="0.001185" total="1" passed="1" failed="0" inconclusive="0" skipped="0" asserts="0">
            <properties />
            <test-case id="1053" name="PackagesCc0DecorationModelsAndProvenance" fullname="MetroReplay.Tests.StationDecorationAssetTests.PackagesCc0DecorationModelsAndProvenance" methodname="PackagesCc0DecorationModelsAndProvenance" classname="MetroReplay.Tests.StationDecorationAssetTests" runstate="Runnable" seed="646907640" result="Passed" start-time="2026-08-01 14:15:49Z" end-time="2026-08-01 14:15:49Z" duration="0.000407" asserts="0">
              <properties>
                <property name="retryIteration" value="0" />
                <property name="repeatIteration" value="0" />
              </properties>
            </test-case>
          </test-suite>
          <test-suite type="TestFixture" id="1054" name="StationRoomShellTests" fullname="MetroReplay.Tests.StationRoomShellTests" classname="MetroReplay.Tests.StationRoomShellTests" runstate="Runnable" testcasecount="1" result="Passed" start-time="2026-08-01 14:15:49Z" end-time="2026-08-01 14:15:49Z" duration="0.005081" total="1" passed="1" failed="0" inconclusive="0" skipped="0" asserts="0">
            <properties />
            <test-case id="1055" name="BuildsRoomBlockAsThinWallShellWithDoorAndCutawayRoof" fullname="MetroReplay.Tests.StationRoomShellTests.BuildsRoomBlockAsThinWallShellWithDoorAndCutawayRoof" methodname="BuildsRoomBlockAsThinWallShellWithDoorAndCutawayRoof" classname="MetroReplay.Tests.StationRoomShellTests" runstate="Runnable" seed="1751048997" result="Passed" start-time="2026-08-01 14:15:49Z" end-time="2026-08-01 14:15:49Z" duration="0.004693" asserts="0">
              <properties>
                <property name="retryIteration" value="0" />
                <property name="repeatIteration" value="0" />
              </properties>
            </test-case>
          </test-suite>
          <test-suite type="TestFixture" id="1056" name="TrainReplaySamplerTests" fullname="MetroReplay.Tests.TrainReplaySamplerTests" classname="MetroReplay.Tests.TrainReplaySamplerTests" runstate="Runnable" testcasecount="2" result="Passed" start-time="2026-08-01 14:15:49Z" end-time="2026-08-01 14:15:49Z" duration="0.002746" total="2" passed="2" failed="0" inconclusive="0" skipped="0" asserts="0">
            <properties />
            <test-case id="1058" name="RandomSeekReturnsTheSameVisualSample" fullname="MetroReplay.Tests.TrainReplaySamplerTests.RandomSeekReturnsTheSameVisualSample" methodname="RandomSeekReturnsTheSameVisualSample" classname="MetroReplay.Tests.TrainReplaySamplerTests" runstate="Runnable" seed="66986666" result="Passed" start-time="2026-08-01 14:15:49Z" end-time="2026-08-01 14:15:49Z" duration="0.001679" asserts="0">
              <properties>
                <property name="retryIteration" value="0" />
                <property name="repeatIteration" value="0" />
              </properties>
            </test-case>
            <test-case id="1057" name="SamplesApproachDwellDoorsAndDepartureFromSnapshots" fullname="MetroReplay.Tests.TrainReplaySamplerTests.SamplesApproachDwellDoorsAndDepartureFromSnapshots" methodname="SamplesApproachDwellDoorsAndDepartureFromSnapshots" classname="MetroReplay.Tests.TrainReplaySamplerTests" runstate="Runnable" seed="1341683278" result="Passed" start-time="2026-08-01 14:15:49Z" end-time="2026-08-01 14:15:49Z" duration="0.000383" asserts="0">
              <properties>
                <property name="retryIteration" value="0" />
                <property name="repeatIteration" value="0" />
              </properties>
            </test-case>
          </test-suite>
        </test-suite>
      </test-suite>
    </test-suite>
    <test-suite type="Assembly" id="1320" name="UnitySkills.Tests.Editor.dll" fullname="D:/metro/.codex_tmp/station_unity_replay_verify/Library/ScriptAssemblies/UnitySkills.Tests.Editor.dll" runstate="Runnable" testcasecount="218" result="Passed" start-time="2026-08-01 14:15:49Z" end-time="2026-08-01 14:16:05Z" duration="16.149089" total="218" passed="218" failed="0" inconclusive="0" skipped="0" asserts="0">
      <properties>
        <property name="_PID" value="64252" />
        <property name="_APPDOMAIN" value="Unity Child Domain" />
        <property name="platform" value="EditMode" />
        <property name="EditorOnly" value="True" />
      </properties>
      <test-suite type="TestSuite" id="1321" name="UnitySkills" fullname="UnitySkills" runstate="Runnable" testcasecount="218" result="Passed" start-time="2026-08-01 14:15:49Z" end-time="2026-08-01 14:16:05Z" duration="16.148892" total="218" passed="218" failed="0" inconclusive="0" skipped="0" asserts="0">
        <properties />
        <test-suite type="TestSuite" id="1322" name="Tests" fullname="UnitySkills.Tests" runstate="Runnable" testcasecount="218" result="Passed" start-time="2026-08-01 14:15:49Z" end-time="2026-08-01 14:16:05Z" duration="16.148827" total="218" passed="218" failed="0" inconclusive="0" skipped="0" asserts="0">
          <properties />
          <test-suite type="TestSuite" id="1323" name="Core" fullname="UnitySkills.Tests.Core" runstate="Runnable" testcasecount="218" result="Passed" start-time="2026-08-01 14:15:49Z" end-time="2026-08-01 14:16:05Z" duration="16.148637" total="218" passed="218" failed="0" inconclusive="0" skipped="0" asserts="0">
            <properties />
            <test-suite type="TestFixture" id="1071" name="BatchExecutorTests" fullname="UnitySkills.Tests.Core.BatchExecutorTests" classname="UnitySkills.Tests.Core.BatchExecutorTests" runstate="Runnable" testcasecount="4" result="Passed" start-time="2026-08-01 14:15:49Z" end-time="2026-08-01 14:15:49Z" duration="0.012124" total="4" passed="4" failed="0" inconclusive="0" skipped="0" asserts="0">
              <properties />
              <test-case id="1073" name="Execute_EmptyItemsArray_ReturnsError" fullname="UnitySkills.Tests.Core.BatchExecutorTests.Execute_EmptyItemsArray_ReturnsError" methodname="Execute_EmptyItemsArray_ReturnsError" classname="UnitySkills.Tests.Core.BatchExecutorTests" runstate="Runnable" seed="179781318" result="Passed" start-time="2026-08-01 14:15:49Z" end-time="2026-08-01 14:15:49Z" duration="0.003519" asserts="0">
                <properties>
                  <property name="retryIteration" value="0" />
                  <property name="repeatIteration" value="0" />
                </properties>
              </test-case>
              <test-case id="1075" name="Execute_MalformedItemsJson_ReturnsParseError" fullname="UnitySkills.Tests.Core.BatchExecutorTests.Execute_MalformedItemsJson_ReturnsParseError" methodname="Execute_MalformedItemsJson_ReturnsParseError" classname="UnitySkills.Tests.Core.BatchExecutorTests" runstate="Runnable" seed="472766483" result="Passed" start-time="2026-08-01 14:15:49Z" end-time="2026-08-01 14:15:49Z" duration="0.001398" asserts="0">
                <properties>
                  <property name="retryIteration" value="0" />
                  <property name="repeatIteration" value="0" />
                </properties>
              </test-case>
              <test-case id="1074" name="Execute_NullItemsJson_ReturnsError" fullname="UnitySkills.Tests.Core.BatchExecutorTests.Execute_NullItemsJson_ReturnsError" methodname="Execute_NullItemsJson_ReturnsError" classname="UnitySkills.Tests.Core.BatchExecutorTests" runstate="Runnable" seed="1794839832" result="Passed" start-time="2026-08-01 14:15:49Z" end-time="2026-08-01 14:15:49Z" duration="0.000223" asserts="0">
                <properties>
                  <property name="retryIteration" value="0" />
                  <property name="repeatIteration" value="0" />
                </properties>
              </test-case>
              <test-case id="1072" name="Execute_ProcessorThrowsForOneItem_BecomesFailedResult_OthersStillSucceed" fullname="UnitySkills.Tests.Core.BatchExecutorTests.Execute_ProcessorThrowsForOneItem_BecomesFailedResult_OthersStillSucceed" methodname="Execute_ProcessorThrowsForOneItem_BecomesFailedResult_OthersStillSucceed" classname="UnitySkills.Tests.Core.BatchExecutorTests" runstate="Runnable" seed="1202753922" result="Passed" start-time="2026-08-01 14:15:49Z" end-time="2026-08-01 14:15:49Z" duration="0.006303" asserts="0">
                <properties>
                  <property name="retryIteration" value="0" />
                  <property name="repeatIteration" value="0" />
                </properties>
              </test-case>
            </test-suite>
            <test-suite type="TestFixture" id="1076" name="BatchGovernanceTests" fullname="UnitySkills.Tests.Core.BatchGovernanceTests" classname="UnitySkills.Tests.Core.BatchGovernanceTests" runstate="Runnable" testcasecount="11" result="Passed" start-time="2026-08-01 14:15:49Z" end-time="2026-08-01 14:15:49Z" duration="0.339815" total="11" passed="11" failed="0" inconclusive="0" skipped="0" asserts="0">
              <properties />
              <test-case id="1080" name="BatchCleanupTempObjects_AsyncJobCompletes" fullname="UnitySkills.Tests.Core.BatchGovernanceTests.BatchCleanupTempObjects_AsyncJobCompletes" methodname="BatchCleanupTempObjects_AsyncJobCompletes" classname="UnitySkills.Tests.Core.BatchGovernanceTests" runstate="Runnable" seed="2070141252" result="Passed" start-time="2026-08-01 14:15:49Z" end-time="2026-08-01 14:15:49Z" duration="0.109473" asserts="0">
                <properties>
                  <property name="retryIteration" value="0" />
                  <property name="repeatIteration" value="0" />
                </properties>
                <output><![CDATA[<color=#E091FF>[UnitySkills]</color> Session started: <b>f959d377-e06c-4ed1-bca9-7299de12835c</b>
<color=#E091FF>[UnitySkills]</color> Session ended: <b>f959d377-e06c-4ed1-bca9-7299de12835c</b>
]]></output>
              </test-case>
              <test-case id="1078" name="BatchPreviewRename_ThenExecuteSync_RenamesObjectsAndCreatesReport" fullname="UnitySkills.Tests.Core.BatchGovernanceTests.BatchPreviewRename_ThenExecuteSync_RenamesObjectsAndCreatesReport" methodname="BatchPreviewRename_ThenExecuteSync_RenamesObjectsAndCreatesReport" classname="UnitySkills.Tests.Core.BatchGovernanceTests" runstate="Runnable" seed="415823628" result="Passed" start-time="2026-08-01 14:15:49Z" end-time="2026-08-01 14:15:49Z" duration="0.034145" asserts="0">
                <properties>
                  <property name="retryIteration" value="0" />
                  <property name="repeatIteration" value="0" />
                </properties>
                <output><![CDATA[<color=#E091FF>[UnitySkills]</color> Session started: <b>1a728c63-64bb-4699-849d-1703df24a821</b>
<color=#E091FF>[UnitySkills]</color> Session ended: <b>1a728c63-64bb-4699-849d-1703df24a821</b>
]]></output>
              </test-case>
              <test-case id="1079" name="BatchPreviewSetProperty_WhenAlreadyAtTargetValue_ReturnsSkip" fullname="UnitySkills.Tests.Core.BatchGovernanceTests.BatchPreviewSetProperty_WhenAlreadyAtTargetValue_ReturnsSkip" methodname="BatchPreviewSetProperty_WhenAlreadyAtTargetValue_ReturnsSkip" classname="UnitySkills.Tests.Core.BatchGovernanceTests" runstate="Runnable" seed="1582017721" result="Passed" start-time="2026-08-01 14:15:49Z" end-time="2026-08-01 14:15:49Z" duration="0.018296" asserts="0">
                <properties>
                  <property name="retryIteration" value="0" />
                  <property name="repeatIteration" value="0" />
                </properties>
              </test-case>
              <test-case id="1083" name="BatchQueryAssets_FiltersByTypeAndFolder" fullname="UnitySkills.Tests.Core.BatchGovernanceTests.BatchQueryAssets_FiltersByTypeAndFolder" methodname="BatchQueryAssets_FiltersByTypeAndFolder" classname="UnitySkills.Tests.Core.BatchGovernanceTests" runstate="Runnable" seed="632685553" result="Passed" start-time="2026-08-01 14:15:49Z" end-time="2026-08-01 14:15:49Z" duration="0.016177" asserts="0">
                <properties>
                  <property name="retryIteration" value="0" />
                  <property name="repeatIteration" value="0" />
                </properties>
              </test-case>
              <test-case id="1082" name="BatchQueryGameObjects_FiltersByIsStatic" fullname="UnitySkills.Tests.Core.BatchGovernanceTests.BatchQueryGameObjects_FiltersByIsStatic" methodname="BatchQueryGameObjects_FiltersByIsStatic" classname="UnitySkills.Tests.Core.BatchGovernanceTests" runstate="Runnable" seed="728630355" result="Passed" start-time="2026-08-01 14:15:49Z" end-time="2026-08-01 14:15:49Z" duration="0.016777" asserts="0">
                <properties>
                  <property name="retryIteration" value="0" />
                  <property name="repeatIteration" value="0" />
                </properties>
              </test-case>
              <test-case id="1077" name="BatchQueryGameObjects_FiltersByName" fullname="UnitySkills.Tests.Core.BatchGovernanceTests.BatchQueryGameObjects_FiltersByName" methodname="BatchQueryGameObjects_FiltersByName" classname="UnitySkills.Tests.Core.BatchGovernanceTests" runstate="Runnable" seed="1621844862" result="Passed" start-time="2026-08-01 14:15:49Z" end-time="2026-08-01 14:15:49Z" duration="0.013167" asserts="0">
                <properties>
                  <property name="retryIteration" value="0" />
                  <property name="repeatIteration" value="0" />
                </properties>
              </test-case>
              <test-case id="1081" name="BatchQueryGameObjects_FiltersByNamePattern_Regex" fullname="UnitySkills.Tests.Core.BatchGovernanceTests.BatchQueryGameObjects_FiltersByNamePattern_Regex" methodname="BatchQueryGameObjects_FiltersByNamePattern_Regex" classname="UnitySkills.Tests.Core.BatchGovernanceTests" runstate="Runnable" seed="1932636506" result="Passed" start-time="2026-08-01 14:15:49Z" end-time="2026-08-01 14:15:49Z" duration="0.011336" asserts="0">
                <properties>
                  <property name="retryIteration" value="0" />
                  <property name="repeatIteration" value="0" />
                </properties>
              </test-case>
              <test-case id="1085" name="BatchRetryFailed_ReplaysStoredOperationContext" fullname="UnitySkills.Tests.Core.BatchGovernanceTests.BatchRetryFailed_ReplaysStoredOperationContext" methodname="BatchRetryFailed_ReplaysStoredOperationContext" classname="UnitySkills.Tests.Core.BatchGovernanceTests" runstate="Runnable" seed="1577787679" result="Passed" start-time="2026-08-01 14:15:49Z" end-time="2026-08-01 14:15:49Z" duration="0.027390" asserts="0">
                <properties>
                  <property name="retryIteration" value="0" />
                  <property name="repeatIteration" value="0" />
                </properties>
                <output><![CDATA[<color=#E091FF>[UnitySkills]</color> Session started: <b>f922b6d8-a63e-4962-9bf9-da7338c3504d</b>
<color=#E091FF>[UnitySkills]</color> Session ended: <b>f922b6d8-a63e-4962-9bf9-da7338c3504d</b>
]]></output>
              </test-case>
              <test-case id="1084" name="BatchRetryFailed_WithNoFailedItems_ReturnsZeroCount" fullname="UnitySkills.Tests.Core.BatchGovernanceTests.BatchRetryFailed_WithNoFailedItems_ReturnsZeroCount" methodname="BatchRetryFailed_WithNoFailedItems_ReturnsZeroCount" classname="UnitySkills.Tests.Core.BatchGovernanceTests" runstate="Runnable" seed="994634809" result="Passed" start-time="2026-08-01 14:15:49Z" end-time="2026-08-01 14:15:49Z" duration="0.024366" asserts="0">
                <properties>
                  <property name="retryIteration" value="0" />
                  <property name="repeatIteration" value="0" />
                </properties>
                <output><![CDATA[<color=#E091FF>[UnitySkills]</color> Session started: <b>3dd3cd06-8c46-4bba-8db8-a40409387b48</b>
<color=#E091FF>[UnitySkills]</color> Session ended: <b>3dd3cd06-8c46-4bba-8db8-a40409387b48</b>
]]></output>
              </test-case>
              <test-case id="1086" name="TestSmokeSkills_ForTestCategory_ReturnsAggregateSummary" fullname="UnitySkills.Tests.Core.BatchGovernanceTests.TestSmokeSkills_ForTestCategory_ReturnsAggregateSummary" methodname="TestSmokeSkills_ForTestCategory_ReturnsAggregateSummary" classname="UnitySkills.Tests.Core.BatchGovernanceTests" runstate="Runnable" seed="1242811789" result="Passed" start-time="2026-08-01 14:15:49Z" end-time="2026-08-01 14:15:49Z" duration="0.053350" asserts="0">
                <properties>
                  <property name="retryIteration" value="0" />
                  <property name="repeatIteration" value="0" />
                </properties>
                <output><![CDATA[[UnitySkills] Discovered 776 skills
]]></output>
              </test-case>
              <test-case id="1087" name="TestSmokeSkills_SkipsKnownMissingPackageInsteadOfReportingFailure" fullname="UnitySkills.Tests.Core.BatchGovernanceTests.TestSmokeSkills_SkipsKnownMissingPackageInsteadOfReportingFailure" methodname="TestSmokeSkills_SkipsKnownMissingPackageInsteadOfReportingFailure" classname="UnitySkills.Tests.Core.BatchGovernanceTests" runstate="Runnable" seed="1679612046" result="Passed" start-time="2026-08-01 14:15:49Z" end-time="2026-08-01 14:15:49Z" duration="0.013336" asserts="0">
                <properties>
                  <property name="retryIteration" value="0" />
                  <property name="repeatIteration" value="0" />
                </properties>
              </test-case>
            </test-suite>
            <test-suite type="TestFixture" id="1088" name="CinemachineSkillsTests" fullname="UnitySkills.Tests.Core.CinemachineSkillsTests" classname="UnitySkills.Tests.Core.CinemachineSkillsTests" runstate="Runnable" testcasecount="1" result="Passed" start-time="2026-08-01 14:15:49Z" end-time="2026-08-01 14:15:49Z" duration="0.006059" total="1" passed="1" failed="0" inconclusive="0" skipped="0" asserts="0">
              <properties />
              <test-case id="1089" name="CinemachineNotInstalled_Skip" fullname="UnitySkills.Tests.Core.CinemachineSkillsTests.CinemachineNotInstalled_Skip" methodname="CinemachineNotInstalled_Skip" classname="UnitySkills.Tests.Core.CinemachineSkillsTests" runstate="Runnable" seed="1658011985" result="Passed" start-time="2026-08-01 14:15:49Z" end-time="2026-08-01 14:15:49Z" duration="0.002032" asserts="0">
                <properties>
                  <property name="retryIteration" value="0" />
                  <property name="repeatIteration" value="0" />
                </properties>
                <reason>
                  <message><![CDATA[Cinemachine 未安装，跳过相关测试。]]></message>
                </reason>
              </test-case>
            </test-suite>
            <test-suite type="TestFixture" id="1090" name="DeepInspectorSkillTests" fullname="UnitySkills.Tests.Core.DeepInspectorSkillTests" classname="UnitySkills.Tests.Core.DeepInspectorSkillTests" runstate="Runnable" testcasecount="4" result="Passed" start-time="2026-08-01 14:15:49Z" end-time="2026-08-01 14:15:51Z" duration="1.799804" total="4" passed="4" failed="0" inconclusive="0" skipped="0" asserts="0">
              <properties />
              <test-case id="1093" name="ComponentCopyExact_CopiesAndVerifiesSerializedFields" fullname="UnitySkills.Tests.Core.DeepInspectorSkillTests.ComponentCopyExact_CopiesAndVerifiesSerializedFields" methodname="ComponentCopyExact_CopiesAndVerifiesSerializedFields" classname="UnitySkills.Tests.Core.DeepInspectorSkillTests" runstate="Runnable" seed="510924236" result="Passed" start-time="2026-08-01 14:15:49Z" end-time="2026-08-01 14:15:50Z" duration="0.878685" asserts="0">
                <properties>
                  <property name="retryIteration" value="0" />
                  <property name="repeatIteration" value="0" />
                </properties>
              </test-case>
              <test-case id="1092" name="ComponentSetSerializedProperty_SetsInspectorVisibleFieldsAndReferences" fullname="UnitySkills.Tests.Core.DeepInspectorSkillTests.ComponentSetSerializedProperty_SetsInspectorVisibleFieldsAndReferences" methodname="ComponentSetSerializedProperty_SetsInspectorVisibleFieldsAndReferences" classname="UnitySkills.Tests.Core.DeepInspectorSkillTests" runstate="Runnable" seed="323432748" result="Passed" start-time="2026-08-01 14:15:50Z" end-time="2026-08-01 14:15:51Z" duration="0.616751" asserts="0">
                <properties>
                  <property name="retryIteration" value="0" />
                  <property name="repeatIteration" value="0" />
                </properties>
              </test-case>
              <test-case id="1094" name="EventSetListener_ReplacesButtonOnClickPersistentListener" fullname="UnitySkills.Tests.Core.DeepInspectorSkillTests.EventSetListener_ReplacesButtonOnClickPersistentListener" methodname="EventSetListener_ReplacesButtonOnClickPersistentListener" classname="UnitySkills.Tests.Core.DeepInspectorSkillTests" runstate="Runnable" seed="1628665392" result="Passed" start-time="2026-08-01 14:15:51Z" end-time="2026-08-01 14:15:51Z" duration="0.153688" asserts="0">
                <properties>
                  <property name="retryIteration" value="0" />
                  <property name="repeatIteration" value="0" />
                </properties>
              </test-case>
              <test-case id="1091" name="UISetRectTransform_CoversAnchorsOffsetsAndLocalTransform" fullname="UnitySkills.Tests.Core.DeepInspectorSkillTests.UISetRectTransform_CoversAnchorsOffsetsAndLocalTransform" methodname="UISetRectTransform_CoversAnchorsOffsetsAndLocalTransform" classname="UnitySkills.Tests.Core.DeepInspectorSkillTests" runstate="Runnable" seed="99725523" result="Passed" start-time="2026-08-01 14:15:51Z" end-time="2026-08-01 14:15:51Z" duration="0.149851" asserts="0">
                <properties>
                  <property name="retryIteration" value="0" />
                  <property name="repeatIteration" value="0" />
                </properties>
              </test-case>
            </test-suite>
            <test-suite type="TestFixture" id="1095" name="EditorChangeTrackerTests" fullname="UnitySkills.Tests.Core.EditorChangeTrackerTests" classname="UnitySkills.Tests.Core.EditorChangeTrackerTests" runstate="Runnable" testcasecount="6" result="Passed" start-time="2026-08-01 14:15:51Z" end-time="2026-08-01 14:15:52Z" duration="0.246780" total="6" passed="6" failed="0" inconclusive="0" skipped="0" asserts="0">
              <properties />
              <test-case id="1099" name="Journal_ReloadsFromDiskAcrossDomainStyleReset" fullname="UnitySkills.Tests.Core.EditorChangeTrackerTests.Journal_ReloadsFromDiskAcrossDomainStyleReset" methodname="Journal_ReloadsFromDiskAcrossDomainStyleReset" classname="UnitySkills.Tests.Core.EditorChangeTrackerTests" runstate="Runnable" seed="534269114" result="Passed" start-time="2026-08-01 14:15:51Z" end-time="2026-08-01 14:15:51Z" duration="0.009272" asserts="0">
                <properties>
                  <property name="retryIteration" value="0" />
                  <property name="repeatIteration" value="0" />
                </properties>
              </test-case>
              <test-case id="1097" name="ReadChanges_FiltersTypeAndSource" fullname="UnitySkills.Tests.Core.EditorChangeTrackerTests.ReadChanges_FiltersTypeAndSource" methodname="ReadChanges_FiltersTypeAndSource" classname="UnitySkills.Tests.Core.EditorChangeTrackerTests" runstate="Runnable" seed="621808313" result="Passed" start-time="2026-08-01 14:15:51Z" end-time="2026-08-01 14:15:51Z" duration="0.002628" asserts="0">
                <properties>
                  <property name="retryIteration" value="0" />
                  <property name="repeatIteration" value="0" />
                </properties>
              </test-case>
              <test-case id="1098" name="ReadChanges_LimitKeepsNewestAndReportsTruncation" fullname="UnitySkills.Tests.Core.EditorChangeTrackerTests.ReadChanges_LimitKeepsNewestAndReportsTruncation" methodname="ReadChanges_LimitKeepsNewestAndReportsTruncation" classname="UnitySkills.Tests.Core.EditorChangeTrackerTests" runstate="Runnable" seed="1324590604" result="Passed" start-time="2026-08-01 14:15:51Z" end-time="2026-08-01 14:15:51Z" duration="0.004400" asserts="0">
                <properties>
                  <property name="retryIteration" value="0" />
                  <property name="repeatIteration" value="0" />
                </properties>
              </test-case>
              <test-case id="1101" name="ReadChanges_RejectsUnknownFilters" fullname="UnitySkills.Tests.Core.EditorChangeTrackerTests.ReadChanges_RejectsUnknownFilters" methodname="ReadChanges_RejectsUnknownFilters" classname="UnitySkills.Tests.Core.EditorChangeTrackerTests" runstate="Runnable" seed="142095475" result="Passed" start-time="2026-08-01 14:15:51Z" end-time="2026-08-01 14:15:51Z" duration="0.000698" asserts="0">
                <properties>
                  <property name="retryIteration" value="0" />
                  <property name="repeatIteration" value="0" />
                </properties>
              </test-case>
              <test-case id="1100" name="ReadChanges_ReportsDroppedWhenRetentionWasExceeded" fullname="UnitySkills.Tests.Core.EditorChangeTrackerTests.ReadChanges_ReportsDroppedWhenRetentionWasExceeded" methodname="ReadChanges_ReportsDroppedWhenRetentionWasExceeded" classname="UnitySkills.Tests.Core.EditorChangeTrackerTests" runstate="Runnable" seed="2059683514" result="Passed" start-time="2026-08-01 14:15:51Z" end-time="2026-08-01 14:15:52Z" duration="0.223450" asserts="0">
                <properties>
                  <property name="retryIteration" value="0" />
                  <property name="repeatIteration" value="0" />
                </properties>
              </test-case>
              <test-case id="1096" name="ReadChanges_ReturnsHistoryAndCursor" fullname="UnitySkills.Tests.Core.EditorChangeTrackerTests.ReadChanges_ReturnsHistoryAndCursor" methodname="ReadChanges_ReturnsHistoryAndCursor" classname="UnitySkills.Tests.Core.EditorChangeTrackerTests" runstate="Runnable" seed="1495622143" result="Passed" start-time="2026-08-01 14:15:52Z" end-time="2026-08-01 14:15:52Z" duration="0.001732" asserts="0">
                <properties>
                  <property name="retryIteration" value="0" />
                  <property name="repeatIteration" value="0" />
                </properties>
              </test-case>
            </test-suite>
            <test-suite type="TestFixture" id="1102" name="EditorUndoRedoTests" fullname="UnitySkills.Tests.Core.EditorUndoRedoTests" classname="UnitySkills.Tests.Core.EditorUndoRedoTests" runstate="Runnable" testcasecount="1" result="Passed" start-time="2026-08-01 14:15:52Z" end-time="2026-08-01 14:15:52Z" duration="0.037604" total="1" passed="1" failed="0" inconclusive="0" skipped="0" asserts="0">
              <properties />
              <test-case id="1103" name="EditorUndoRedo_RestoresLatestSkillMutation" fullname="UnitySkills.Tests.Core.EditorUndoRedoTests.EditorUndoRedo_RestoresLatestSkillMutation" methodname="EditorUndoRedo_RestoresLatestSkillMutation" classname="UnitySkills.Tests.Core.EditorUndoRedoTests" runstate="Runnable" seed="1771611402" result="Passed" start-time="2026-08-01 14:15:52Z" end-time="2026-08-01 14:15:52Z" duration="0.036903" asserts="0">
                <properties>
                  <property name="retryIteration" value="0" />
                  <property name="repeatIteration" value="0" />
                </properties>
              </test-case>
            </test-suite>
            <test-suite type="TestFixture" id="1104" name="NewCapabilitiesTests" fullname="UnitySkills.Tests.Core.NewCapabilitiesTests" classname="UnitySkills.Tests.Core.NewCapabilitiesTests" runstate="Runnable" testcasecount="30" result="Passed" start-time="2026-08-01 14:15:52Z" end-time="2026-08-01 14:15:52Z" duration="0.714197" total="30" passed="30" failed="0" inconclusive="0" skipped="0" asserts="0">
              <properties />
              <test-case id="1124" name="BatchDiff_CreateThenModify_ReportsOnlyFinalAddedObject" fullname="UnitySkills.Tests.Core.NewCapabilitiesTests.BatchDiff_CreateThenModify_ReportsOnlyFinalAddedObject" methodname="BatchDiff_CreateThenModify_ReportsOnlyFinalAddedObject" classname="UnitySkills.Tests.Core.NewCapabilitiesTests" runstate="Runnable" seed="684015626" result="Passed" start-time="2026-08-01 14:15:52Z" end-time="2026-08-01 14:15:52Z" duration="0.033788" asserts="0">
                <properties>
                  <property name="retryIteration" value="0" />
                  <property name="repeatIteration" value="0" />
                </properties>
              </test-case>
              <test-case id="1127" name="BatchDiff_DeleteExistingObject_ReportsRemoved" fullname="UnitySkills.Tests.Core.NewCapabilitiesTests.BatchDiff_DeleteExistingObject_ReportsRemoved" methodname="BatchDiff_DeleteExistingObject_ReportsRemoved" classname="UnitySkills.Tests.Core.NewCapabilitiesTests" runstate="Runnable" seed="1826870637" result="Passed" start-time="2026-08-01 14:15:52Z" end-time="2026-08-01 14:15:52Z" duration="0.019821" asserts="0">
                <properties>
                  <property name="retryIteration" value="0" />
                  <property name="repeatIteration" value="0" />
                </properties>
              </test-case>
              <test-case id="1125" name="BatchDiff_ExistingObjectMultipleSteps_ReportsFinalNetChangeOnce" fullname="UnitySkills.Tests.Core.NewCapabilitiesTests.BatchDiff_ExistingObjectMultipleSteps_ReportsFinalNetChangeOnce" methodname="BatchDiff_ExistingObjectMultipleSteps_ReportsFinalNetChangeOnce" classname="UnitySkills.Tests.Core.NewCapabilitiesTests" runstate="Runnable" seed="1414635452" result="Passed" start-time="2026-08-01 14:15:52Z" end-time="2026-08-01 14:15:52Z" duration="0.022470" asserts="0">
                <properties>
                  <property name="retryIteration" value="0" />
                  <property name="repeatIteration" value="0" />
                </properties>
              </test-case>
              <test-case id="1128" name="BatchDiff_PartialFailure_ReturnsSuccessfulNetChanges" fullname="UnitySkills.Tests.Core.NewCapabilitiesTests.BatchDiff_PartialFailure_ReturnsSuccessfulNetChanges" methodname="BatchDiff_PartialFailure_ReturnsSuccessfulNetChanges" classname="UnitySkills.Tests.Core.NewCapabilitiesTests" runstate="Runnable" seed="1400869259" result="Passed" start-time="2026-08-01 14:15:52Z" end-time="2026-08-01 14:15:52Z" duration="0.028095" asserts="0">
                <properties>
                  <property name="retryIteration" value="0" />
                  <property name="repeatIteration" value="0" />
                </properties>
              </test-case>
              <test-case id="1126" name="BatchDiff_ReadOnlyBatch_ReturnsNote" fullname="UnitySkills.Tests.Core.NewCapabilitiesTests.BatchDiff_ReadOnlyBatch_ReturnsNote" methodname="BatchDiff_ReadOnlyBatch_ReturnsNote" classname="UnitySkills.Tests.Core.NewCapabilitiesTests" runstate="Runnable" seed="908702221" result="Passed" start-time="2026-08-01 14:15:52Z" end-time="2026-08-01 14:15:52Z" duration="0.016093" asserts="0">
                <properties>
                  <property name="retryIteration" value="0" />
                  <property name="repeatIteration" value="0" />
                </properties>
              </test-case>
              <test-case id="1130" name="BatchDiff_ResolvedRefTarget_IsAggregated" fullname="UnitySkills.Tests.Core.NewCapabilitiesTests.BatchDiff_ResolvedRefTarget_IsAggregated" methodname="BatchDiff_ResolvedRefTarget_IsAggregated" classname="UnitySkills.Tests.Core.NewCapabilitiesTests" runstate="Runnable" seed="2024335948" result="Passed" start-time="2026-08-01 14:15:52Z" end-time="2026-08-01 14:15:52Z" duration="0.022668" asserts="0">
                <properties>
                  <property name="retryIteration" value="0" />
                  <property name="repeatIteration" value="0" />
                </properties>
              </test-case>
              <test-case id="1129" name="BatchDiff_TransactionalRollback_ReportsRolledBackNetState" fullname="UnitySkills.Tests.Core.NewCapabilitiesTests.BatchDiff_TransactionalRollback_ReportsRolledBackNetState" methodname="BatchDiff_TransactionalRollback_ReportsRolledBackNetState" classname="UnitySkills.Tests.Core.NewCapabilitiesTests" runstate="Runnable" seed="763088499" result="Passed" start-time="2026-08-01 14:15:52Z" end-time="2026-08-01 14:15:52Z" duration="0.024863" asserts="0">
                <properties>
                  <property name="retryIteration" value="0" />
                  <property name="repeatIteration" value="0" />
                </properties>
                <output><![CDATA[[UnitySkills] Transactional batch rolled back 1 executed step(s) after a failed step (undo group 17).
]]></output>
              </test-case>
              <test-case id="1113" name="BuildPlayer_ExistingOutputRequiresOverwrite" fullname="UnitySkills.Tests.Core.NewCapabilitiesTests.BuildPlayer_ExistingOutputRequiresOverwrite" methodname="BuildPlayer_ExistingOutputRequiresOverwrite" classname="UnitySkills.Tests.Core.NewCapabilitiesTests" runstate="Runnable" seed="792988800" result="Passed" start-time="2026-08-01 14:15:52Z" end-time="2026-08-01 14:15:52Z" duration="0.013112" asserts="0">
                <properties>
                  <property name="retryIteration" value="0" />
                  <property name="repeatIteration" value="0" />
                </properties>
              </test-case>
              <test-case id="1114" name="BuildPlayer_ExplicitScenesValidate" fullname="UnitySkills.Tests.Core.NewCapabilitiesTests.BuildPlayer_ExplicitScenesValidate" methodname="BuildPlayer_ExplicitScenesValidate" classname="UnitySkills.Tests.Core.NewCapabilitiesTests" runstate="Runnable" seed="1942451802" result="Passed" start-time="2026-08-01 14:15:52Z" end-time="2026-08-01 14:15:52Z" duration="0.233747" asserts="0">
                <properties>
                  <property name="retryIteration" value="0" />
                  <property name="repeatIteration" value="0" />
                </properties>
              </test-case>
              <test-case id="1112" name="BuildPlayer_OutputPathRejectsOutsideAndProtectedProjectFolders" fullname="UnitySkills.Tests.Core.NewCapabilitiesTests.BuildPlayer_OutputPathRejectsOutsideAndProtectedProjectFolders" methodname="BuildPlayer_OutputPathRejectsOutsideAndProtectedProjectFolders" classname="UnitySkills.Tests.Core.NewCapabilitiesTests" runstate="Runnable" seed="57159961" result="Passed" start-time="2026-08-01 14:15:52Z" end-time="2026-08-01 14:15:52Z" duration="0.012815" asserts="0">
                <properties>
                  <property name="retryIteration" value="0" />
                  <property name="repeatIteration" value="0" />
                </properties>
              </test-case>
              <test-suite type="ParameterizedMethod" id="1111" name="BuildPlayer_TargetAliasesResolve" fullname="UnitySkills.Tests.Core.NewCapabilitiesTests.BuildPlayer_TargetAliasesResolve" classname="UnitySkills.Tests.Core.NewCapabilitiesTests" runstate="Runnable" testcasecount="6" result="Passed" start-time="2026-08-01 14:15:52Z" end-time="2026-08-01 14:15:52Z" duration="0.074498" total="6" passed="6" failed="0" inconclusive="0" skipped="0" asserts="0">
                <properties />
                <test-case id="1105" name="BuildPlayer_TargetAliasesResolve(&quot;macOS&quot;,StandaloneOSX)" fullname="UnitySkills.Tests.Core.NewCapabilitiesTests.BuildPlayer_TargetAliasesResolve(&quot;macOS&quot;,StandaloneOSX)" methodname="BuildPlayer_TargetAliasesResolve" classname="UnitySkills.Tests.Core.NewCapabilitiesTests" runstate="Runnable" seed="1003853763" result="Passed" start-time="2026-08-01 14:15:52Z" end-time="2026-08-01 14:15:52Z" duration="0.015102" asserts="0">
                  <properties>
                    <property name="retryIteration" value="0" />
                    <property name="repeatIteration" value="0" />
                  </properties>
                </test-case>
                <test-case id="1106" name="BuildPlayer_TargetAliasesResolve(&quot;windows64&quot;,StandaloneWindows64)" fullname="UnitySkills.Tests.Core.NewCapabilitiesTests.BuildPlayer_TargetAliasesResolve(&quot;windows64&quot;,StandaloneWindows64)" methodname="BuildPlayer_TargetAliasesResolve" classname="UnitySkills.Tests.Core.NewCapabilitiesTests" runstate="Runnable" seed="1918861623" result="Passed" start-time="2026-08-01 14:15:52Z" end-time="2026-08-01 14:15:52Z" duration="0.012508" asserts="0">
                  <properties>
                    <property name="retryIteration" value="0" />
                    <property name="repeatIteration" value="0" />
                  </properties>
                </test-case>
                <test-case id="1107" name="BuildPlayer_TargetAliasesResolve(&quot;linux64&quot;,StandaloneLinux64)" fullname="UnitySkills.Tests.Core.NewCapabilitiesTests.BuildPlayer_TargetAliasesResolve(&quot;linux64&quot;,StandaloneLinux64)" methodname="BuildPlayer_TargetAliasesResolve" classname="UnitySkills.Tests.Core.NewCapabilitiesTests" runstate="Runnable" seed="1357158450" result="Passed" start-time="2026-08-01 14:15:52Z" end-time="2026-08-01 14:15:52Z" duration="0.009949" asserts="0">
                  <properties>
                    <property name="retryIteration" value="0" />
                    <property name="repeatIteration" value="0" />
                  </properties>
                </test-case>
                <test-case id="1108" name="BuildPlayer_TargetAliasesResolve(&quot;android&quot;,Android)" fullname="UnitySkills.Tests.Core.NewCapabilitiesTests.BuildPlayer_TargetAliasesResolve(&quot;android&quot;,Android)" methodname="BuildPlayer_TargetAliasesResolve" classname="UnitySkills.Tests.Core.NewCapabilitiesTests" runstate="Runnable" seed="1409849034" result="Passed" start-time="2026-08-01 14:15:52Z" end-time="2026-08-01 14:15:52Z" duration="0.014162" asserts="0">
                  <properties>
                    <property name="retryIteration" value="0" />
                    <property name="repeatIteration" value="0" />
                  </properties>
                </test-case>
                <test-case id="1109" name="BuildPlayer_TargetAliasesResolve(&quot;webgl&quot;,WebGL)" fullname="UnitySkills.Tests.Core.NewCapabilitiesTests.BuildPlayer_TargetAliasesResolve(&quot;webgl&quot;,WebGL)" methodname="BuildPlayer_TargetAliasesResolve" classname="UnitySkills.Tests.Core.NewCapabilitiesTests" runstate="Runnable" seed="1348267529" result="Passed" start-time="2026-08-01 14:15:52Z" end-time="2026-08-01 14:15:52Z" duration="0.010356" asserts="0">
                  <properties>
                    <property name="retryIteration" value="0" />
                    <property name="repeatIteration" value="0" />
                  </properties>
                </test-case>
                <test-case id="1110" name="BuildPlayer_TargetAliasesResolve(&quot;iOS&quot;,iOS)" fullname="UnitySkills.Tests.Core.NewCapabilitiesTests.BuildPlayer_TargetAliasesResolve(&quot;iOS&quot;,iOS)" methodname="BuildPlayer_TargetAliasesResolve" classname="UnitySkills.Tests.Core.NewCapabilitiesTests" runstate="Runnable" seed="1829293394" result="Passed" start-time="2026-08-01 14:15:52Z" end-time="2026-08-01 14:15:52Z" duration="0.010614" asserts="0">
                  <properties>
                    <property name="retryIteration" value="0" />
                    <property name="repeatIteration" value="0" />
                  </properties>
                </test-case>
              </test-suite>
              <test-case id="1137" name="NewSkills_HaveExpectedRiskAndAsyncMetadata" fullname="UnitySkills.Tests.Core.NewCapabilitiesTests.NewSkills_HaveExpectedRiskAndAsyncMetadata" methodname="NewSkills_HaveExpectedRiskAndAsyncMetadata" classname="UnitySkills.Tests.Core.NewCapabilitiesTests" runstate="Runnable" seed="1168067767" result="Passed" start-time="2026-08-01 14:15:52Z" end-time="2026-08-01 14:15:52Z" duration="0.010410" asserts="0">
                <properties>
                  <property name="retryIteration" value="0" />
                  <property name="repeatIteration" value="0" />
                </properties>
              </test-case>
              <test-case id="1136" name="PlayCapture_DomainReloadRecovery_AcceptsRuntimeErrors" fullname="UnitySkills.Tests.Core.NewCapabilitiesTests.PlayCapture_DomainReloadRecovery_AcceptsRuntimeErrors" methodname="PlayCapture_DomainReloadRecovery_AcceptsRuntimeErrors" classname="UnitySkills.Tests.Core.NewCapabilitiesTests" runstate="Runnable" seed="1975895441" result="Passed" start-time="2026-08-01 14:15:52Z" end-time="2026-08-01 14:15:52Z" duration="0.014350" asserts="0">
                <properties>
                  <property name="retryIteration" value="0" />
                  <property name="repeatIteration" value="0" />
                </properties>
              </test-case>
              <test-case id="1135" name="PlayCapture_DomainReloadRecovery_ResumesPersistedStage" fullname="UnitySkills.Tests.Core.NewCapabilitiesTests.PlayCapture_DomainReloadRecovery_ResumesPersistedStage" methodname="PlayCapture_DomainReloadRecovery_ResumesPersistedStage" classname="UnitySkills.Tests.Core.NewCapabilitiesTests" runstate="Runnable" seed="1932748923" result="Passed" start-time="2026-08-01 14:15:52Z" end-time="2026-08-01 14:15:52Z" duration="0.011699" asserts="0">
                <properties>
                  <property name="retryIteration" value="0" />
                  <property name="repeatIteration" value="0" />
                </properties>
              </test-case>
              <test-suite type="ParameterizedMethod" id="1134" name="PlayCapture_DurationOutsideRange_IsRejected" fullname="UnitySkills.Tests.Core.NewCapabilitiesTests.PlayCapture_DurationOutsideRange_IsRejected" classname="UnitySkills.Tests.Core.NewCapabilitiesTests" runstate="Runnable" testcasecount="2" result="Passed" start-time="2026-08-01 14:15:52Z" end-time="2026-08-01 14:15:52Z" duration="0.023153" total="2" passed="2" failed="0" inconclusive="0" skipped="0" asserts="0">
                <properties />
                <test-case id="1132" name="PlayCapture_DurationOutsideRange_IsRejected(0)" fullname="UnitySkills.Tests.Core.NewCapabilitiesTests.PlayCapture_DurationOutsideRange_IsRejected(0)" methodname="PlayCapture_DurationOutsideRange_IsRejected" classname="UnitySkills.Tests.Core.NewCapabilitiesTests" runstate="Runnable" seed="1438423965" result="Passed" start-time="2026-08-01 14:15:52Z" end-time="2026-08-01 14:15:52Z" duration="0.011606" asserts="0">
                  <properties>
                    <property name="retryIteration" value="0" />
                    <property name="repeatIteration" value="0" />
                  </properties>
                </test-case>
                <test-case id="1133" name="PlayCapture_DurationOutsideRange_IsRejected(301)" fullname="UnitySkills.Tests.Core.NewCapabilitiesTests.PlayCapture_DurationOutsideRange_IsRejected(301)" methodname="PlayCapture_DurationOutsideRange_IsRejected" classname="UnitySkills.Tests.Core.NewCapabilitiesTests" runstate="Runnable" seed="942302419" result="Passed" start-time="2026-08-01 14:15:52Z" end-time="2026-08-01 14:15:52Z" duration="0.010670" asserts="0">
                  <properties>
                    <property name="retryIteration" value="0" />
                    <property name="repeatIteration" value="0" />
                  </properties>
                </test-case>
              </test-suite>
              <test-case id="1131" name="PlayCapture_ErrorAggregation_DeduplicatesAndTruncates" fullname="UnitySkills.Tests.Core.NewCapabilitiesTests.PlayCapture_ErrorAggregation_DeduplicatesAndTruncates" methodname="PlayCapture_ErrorAggregation_DeduplicatesAndTruncates" classname="UnitySkills.Tests.Core.NewCapabilitiesTests" runstate="Runnable" seed="488331205" result="Passed" start-time="2026-08-01 14:15:52Z" end-time="2026-08-01 14:15:52Z" duration="0.014316" asserts="0">
                <properties>
                  <property name="retryIteration" value="0" />
                  <property name="repeatIteration" value="0" />
                </properties>
              </test-case>
              <test-case id="1121" name="RecommendationHealth_SlowSkillWarnsWithoutPenalty" fullname="UnitySkills.Tests.Core.NewCapabilitiesTests.RecommendationHealth_SlowSkillWarnsWithoutPenalty" methodname="RecommendationHealth_SlowSkillWarnsWithoutPenalty" classname="UnitySkills.Tests.Core.NewCapabilitiesTests" runstate="Runnable" seed="1832423883" result="Passed" start-time="2026-08-01 14:15:52Z" end-time="2026-08-01 14:15:52Z" duration="0.011892" asserts="0">
                <properties>
                  <property name="retryIteration" value="0" />
                  <property name="repeatIteration" value="0" />
                </properties>
              </test-case>
              <test-suite type="ParameterizedMethod" id="1120" name="RecommendationHealth_UsesSampleGateAndBoundedPenalty" fullname="UnitySkills.Tests.Core.NewCapabilitiesTests.RecommendationHealth_UsesSampleGateAndBoundedPenalty" classname="UnitySkills.Tests.Core.NewCapabilitiesTests" runstate="Runnable" testcasecount="5" result="Passed" start-time="2026-08-01 14:15:52Z" end-time="2026-08-01 14:15:52Z" duration="0.054406" total="5" passed="5" failed="0" inconclusive="0" skipped="0" asserts="0">
                <properties />
                <test-case id="1115" name="RecommendationHealth_UsesSampleGateAndBoundedPenalty(4,4,100,0)" fullname="UnitySkills.Tests.Core.NewCapabilitiesTests.RecommendationHealth_UsesSampleGateAndBoundedPenalty(4,4,100,0)" methodname="RecommendationHealth_UsesSampleGateAndBoundedPenalty" classname="UnitySkills.Tests.Core.NewCapabilitiesTests" runstate="Runnable" seed="1318074576" result="Passed" start-time="2026-08-01 14:15:52Z" end-time="2026-08-01 14:15:52Z" duration="0.011278" asserts="0">
                  <properties>
                    <property name="retryIteration" value="0" />
                    <property name="repeatIteration" value="0" />
                  </properties>
                </test-case>
[...]
                </properties>
              </test-case>
              <test-case id="1288" name="SafePath_InvalidRootPath_ReturnsError" fullname="UnitySkills.Tests.Core.ValidateTests.SafePath_InvalidRootPath_ReturnsError" methodname="SafePath_InvalidRootPath_ReturnsError" classname="UnitySkills.Tests.Core.ValidateTests" runstate="Runnable" seed="1369401547" result="Passed" start-time="2026-08-01 14:16:00Z" end-time="2026-08-01 14:16:00Z" duration="0.000097" asserts="0">
                <properties>
                  <property name="retryIteration" value="0" />
                  <property name="repeatIteration" value="0" />
                </properties>
              </test-case>
              <test-case id="1282" name="SafePath_NullPath_ReturnsError" fullname="UnitySkills.Tests.Core.ValidateTests.SafePath_NullPath_ReturnsError" methodname="SafePath_NullPath_ReturnsError" classname="UnitySkills.Tests.Core.ValidateTests" runstate="Runnable" seed="148621401" result="Passed" start-time="2026-08-01 14:16:00Z" end-time="2026-08-01 14:16:00Z" duration="0.000166" asserts="0">
                <properties>
                  <property name="retryIteration" value="0" />
                  <property name="repeatIteration" value="0" />
                </properties>
              </test-case>
              <test-case id="1284" name="SafePath_PathTraversal_ReturnsError" fullname="UnitySkills.Tests.Core.ValidateTests.SafePath_PathTraversal_ReturnsError" methodname="SafePath_PathTraversal_ReturnsError" classname="UnitySkills.Tests.Core.ValidateTests" runstate="Runnable" seed="664008689" result="Passed" start-time="2026-08-01 14:16:00Z" end-time="2026-08-01 14:16:00Z" duration="0.000074" asserts="0">
                <properties>
                  <property name="retryIteration" value="0" />
                  <property name="repeatIteration" value="0" />
                </properties>
              </test-case>
              <test-case id="1285" name="SafePath_PathTraversalDoubleDot_ReturnsError" fullname="UnitySkills.Tests.Core.ValidateTests.SafePath_PathTraversalDoubleDot_ReturnsError" methodname="SafePath_PathTraversalDoubleDot_ReturnsError" classname="UnitySkills.Tests.Core.ValidateTests" runstate="Runnable" seed="738942833" result="Passed" start-time="2026-08-01 14:16:00Z" end-time="2026-08-01 14:16:00Z" duration="0.000127" asserts="0">
                <properties>
                  <property name="retryIteration" value="0" />
                  <property name="repeatIteration" value="0" />
                </properties>
              </test-case>
              <test-case id="1286" name="SafePath_ValidAssetsPath_ReturnsNull" fullname="UnitySkills.Tests.Core.ValidateTests.SafePath_ValidAssetsPath_ReturnsNull" methodname="SafePath_ValidAssetsPath_ReturnsNull" classname="UnitySkills.Tests.Core.ValidateTests" runstate="Runnable" seed="1174514805" result="Passed" start-time="2026-08-01 14:16:00Z" end-time="2026-08-01 14:16:00Z" duration="0.000079" asserts="0">
                <properties>
                  <property name="retryIteration" value="0" />
                  <property name="repeatIteration" value="0" />
                </properties>
              </test-case>
              <test-case id="1287" name="SafePath_ValidPackagesPath_ReturnsNull" fullname="UnitySkills.Tests.Core.ValidateTests.SafePath_ValidPackagesPath_ReturnsNull" methodname="SafePath_ValidPackagesPath_ReturnsNull" classname="UnitySkills.Tests.Core.ValidateTests" runstate="Runnable" seed="1075992931" result="Passed" start-time="2026-08-01 14:16:00Z" end-time="2026-08-01 14:16:00Z" duration="0.000073" asserts="0">
                <properties>
                  <property name="retryIteration" value="0" />
                  <property name="repeatIteration" value="0" />
                </properties>
              </test-case>
              <test-case id="1297" name="WorkflowHistoryData_EnsureDefaults_PreservesSchemaAndInitializesCollections" fullname="UnitySkills.Tests.Core.ValidateTests.WorkflowHistoryData_EnsureDefaults_PreservesSchemaAndInitializesCollections" methodname="WorkflowHistoryData_EnsureDefaults_PreservesSchemaAndInitializesCollections" classname="UnitySkills.Tests.Core.ValidateTests" runstate="Runnable" seed="864451566" result="Passed" start-time="2026-08-01 14:16:00Z" end-time="2026-08-01 14:16:00Z" duration="0.000149" asserts="0">
                <properties>
                  <property name="retryIteration" value="0" />
                  <property name="repeatIteration" value="0" />
                </properties>
              </test-case>
            </test-suite>
            <test-suite type="TestFixture" id="1298" name="WorkflowBackupResilienceTests" fullname="UnitySkills.Tests.Core.WorkflowBackupResilienceTests" classname="UnitySkills.Tests.Core.WorkflowBackupResilienceTests" runstate="Runnable" testcasecount="4" result="Passed" start-time="2026-08-01 14:16:00Z" end-time="2026-08-01 14:16:01Z" duration="1.075819" total="4" passed="4" failed="0" inconclusive="0" skipped="0" asserts="0">
              <properties />
              <test-case id="1300" name="LoadHistory_CorruptMainFile_QuarantinesFileAndSuppressesGC" fullname="UnitySkills.Tests.Core.WorkflowBackupResilienceTests.LoadHistory_CorruptMainFile_QuarantinesFileAndSuppressesGC" methodname="LoadHistory_CorruptMainFile_QuarantinesFileAndSuppressesGC" classname="UnitySkills.Tests.Core.WorkflowBackupResilienceTests" runstate="Runnable" seed="533995860" result="Passed" start-time="2026-08-01 14:16:00Z" end-time="2026-08-01 14:16:00Z" duration="0.291096" asserts="0">
                <properties>
                  <property name="retryIteration" value="0" />
                  <property name="repeatIteration" value="0" />
                </properties>
              </test-case>
              <test-case id="1299" name="RecordingTask_UncommittedBlob_SurvivesTrim_BecauseInFlightTaskIsReferenced" fullname="UnitySkills.Tests.Core.WorkflowBackupResilienceTests.RecordingTask_UncommittedBlob_SurvivesTrim_BecauseInFlightTaskIsReferenced" methodname="RecordingTask_UncommittedBlob_SurvivesTrim_BecauseInFlightTaskIsReferenced" classname="UnitySkills.Tests.Core.WorkflowBackupResilienceTests" runstate="Runnable" seed="1752071054" result="Passed" start-time="2026-08-01 14:16:00Z" end-time="2026-08-01 14:16:00Z" duration="0.289886" asserts="0">
                <properties>
                  <property name="retryIteration" value="0" />
                  <property name="repeatIteration" value="0" />
                </properties>
              </test-case>
              <test-case id="1302" name="RestoreFile_TamperedBlob_ReturnsFalseAndQuarantinesTheBlob" fullname="UnitySkills.Tests.Core.WorkflowBackupResilienceTests.RestoreFile_TamperedBlob_ReturnsFalseAndQuarantinesTheBlob" methodname="RestoreFile_TamperedBlob_ReturnsFalseAndQuarantinesTheBlob" classname="UnitySkills.Tests.Core.WorkflowBackupResilienceTests" runstate="Runnable" seed="1779419928" result="Passed" start-time="2026-08-01 14:16:00Z" end-time="2026-08-01 14:16:01Z" duration="0.227119" asserts="0">
                <properties>
                  <property name="retryIteration" value="0" />
                  <property name="repeatIteration" value="0" />
                </properties>
              </test-case>
              <test-case id="1301" name="SaveHistory_PreviousMainFileIsKeptAsBak" fullname="UnitySkills.Tests.Core.WorkflowBackupResilienceTests.SaveHistory_PreviousMainFileIsKeptAsBak" methodname="SaveHistory_PreviousMainFileIsKeptAsBak" classname="UnitySkills.Tests.Core.WorkflowBackupResilienceTests" runstate="Runnable" seed="75504539" result="Passed" start-time="2026-08-01 14:16:01Z" end-time="2026-08-01 14:16:01Z" duration="0.242328" asserts="0">
                <properties>
                  <property name="retryIteration" value="0" />
                  <property name="repeatIteration" value="0" />
                </properties>
              </test-case>
            </test-suite>
            <test-suite type="TestFixture" id="1303" name="WorkflowBookmarkTests" fullname="UnitySkills.Tests.Core.WorkflowBookmarkTests" classname="UnitySkills.Tests.Core.WorkflowBookmarkTests" runstate="Runnable" testcasecount="1" result="Passed" start-time="2026-08-01 14:16:01Z" end-time="2026-08-01 14:16:01Z" duration="0.022259" total="1" passed="1" failed="0" inconclusive="0" skipped="0" asserts="0">
              <properties />
              <test-case id="1304" name="BookmarkSet_ThenBookmarkList_ReturnsCreatedBookmark" fullname="UnitySkills.Tests.Core.WorkflowBookmarkTests.BookmarkSet_ThenBookmarkList_ReturnsCreatedBookmark" methodname="BookmarkSet_ThenBookmarkList_ReturnsCreatedBookmark" classname="UnitySkills.Tests.Core.WorkflowBookmarkTests" runstate="Runnable" seed="742689031" result="Passed" start-time="2026-08-01 14:16:01Z" end-time="2026-08-01 14:16:01Z" duration="0.016434" asserts="0">
                <properties>
                  <property name="retryIteration" value="0" />
                  <property name="repeatIteration" value="0" />
                </properties>
              </test-case>
            </test-suite>
            <test-suite type="TestFixture" id="1305" name="WorkflowPersistenceTests" fullname="UnitySkills.Tests.Core.WorkflowPersistenceTests" classname="UnitySkills.Tests.Core.WorkflowPersistenceTests" runstate="Runnable" testcasecount="14" result="Passed" start-time="2026-08-01 14:16:01Z" end-time="2026-08-01 14:16:05Z" duration="4.290279" total="14" passed="14" failed="0" inconclusive="0" skipped="0" asserts="0">
              <properties />
              <test-case id="1318" name="AutoClean_AgeLimitDoesNotDeleteOldReferencedBlob" fullname="UnitySkills.Tests.Core.WorkflowPersistenceTests.AutoClean_AgeLimitDoesNotDeleteOldReferencedBlob" methodname="AutoClean_AgeLimitDoesNotDeleteOldReferencedBlob" classname="UnitySkills.Tests.Core.WorkflowPersistenceTests" runstate="Runnable" seed="633525398" result="Passed" start-time="2026-08-01 14:16:01Z" end-time="2026-08-01 14:16:01Z" duration="0.311090" asserts="0">
                <properties>
                  <property name="retryIteration" value="0" />
                  <property name="repeatIteration" value="0" />
                </properties>
                <output><![CDATA[<color=#E091FF>[UnitySkills]</color> Reclaimed 1 unreferenced store entries (5 B)
<color=#E091FF>[UnitySkills]</color> Trimmed 0 tasks, reclaimed 5 B from file store
]]></output>
              </test-case>
              <test-case id="1317" name="AutoClean_ZeroLimitsDoNotDeleteReferencedBlob" fullname="UnitySkills.Tests.Core.WorkflowPersistenceTests.AutoClean_ZeroLimitsDoNotDeleteReferencedBlob" methodname="AutoClean_ZeroLimitsDoNotDeleteReferencedBlob" classname="UnitySkills.Tests.Core.WorkflowPersistenceTests" runstate="Runnable" seed="145029855" result="Passed" start-time="2026-08-01 14:16:01Z" end-time="2026-08-01 14:16:02Z" duration="0.290887" asserts="0">
                <properties>
                  <property name="retryIteration" value="0" />
                  <property name="repeatIteration" value="0" />
                </properties>
              </test-case>
              <test-case id="1311" name="CreatedComponent_UndoTargetsExactInstanceWhenTypeIsDuplicated" fullname="UnitySkills.Tests.Core.WorkflowPersistenceTests.CreatedComponent_UndoTargetsExactInstanceWhenTypeIsDuplicated" methodname="CreatedComponent_UndoTargetsExactInstanceWhenTypeIsDuplicated" classname="UnitySkills.Tests.Core.WorkflowPersistenceTests" runstate="Runnable" seed="1944910898" result="Passed" start-time="2026-08-01 14:16:02Z" end-time="2026-08-01 14:16:02Z" duration="0.271436" asserts="0">
                <properties>
                  <property name="retryIteration" value="0" />
                  <property name="repeatIteration" value="0" />
                </properties>
              </test-case>
              <test-case id="1306" name="FileStore_UsesIndependentMetaHashes" fullname="UnitySkills.Tests.Core.WorkflowPersistenceTests.FileStore_UsesIndependentMetaHashes" methodname="FileStore_UsesIndependentMetaHashes" classname="UnitySkills.Tests.Core.WorkflowPersistenceTests" runstate="Runnable" seed="719820377" result="Passed" start-time="2026-08-01 14:16:02Z" end-time="2026-08-01 14:16:02Z" duration="0.304747" asserts="0">
                <properties>
                  <property name="retryIteration" value="0" />
                  <property name="repeatIteration" value="0" />
                </properties>
              </test-case>
              <test-case id="1315" name="LegacyBase64_LoadMigratesBlobAndClearsInlinePayload" fullname="UnitySkills.Tests.Core.WorkflowPersistenceTests.LegacyBase64_LoadMigratesBlobAndClearsInlinePayload" methodname="LegacyBase64_LoadMigratesBlobAndClearsInlinePayload" classname="UnitySkills.Tests.Core.WorkflowPersistenceTests" runstate="Runnable" seed="1455339213" result="Passed" start-time="2026-08-01 14:16:02Z" end-time="2026-08-01 14:16:02Z" duration="0.230849" asserts="0">
                <properties>
                  <property name="retryIteration" value="0" />
                  <property name="repeatIteration" value="0" />
                </properties>
              </test-case>
              <test-case id="1310" name="ModifiedComponent_UndoRedo_PreservesSceneObjectReferences" fullname="UnitySkills.Tests.Core.WorkflowPersistenceTests.ModifiedComponent_UndoRedo_PreservesSceneObjectReferences" methodname="ModifiedComponent_UndoRedo_PreservesSceneObjectReferences" classname="UnitySkills.Tests.Core.WorkflowPersistenceTests" runstate="Runnable" seed="4366806" result="Passed" start-time="2026-08-01 14:16:02Z" end-time="2026-08-01 14:16:03Z" duration="0.223251" asserts="0">
                <properties>
                  <property name="retryIteration" value="0" />
                  <property name="repeatIteration" value="0" />
                </properties>
              </test-case>
              <test-case id="1307" name="NonEmptyFolder_DeleteUndoRedo_RestoresContentsAndMeta" fullname="UnitySkills.Tests.Core.WorkflowPersistenceTests.NonEmptyFolder_DeleteUndoRedo_RestoresContentsAndMeta" methodname="NonEmptyFolder_DeleteUndoRedo_RestoresContentsAndMeta" classname="UnitySkills.Tests.Core.WorkflowPersistenceTests" runstate="Runnable" seed="69253754" result="Passed" start-time="2026-08-01 14:16:03Z" end-time="2026-08-01 14:16:03Z" duration="0.535584" asserts="0">
                <properties>
                  <property name="retryIteration" value="0" />
                  <property name="repeatIteration" value="0" />
                </properties>
              </test-case>
              <test-case id="1314" name="RouterLogicalFailure_AbortsWorkflowAndRevertsMutationGroup" fullname="UnitySkills.Tests.Core.WorkflowPersistenceTests.RouterLogicalFailure_AbortsWorkflowAndRevertsMutationGroup" methodname="RouterLogicalFailure_AbortsWorkflowAndRevertsMutationGroup" classname="UnitySkills.Tests.Core.WorkflowPersistenceTests" runstate="Runnable" seed="1163424554" result="Passed" start-time="2026-08-01 14:16:03Z" end-time="2026-08-01 14:16:03Z" duration="0.302085" asserts="0">
                <properties>
                  <property name="retryIteration" value="0" />
                  <property name="repeatIteration" value="0" />
                </properties>
              </test-case>
              <test-case id="1309" name="SceneComponent_DeleteUndoRedo_RestoresSerializedState" fullname="UnitySkills.Tests.Core.WorkflowPersistenceTests.SceneComponent_DeleteUndoRedo_RestoresSerializedState" methodname="SceneComponent_DeleteUndoRedo_RestoresSerializedState" classname="UnitySkills.Tests.Core.WorkflowPersistenceTests" runstate="Runnable" seed="613505768" result="Passed" start-time="2026-08-01 14:16:03Z" end-time="2026-08-01 14:16:04Z" duration="0.239366" asserts="0">
                <properties>
                  <property name="retryIteration" value="0" />
                  <property name="repeatIteration" value="0" />
                </properties>
              </test-case>
              <test-case id="1308" name="SceneGameObject_DeleteUndoRedo_RestoresHierarchyAndComponents" fullname="UnitySkills.Tests.Core.WorkflowPersistenceTests.SceneGameObject_DeleteUndoRedo_RestoresHierarchyAndComponents" methodname="SceneGameObject_DeleteUndoRedo_RestoresHierarchyAndComponents" classname="UnitySkills.Tests.Core.WorkflowPersistenceTests" runstate="Runnable" seed="841982689" result="Passed" start-time="2026-08-01 14:16:04Z" end-time="2026-08-01 14:16:04Z" duration="0.235579" asserts="0">
                <properties>
                  <property name="retryIteration" value="0" />
                  <property name="repeatIteration" value="0" />
                </properties>
              </test-case>
              <test-case id="1319" name="Schema_RequiresInputMatchingStringParameter_IsRequired" fullname="UnitySkills.Tests.Core.WorkflowPersistenceTests.Schema_RequiresInputMatchingStringParameter_IsRequired" methodname="Schema_RequiresInputMatchingStringParameter_IsRequired" classname="UnitySkills.Tests.Core.WorkflowPersistenceTests" runstate="Runnable" seed="2092001427" result="Passed" start-time="2026-08-01 14:16:04Z" end-time="2026-08-01 14:16:04Z" duration="0.246195" asserts="0">
                <properties>
                  <property name="retryIteration" value="0" />
                  <property name="repeatIteration" value="0" />
                </properties>
              </test-case>
              <test-case id="1316" name="Schema3_LoadMigratesLegacyMetaSidecarToIndependentBlob" fullname="UnitySkills.Tests.Core.WorkflowPersistenceTests.Schema3_LoadMigratesLegacyMetaSidecarToIndependentBlob" methodname="Schema3_LoadMigratesLegacyMetaSidecarToIndependentBlob" classname="UnitySkills.Tests.Core.WorkflowPersistenceTests" runstate="Runnable" seed="487714752" result="Passed" start-time="2026-08-01 14:16:04Z" end-time="2026-08-01 14:16:04Z" duration="0.312746" asserts="0">
                <properties>
                  <property name="retryIteration" value="0" />
                  <property name="repeatIteration" value="0" />
                </properties>
              </test-case>
              <test-case id="1312" name="SnapshotSequence_PreservesMoveChainInsteadOfOverwriting" fullname="UnitySkills.Tests.Core.WorkflowPersistenceTests.SnapshotSequence_PreservesMoveChainInsteadOfOverwriting" methodname="SnapshotSequence_PreservesMoveChainInsteadOfOverwriting" classname="UnitySkills.Tests.Core.WorkflowPersistenceTests" runstate="Runnable" seed="23451265" result="Passed" start-time="2026-08-01 14:16:04Z" end-time="2026-08-01 14:16:05Z" duration="0.565835" asserts="0">
                <properties>
                  <property name="retryIteration" value="0" />
                  <property name="repeatIteration" value="0" />
                </properties>
              </test-case>
              <test-case id="1313" name="UndoPartialFailure_SplitsSucceededAndRetryableSnapshotsAcrossStacks" fullname="UnitySkills.Tests.Core.WorkflowPersistenceTests.UndoPartialFailure_SplitsSucceededAndRetryableSnapshotsAcrossStacks" methodname="UndoPartialFailure_SplitsSucceededAndRetryableSnapshotsAcrossStacks" classname="UnitySkills.Tests.Core.WorkflowPersistenceTests" runstate="Runnable" seed="1003855590" result="Passed" start-time="2026-08-01 14:16:05Z" end-time="2026-08-01 14:16:05Z" duration="0.216118" asserts="0">
                <properties>
                  <property name="retryIteration" value="0" />
                  <property name="repeatIteration" value="0" />
                </properties>
                <output><![CDATA[Saving results to: C:/Users/1/AppData/LocalLow/Metro Simulation Lab/Metro Station 3D Replay\TestResults.xml
]]></output>
              </test-case>
            </test-suite>
          </test-suite>
        </test-suite>
      </test-suite>
    </test-suite>
  </test-suite>
</test-run>